<?xml version="1.0" encoding="UTF-8" standalone="no"?>
<!DOCTYPE log SYSTEM "logger.dtd">
<log>
<record>
  <date>2019-01-13T11:27:05</date>
  <millis>1547371625609</millis>
  <sequence>0</sequence>
  <level>START</level>
  <class>com.kms.katalon.core.logging.XmlKeywordLogger</class>
  <method>startSuite</method>
  <thread>1</thread>
  <message>Start Test Suite : Test Suites/TS_Orange_JobTitles</message>
  <nestedLevel>0</nestedLevel>
  <property name="name">TS_Orange_JobTitles</property>
  <property name="description"></property>
  <property name="id">Test Suites/TS_Orange_JobTitles</property>
</record>
<record>
  <date>2019-01-13T11:27:05</date>
  <millis>1547371625641</millis>
  <sequence>1</sequence>
  <level>RUN_DATA</level>
  <class>com.kms.katalon.core.logging.XmlKeywordLogger</class>
  <method>logMessage</method>
  <thread>1</thread>
  <message>hostName = Ebtehal Gamal Yusuf - LPALXY0199.ejadaalex.local</message>
  <nestedLevel>0</nestedLevel>
  <property name="hostName">Ebtehal Gamal Yusuf - LPALXY0199.ejadaalex.local</property>
</record>
<record>
  <date>2019-01-13T11:27:05</date>
  <millis>1547371625643</millis>
  <sequence>2</sequence>
  <level>RUN_DATA</level>
  <class>com.kms.katalon.core.logging.XmlKeywordLogger</class>
  <method>logMessage</method>
  <thread>1</thread>
  <message>os = Windows 7 64bit</message>
  <nestedLevel>0</nestedLevel>
  <property name="os">Windows 7 64bit</property>
</record>
<record>
  <date>2019-01-13T11:27:05</date>
  <millis>1547371625644</millis>
  <sequence>3</sequence>
  <level>RUN_DATA</level>
  <class>com.kms.katalon.core.logging.XmlKeywordLogger</class>
  <method>logMessage</method>
  <thread>1</thread>
  <message>hostAddress = 192.168.3.51</message>
  <nestedLevel>0</nestedLevel>
  <property name="hostAddress">192.168.3.51</property>
</record>
<record>
  <date>2019-01-13T11:27:05</date>
  <millis>1547371625647</millis>
  <sequence>4</sequence>
  <level>RUN_DATA</level>
  <class>com.kms.katalon.core.logging.XmlKeywordLogger</class>
  <method>logMessage</method>
  <thread>1</thread>
  <message>katalonVersion = 5.10.1.1</message>
  <nestedLevel>0</nestedLevel>
  <property name="katalonVersion">5.10.1.1</property>
</record>
<record>
  <date>2019-01-13T11:27:06</date>
  <millis>1547371626148</millis>
  <sequence>5</sequence>
  <level>START</level>
  <class>com.kms.katalon.core.logging.XmlKeywordLogger</class>
  <method>startTest</method>
  <thread>1</thread>
  <message>Start Test Case : Test Cases/Orange_Website/Login Screen</message>
  <nestedLevel>1</nestedLevel>
  <property name="name">Test Cases/Orange_Website/Login Screen</property>
  <property name="description"></property>
  <property name="id">Test Cases/Orange_Website/Login Screen</property>
  <property name="source">C:\\Users\\Administrator\\git\\Training_1\\Test Cases\\Orange_Website\\Login Screen.tc</property>
  <property name="isOptional">false</property>
</record>
<record>
  <date>2019-01-13T11:27:06</date>
  <millis>1547371626750</millis>
  <sequence>7</sequence>
  <level>START</level>
  <class>com.kms.katalon.core.logging.XmlKeywordLogger</class>
  <method>startKeyword</method>
  <thread>1</thread>
  <message>Start action : openBrowser(\&amp;quot;https://opensource-demo.orangehrmlive.com/index.php/auth/login\&amp;quot;)</message>
  <nestedLevel>1</nestedLevel>
  <property name="startLine">16</property>
  <property name="stepIndex">1</property>
</record>
<record>
  <date>2019-01-13T11:27:07</date>
  <millis>1547371627425</millis>
  <sequence>9</sequence>
  <level>INFO</level>
  <class>com.kms.katalon.core.logging.XmlKeywordLogger</class>
  <method>logMessage</method>
  <thread>1</thread>
  <message>Starting &amp;apos;Chrome&amp;apos; driver</message>
  <nestedLevel>1</nestedLevel>
</record>
<record>
  <date>2019-01-13T11:27:07</date>
  <millis>1547371627498</millis>
  <sequence>10</sequence>
  <level>INFO</level>
  <class>com.kms.katalon.core.logging.XmlKeywordLogger</class>
  <method>logMessage</method>
  <thread>1</thread>
  <message>Action delay is set to 0 seconds</message>
  <nestedLevel>1</nestedLevel>
</record>
<record>
  <date>2019-01-13T11:27:16</date>
  <millis>1547371636532</millis>
  <sequence>12</sequence>
  <level>RUN_DATA</level>
  <class>com.kms.katalon.core.logging.XmlKeywordLogger</class>
  <method>logMessage</method>
  <thread>1</thread>
  <message>sessionId = 8b2b2d403abba7a61ccbddb431acdbe9</message>
  <nestedLevel>1</nestedLevel>
  <property name="sessionId">8b2b2d403abba7a61ccbddb431acdbe9</property>
</record>
<record>
  <date>2019-01-13T11:27:16</date>
  <millis>1547371636560</millis>
  <sequence>13</sequence>
  <level>RUN_DATA</level>
  <class>com.kms.katalon.core.logging.XmlKeywordLogger</class>
  <method>logMessage</method>
  <thread>1</thread>
  <message>browser = Chrome 71.0.3578.98</message>
  <nestedLevel>1</nestedLevel>
  <property name="browser">Chrome 71.0.3578.98</property>
</record>
<record>
  <date>2019-01-13T11:27:16</date>
  <millis>1547371636561</millis>
  <sequence>14</sequence>
  <level>RUN_DATA</level>
  <class>com.kms.katalon.core.logging.XmlKeywordLogger</class>
  <method>logMessage</method>
  <thread>1</thread>
  <message>platform = Windows 7</message>
  <nestedLevel>1</nestedLevel>
  <property name="platform">Windows 7</property>
</record>
<record>
  <date>2019-01-13T11:27:16</date>
  <millis>1547371636566</millis>
  <sequence>15</sequence>
  <level>RUN_DATA</level>
  <class>com.kms.katalon.core.logging.XmlKeywordLogger</class>
  <method>logMessage</method>
  <thread>1</thread>
  <message>seleniumVersion = 3.7.1</message>
  <nestedLevel>1</nestedLevel>
  <property name="seleniumVersion">3.7.1</property>
</record>
<record>
  <date>2019-01-13T11:27:16</date>
  <millis>1547371636569</millis>
  <sequence>16</sequence>
  <level>RUN_DATA</level>
  <class>com.kms.katalon.core.logging.XmlKeywordLogger</class>
  <method>logMessage</method>
  <thread>1</thread>
  <message>proxyInformation = ProxyInformation{proxyOption=NO_PROXY, proxyServerType=HTTP, password=, proxyServerAddress=, proxyServerPort=0}</message>
  <nestedLevel>1</nestedLevel>
  <property name="proxyInformation">ProxyInformation{proxyOption=NO_PROXY, proxyServerType=HTTP, password=, proxyServerAddress=, proxyServerPort=0}</property>
</record>
<record>
  <date>2019-01-13T11:27:27</date>
  <millis>1547371647353</millis>
  <sequence>18</sequence>
  <level>PASSED</level>
  <class>com.kms.katalon.core.logging.XmlKeywordLogger</class>
  <method>logMessage</method>
  <thread>1</thread>
  <message>Browser is opened with url: &amp;apos;https://opensource-demo.orangehrmlive.com/index.php/auth/login&amp;apos;</message>
  <nestedLevel>1</nestedLevel>
</record>
<record>
  <date>2019-01-13T11:27:27</date>
  <millis>1547371647357</millis>
  <sequence>19</sequence>
  <level>END</level>
  <class>com.kms.katalon.core.logging.XmlKeywordLogger</class>
  <method>endKeyword</method>
  <thread>1</thread>
  <message>End action : openBrowser(\&amp;quot;https://opensource-demo.orangehrmlive.com/index.php/auth/login\&amp;quot;)</message>
  <nestedLevel>1</nestedLevel>
</record>
<record>
  <date>2019-01-13T11:27:27</date>
  <millis>1547371647357</millis>
  <sequence>20</sequence>
  <level>START</level>
  <class>com.kms.katalon.core.logging.XmlKeywordLogger</class>
  <method>startKeyword</method>
  <thread>1</thread>
  <message>Start action : setText(findTestObject(\&amp;quot;Orange/Login/Username\&amp;quot;), \&amp;quot;Admin\&amp;quot;)</message>
  <nestedLevel>1</nestedLevel>
  <property name="startLine">18</property>
  <property name="stepIndex">2</property>
</record>
<record>
  <date>2019-01-13T11:27:27</date>
  <millis>1547371647756</millis>
  <sequence>32</sequence>
  <level>PASSED</level>
  <class>com.kms.katalon.core.logging.XmlKeywordLogger</class>
  <method>logMessage</method>
  <thread>1</thread>
  <message>Text &amp;apos;Admin&amp;apos; is set on object &amp;apos;Object Repository/Orange/Login/Username&amp;apos;</message>
  <nestedLevel>1</nestedLevel>
</record>
<record>
  <date>2019-01-13T11:27:27</date>
  <millis>1547371647757</millis>
  <sequence>33</sequence>
  <level>END</level>
  <class>com.kms.katalon.core.logging.XmlKeywordLogger</class>
  <method>endKeyword</method>
  <thread>1</thread>
  <message>End action : setText(findTestObject(\&amp;quot;Orange/Login/Username\&amp;quot;), \&amp;quot;Admin\&amp;quot;)</message>
  <nestedLevel>1</nestedLevel>
</record>
<record>
  <date>2019-01-13T11:27:27</date>
  <millis>1547371647757</millis>
  <sequence>34</sequence>
  <level>START</level>
  <class>com.kms.katalon.core.logging.XmlKeywordLogger</class>
  <method>startKeyword</method>
  <thread>1</thread>
  <message>Start action : setText(findTestObject(\&amp;quot;Orange/Login/Password\&amp;quot;), \&amp;quot;admin123\&amp;quot;)</message>
  <nestedLevel>1</nestedLevel>
  <property name="startLine">20</property>
  <property name="stepIndex">3</property>
</record>
<record>
  <date>2019-01-13T11:27:27</date>
  <millis>1547371647906</millis>
  <sequence>46</sequence>
  <level>PASSED</level>
  <class>com.kms.katalon.core.logging.XmlKeywordLogger</class>
  <method>logMessage</method>
  <thread>1</thread>
  <message>Text &amp;apos;admin123&amp;apos; is set on object &amp;apos;Object Repository/Orange/Login/Password&amp;apos;</message>
  <nestedLevel>1</nestedLevel>
</record>
<record>
  <date>2019-01-13T11:27:27</date>
  <millis>1547371647906</millis>
  <sequence>47</sequence>
  <level>END</level>
  <class>com.kms.katalon.core.logging.XmlKeywordLogger</class>
  <method>endKeyword</method>
  <thread>1</thread>
  <message>End action : setText(findTestObject(\&amp;quot;Orange/Login/Password\&amp;quot;), \&amp;quot;admin123\&amp;quot;)</message>
  <nestedLevel>1</nestedLevel>
</record>
<record>
  <date>2019-01-13T11:27:27</date>
  <millis>1547371647907</millis>
  <sequence>48</sequence>
  <level>START</level>
  <class>com.kms.katalon.core.logging.XmlKeywordLogger</class>
  <method>startKeyword</method>
  <thread>1</thread>
  <message>Start action : click(findTestObject(\&amp;quot;Orange/Login/Login\&amp;quot;))</message>
  <nestedLevel>1</nestedLevel>
  <property name="startLine">22</property>
  <property name="stepIndex">4</property>
</record>
<record>
  <date>2019-01-13T11:27:35</date>
  <millis>1547371655469</millis>
  <sequence>55</sequence>
  <level>PASSED</level>
  <class>com.kms.katalon.core.logging.XmlKeywordLogger</class>
  <method>logMessage</method>
  <thread>1</thread>
  <message>Object: &amp;apos;Object Repository/Orange/Login/Login&amp;apos; is clicked on</message>
  <nestedLevel>1</nestedLevel>
</record>
<record>
  <date>2019-01-13T11:27:35</date>
  <millis>1547371655469</millis>
  <sequence>56</sequence>
  <level>END</level>
  <class>com.kms.katalon.core.logging.XmlKeywordLogger</class>
  <method>endKeyword</method>
  <thread>1</thread>
  <message>End action : click(findTestObject(\&amp;quot;Orange/Login/Login\&amp;quot;))</message>
  <nestedLevel>1</nestedLevel>
</record>
<record>
  <date>2019-01-13T11:27:35</date>
  <millis>1547371655470</millis>
  <sequence>57</sequence>
  <level>PASSED</level>
  <class>com.kms.katalon.core.logging.XmlKeywordLogger</class>
  <method>logMessage</method>
  <thread>1</thread>
  <message>Test Cases/Orange_Website/Login Screen</message>
  <nestedLevel>1</nestedLevel>
</record>
<record>
  <date>2019-01-13T11:27:35</date>
  <millis>1547371655470</millis>
  <sequence>58</sequence>
  <level>END</level>
  <class>com.kms.katalon.core.logging.XmlKeywordLogger</class>
  <method>endTest</method>
  <thread>1</thread>
  <message>End Test Case : Test Cases/Orange_Website/Login Screen</message>
  <nestedLevel>0</nestedLevel>
</record>
<record>
  <date>2019-01-13T11:27:35</date>
  <millis>1547371655489</millis>
  <sequence>59</sequence>
  <level>START</level>
  <class>com.kms.katalon.core.logging.XmlKeywordLogger</class>
  <method>startTest</method>
  <thread>1</thread>
  <message>Start Test Case : Test Cases/Orange_Website/JobTitles_Screen2_TEST</message>
  <nestedLevel>1</nestedLevel>
  <property name="name">Test Cases/Orange_Website/JobTitles_Screen2_TEST</property>
  <property name="description"></property>
  <property name="id">Test Cases/Orange_Website/JobTitles_Screen2_TEST</property>
  <property name="source">C:\\Users\\Administrator\\git\\Training_1\\Test Cases\\Orange_Website\\JobTitles_Screen2_TEST.tc</property>
  <property name="isOptional">false</property>
</record>
<record>
  <date>2019-01-13T11:27:35</date>
  <millis>1547371655985</millis>
  <sequence>61</sequence>
  <level>START</level>
  <class>com.kms.katalon.core.logging.XmlKeywordLogger</class>
  <method>startKeyword</method>
  <thread>1</thread>
  <message>Start action : click(findTestObject(\&amp;quot;Orange/Navigation/MNULST_Admin\&amp;quot;))</message>
  <nestedLevel>1</nestedLevel>
  <property name="startLine">20</property>
  <property name="stepIndex">1</property>
</record>
<record>
  <date>2019-01-13T11:27:39</date>
  <millis>1547371659153</millis>
  <sequence>68</sequence>
  <level>PASSED</level>
  <class>com.kms.katalon.core.logging.XmlKeywordLogger</class>
  <method>logMessage</method>
  <thread>1</thread>
  <message>Object: &amp;apos;Object Repository/Orange/Navigation/MNULST_Admin&amp;apos; is clicked on</message>
  <nestedLevel>1</nestedLevel>
</record>
<record>
  <date>2019-01-13T11:27:39</date>
  <millis>1547371659155</millis>
  <sequence>69</sequence>
  <level>END</level>
  <class>com.kms.katalon.core.logging.XmlKeywordLogger</class>
  <method>endKeyword</method>
  <thread>1</thread>
  <message>End action : click(findTestObject(\&amp;quot;Orange/Navigation/MNULST_Admin\&amp;quot;))</message>
  <nestedLevel>1</nestedLevel>
</record>
<record>
  <date>2019-01-13T11:27:39</date>
  <millis>1547371659156</millis>
  <sequence>70</sequence>
  <level>START</level>
  <class>com.kms.katalon.core.logging.XmlKeywordLogger</class>
  <method>startKeyword</method>
  <thread>1</thread>
  <message>Start action : click(findTestObject(\&amp;quot;Orange/Navigation/MNUITM_Job\&amp;quot;))</message>
  <nestedLevel>1</nestedLevel>
  <property name="startLine">22</property>
  <property name="stepIndex">2</property>
</record>
<record>
  <date>2019-01-13T11:27:39</date>
  <millis>1547371659284</millis>
  <sequence>77</sequence>
  <level>PASSED</level>
  <class>com.kms.katalon.core.logging.XmlKeywordLogger</class>
  <method>logMessage</method>
  <thread>1</thread>
  <message>Object: &amp;apos;Object Repository/Orange/Navigation/MNUITM_Job&amp;apos; is clicked on</message>
  <nestedLevel>1</nestedLevel>
</record>
<record>
  <date>2019-01-13T11:27:39</date>
  <millis>1547371659285</millis>
  <sequence>78</sequence>
  <level>END</level>
  <class>com.kms.katalon.core.logging.XmlKeywordLogger</class>
  <method>endKeyword</method>
  <thread>1</thread>
  <message>End action : click(findTestObject(\&amp;quot;Orange/Navigation/MNUITM_Job\&amp;quot;))</message>
  <nestedLevel>1</nestedLevel>
</record>
<record>
  <date>2019-01-13T11:27:39</date>
  <millis>1547371659285</millis>
  <sequence>79</sequence>
  <level>START</level>
  <class>com.kms.katalon.core.logging.XmlKeywordLogger</class>
  <method>startKeyword</method>
  <thread>1</thread>
  <message>Start action : click(findTestObject(\&amp;quot;Orange/Navigation/MNUITM_JobTitles\&amp;quot;))</message>
  <nestedLevel>1</nestedLevel>
  <property name="startLine">24</property>
  <property name="stepIndex">3</property>
</record>
<record>
  <date>2019-01-13T11:27:41</date>
  <millis>1547371661293</millis>
  <sequence>86</sequence>
  <level>PASSED</level>
  <class>com.kms.katalon.core.logging.XmlKeywordLogger</class>
  <method>logMessage</method>
  <thread>1</thread>
  <message>Object: &amp;apos;Object Repository/Orange/Navigation/MNUITM_JobTitles&amp;apos; is clicked on</message>
  <nestedLevel>1</nestedLevel>
</record>
<record>
  <date>2019-01-13T11:27:41</date>
  <millis>1547371661295</millis>
  <sequence>87</sequence>
  <level>END</level>
  <class>com.kms.katalon.core.logging.XmlKeywordLogger</class>
  <method>endKeyword</method>
  <thread>1</thread>
  <message>End action : click(findTestObject(\&amp;quot;Orange/Navigation/MNUITM_JobTitles\&amp;quot;))</message>
  <nestedLevel>1</nestedLevel>
</record>
<record>
  <date>2019-01-13T11:27:41</date>
  <millis>1547371661296</millis>
  <sequence>88</sequence>
  <level>START</level>
  <class>com.kms.katalon.core.logging.XmlKeywordLogger</class>
  <method>startKeyword</method>
  <thread>1</thread>
  <message>Start action : driver = getWebDriver()</message>
  <nestedLevel>1</nestedLevel>
  <property name="startLine">25</property>
  <property name="stepIndex">4</property>
</record>
<record>
  <date>2019-01-13T11:27:41</date>
  <millis>1547371661323</millis>
  <sequence>89</sequence>
  <level>END</level>
  <class>com.kms.katalon.core.logging.XmlKeywordLogger</class>
  <method>endKeyword</method>
  <thread>1</thread>
  <message>End action : driver = getWebDriver()</message>
  <nestedLevel>1</nestedLevel>
</record>
<record>
  <date>2019-01-13T11:27:41</date>
  <millis>1547371661323</millis>
  <sequence>90</sequence>
  <level>START</level>
  <class>com.kms.katalon.core.logging.XmlKeywordLogger</class>
  <method>startKeyword</method>
  <thread>1</thread>
  <message>Start action : ExpectedValues = [\&amp;quot;Account Clerk\&amp;quot;, \&amp;quot;test test\&amp;quot;]</message>
  <nestedLevel>1</nestedLevel>
  <property name="startLine">27</property>
  <property name="stepIndex">5</property>
  <property name="description">Expected value from Table</property>
</record>
<record>
  <date>2019-01-13T11:27:41</date>
  <millis>1547371661325</millis>
  <sequence>91</sequence>
  <level>END</level>
  <class>com.kms.katalon.core.logging.XmlKeywordLogger</class>
  <method>endKeyword</method>
  <thread>1</thread>
  <message>End action : ExpectedValues = [\&amp;quot;Account Clerk\&amp;quot;, \&amp;quot;test test\&amp;quot;]</message>
  <nestedLevel>1</nestedLevel>
</record>
<record>
  <date>2019-01-13T11:27:41</date>
  <millis>1547371661328</millis>
  <sequence>92</sequence>
  <level>START</level>
  <class>com.kms.katalon.core.logging.XmlKeywordLogger</class>
  <method>startKeyword</method>
  <thread>1</thread>
  <message>Start action : Columns_row = &amp;lt;not implemented yet for class: org.codehaus.groovy.ast.expr.EmptyExpression&amp;gt;</message>
  <nestedLevel>1</nestedLevel>
  <property name="startLine">28</property>
  <property name="stepIndex">6</property>
</record>
<record>
  <date>2019-01-13T11:27:41</date>
  <millis>1547371661330</millis>
  <sequence>93</sequence>
  <level>END</level>
  <class>com.kms.katalon.core.logging.XmlKeywordLogger</class>
  <method>endKeyword</method>
  <thread>1</thread>
  <message>End action : Columns_row = &amp;lt;not implemented yet for class: org.codehaus.groovy.ast.expr.EmptyExpression&amp;gt;</message>
  <nestedLevel>1</nestedLevel>
</record>
<record>
  <date>2019-01-13T11:27:41</date>
  <millis>1547371661330</millis>
  <sequence>94</sequence>
  <level>START</level>
  <class>com.kms.katalon.core.logging.XmlKeywordLogger</class>
  <method>startKeyword</method>
  <thread>1</thread>
  <message>Start action : Table = driver.findElement(By.id(\&amp;quot;resultTable\&amp;quot;))</message>
  <nestedLevel>1</nestedLevel>
  <property name="startLine">30</property>
  <property name="stepIndex">7</property>
  <property name="description">To locate table</property>
</record>
<record>
  <date>2019-01-13T11:27:41</date>
  <millis>1547371661437</millis>
  <sequence>95</sequence>
  <level>END</level>
  <class>com.kms.katalon.core.logging.XmlKeywordLogger</class>
  <method>endKeyword</method>
  <thread>1</thread>
  <message>End action : Table = driver.findElement(By.id(\&amp;quot;resultTable\&amp;quot;))</message>
  <nestedLevel>1</nestedLevel>
</record>
<record>
  <date>2019-01-13T11:27:41</date>
  <millis>1547371661439</millis>
  <sequence>96</sequence>
  <level>START</level>
  <class>com.kms.katalon.core.logging.XmlKeywordLogger</class>
  <method>startKeyword</method>
  <thread>1</thread>
  <message>Start action : rows_table = Table.findElements(By.tagName(\&amp;quot;tr\&amp;quot;))</message>
  <nestedLevel>1</nestedLevel>
  <property name="startLine">32</property>
  <property name="stepIndex">8</property>
  <property name="description">To locate rows of table it will Capture all the rows available in the table</property>
</record>
<record>
  <date>2019-01-13T11:27:41</date>
  <millis>1547371661477</millis>
  <sequence>97</sequence>
  <level>END</level>
  <class>com.kms.katalon.core.logging.XmlKeywordLogger</class>
  <method>endKeyword</method>
  <thread>1</thread>
  <message>End action : rows_table = Table.findElements(By.tagName(\&amp;quot;tr\&amp;quot;))</message>
  <nestedLevel>1</nestedLevel>
</record>
<record>
  <date>2019-01-13T11:27:41</date>
  <millis>1547371661480</millis>
  <sequence>98</sequence>
  <level>START</level>
  <class>com.kms.katalon.core.logging.XmlKeywordLogger</class>
  <method>startKeyword</method>
  <thread>1</thread>
  <message>Start action : rows_count = rows_table.size()</message>
  <nestedLevel>1</nestedLevel>
  <property name="startLine">34</property>
  <property name="stepIndex">9</property>
  <property name="description">To calculate no of rows In table</property>
</record>
<record>
  <date>2019-01-13T11:27:41</date>
  <millis>1547371661481</millis>
  <sequence>99</sequence>
  <level>END</level>
  <class>com.kms.katalon.core.logging.XmlKeywordLogger</class>
  <method>endKeyword</method>
  <thread>1</thread>
  <message>End action : rows_count = rows_table.size()</message>
  <nestedLevel>1</nestedLevel>
</record>
<record>
  <date>2019-01-13T11:27:41</date>
  <millis>1547371661481</millis>
  <sequence>100</sequence>
  <level>START</level>
  <class>com.kms.katalon.core.logging.XmlKeywordLogger</class>
  <method>startKeyword</method>
  <thread>1</thread>
  <message>Start action : for ([row = 1, row &amp;lt; rows_count, (row++)])</message>
  <nestedLevel>1</nestedLevel>
  <property name="startLine">37</property>
  <property name="stepIndex">10</property>
  <property name="description">Loop will execute for all the rows of the table</property>
</record>
<record>
  <date>2019-01-13T11:27:41</date>
  <millis>1547371661481</millis>
  <sequence>101</sequence>
  <level>START</level>
  <class>com.kms.katalon.core.logging.XmlKeywordLogger</class>
  <method>startKeyword</method>
  <thread>1</thread>
  <message>Start action : Columns_row = get(row).findElements(By.tagName(\&amp;quot;td\&amp;quot;))</message>
  <nestedLevel>2</nestedLevel>
  <property name="startLine">39</property>
  <property name="stepIndex">1</property>
  <property name="description">To locate columns(cells) of that specific row</property>
</record>
<record>
  <date>2019-01-13T11:27:41</date>
  <millis>1547371661514</millis>
  <sequence>102</sequence>
  <level>END</level>
  <class>com.kms.katalon.core.logging.XmlKeywordLogger</class>
  <method>endKeyword</method>
  <thread>1</thread>
  <message>End action : Columns_row = get(row).findElements(By.tagName(\&amp;quot;td\&amp;quot;))</message>
  <nestedLevel>2</nestedLevel>
</record>
<record>
  <date>2019-01-13T11:27:41</date>
  <millis>1547371661517</millis>
  <sequence>103</sequence>
  <level>START</level>
  <class>com.kms.katalon.core.logging.XmlKeywordLogger</class>
  <method>startKeyword</method>
  <thread>1</thread>
  <message>Start action : columns_count = Columns_row.size()</message>
  <nestedLevel>2</nestedLevel>
  <property name="startLine">43</property>
  <property name="stepIndex">2</property>
  <property name="description">To calculate no of columns(cells) In that specific row</property>
</record>
<record>
  <date>2019-01-13T11:27:41</date>
  <millis>1547371661519</millis>
  <sequence>104</sequence>
  <level>END</level>
  <class>com.kms.katalon.core.logging.XmlKeywordLogger</class>
  <method>endKeyword</method>
  <thread>1</thread>
  <message>End action : columns_count = Columns_row.size()</message>
  <nestedLevel>2</nestedLevel>
</record>
<record>
  <date>2019-01-13T11:27:41</date>
  <millis>1547371661519</millis>
  <sequence>105</sequence>
  <level>START</level>
  <class>com.kms.katalon.core.logging.XmlKeywordLogger</class>
  <method>startKeyword</method>
  <thread>1</thread>
  <message>Start action : if (get(1).getText() == \&amp;quot;Account Clerk\&amp;quot;)</message>
  <nestedLevel>2</nestedLevel>
  <property name="startLine">49</property>
  <property name="stepIndex">3</property>
  <property name="description">Checking if Cell text is matching with the expected value</property>
</record>
<record>
  <date>2019-01-13T11:27:41</date>
  <millis>1547371661559</millis>
  <sequence>106</sequence>
  <level>START</level>
  <class>com.kms.katalon.core.logging.XmlKeywordLogger</class>
  <method>startKeyword</method>
  <thread>1</thread>
  <message>Start action : println(\&amp;quot;Search is working successfully\&amp;quot;)</message>
  <nestedLevel>3</nestedLevel>
  <property name="startLine">50</property>
  <property name="stepIndex">1</property>
</record>
<record>
  <date>2019-01-13T11:27:41</date>
  <millis>1547371661564</millis>
  <sequence>107</sequence>
  <level>END</level>
  <class>com.kms.katalon.core.logging.XmlKeywordLogger</class>
  <method>endKeyword</method>
  <thread>1</thread>
  <message>End action : println(\&amp;quot;Search is working successfully\&amp;quot;)</message>
  <nestedLevel>3</nestedLevel>
</record>
<record>
  <date>2019-01-13T11:27:41</date>
  <millis>1547371661564</millis>
  <sequence>108</sequence>
  <level>START</level>
  <class>com.kms.katalon.core.logging.XmlKeywordLogger</class>
  <method>startKeyword</method>
  <thread>1</thread>
  <message>Start action : if (Columns_row == ExpectedValues)</message>
  <nestedLevel>3</nestedLevel>
  <property name="startLine">51</property>
  <property name="stepIndex">2</property>
</record>
<record>
  <date>2019-01-13T11:27:41</date>
  <millis>1547371661567</millis>
  <sequence>109</sequence>
  <level>END</level>
  <class>com.kms.katalon.core.logging.XmlKeywordLogger</class>
  <method>endKeyword</method>
  <thread>1</thread>
  <message>End action : if (Columns_row == ExpectedValues)</message>
  <nestedLevel>3</nestedLevel>
</record>
<record>
  <date>2019-01-13T11:27:41</date>
  <millis>1547371661567</millis>
  <sequence>110</sequence>
  <level>END</level>
  <class>com.kms.katalon.core.logging.XmlKeywordLogger</class>
  <method>endKeyword</method>
  <thread>1</thread>
  <message>End action : if (get(1).getText() == \&amp;quot;Account Clerk\&amp;quot;)</message>
  <nestedLevel>2</nestedLevel>
</record>
<record>
  <date>2019-01-13T11:27:41</date>
  <millis>1547371661569</millis>
  <sequence>111</sequence>
  <level>START</level>
  <class>com.kms.katalon.core.logging.XmlKeywordLogger</class>
  <method>startKeyword</method>
  <thread>1</thread>
  <message>Start action : Columns_row = get(row).findElements(By.tagName(\&amp;quot;td\&amp;quot;))</message>
  <nestedLevel>2</nestedLevel>
  <property name="startLine">39</property>
  <property name="stepIndex">1</property>
  <property name="description">To locate columns(cells) of that specific row</property>
</record>
<record>
  <date>2019-01-13T11:27:41</date>
  <millis>1547371661610</millis>
  <sequence>112</sequence>
  <level>END</level>
  <class>com.kms.katalon.core.logging.XmlKeywordLogger</class>
  <method>endKeyword</method>
  <thread>1</thread>
  <message>End action : Columns_row = get(row).findElements(By.tagName(\&amp;quot;td\&amp;quot;))</message>
  <nestedLevel>2</nestedLevel>
</record>
<record>
  <date>2019-01-13T11:27:41</date>
  <millis>1547371661610</millis>
  <sequence>113</sequence>
  <level>START</level>
  <class>com.kms.katalon.core.logging.XmlKeywordLogger</class>
  <method>startKeyword</method>
  <thread>1</thread>
  <message>Start action : columns_count = Columns_row.size()</message>
  <nestedLevel>2</nestedLevel>
  <property name="startLine">43</property>
  <property name="stepIndex">2</property>
  <property name="description">To calculate no of columns(cells) In that specific row</property>
</record>
<record>
  <date>2019-01-13T11:27:41</date>
  <millis>1547371661627</millis>
  <sequence>114</sequence>
  <level>END</level>
  <class>com.kms.katalon.core.logging.XmlKeywordLogger</class>
  <method>endKeyword</method>
  <thread>1</thread>
  <message>End action : columns_count = Columns_row.size()</message>
  <nestedLevel>2</nestedLevel>
</record>
<record>
  <date>2019-01-13T11:27:41</date>
  <millis>1547371661630</millis>
  <sequence>115</sequence>
  <level>START</level>
  <class>com.kms.katalon.core.logging.XmlKeywordLogger</class>
  <method>startKeyword</method>
  <thread>1</thread>
  <message>Start action : if (get(1).getText() == \&amp;quot;Account Clerk\&amp;quot;)</message>
  <nestedLevel>2</nestedLevel>
  <property name="startLine">49</property>
  <property name="stepIndex">3</property>
  <property name="description">Checking if Cell text is matching with the expected value</property>
</record>
<record>
  <date>2019-01-13T11:27:41</date>
  <millis>1547371661692</millis>
  <sequence>116</sequence>
  <level>END</level>
  <class>com.kms.katalon.core.logging.XmlKeywordLogger</class>
  <method>endKeyword</method>
  <thread>1</thread>
  <message>End action : if (get(1).getText() == \&amp;quot;Account Clerk\&amp;quot;)</message>
  <nestedLevel>2</nestedLevel>
</record>
<record>
  <date>2019-01-13T11:27:41</date>
  <millis>1547371661692</millis>
  <sequence>117</sequence>
  <level>START</level>
  <class>com.kms.katalon.core.logging.XmlKeywordLogger</class>
  <method>startKeyword</method>
  <thread>1</thread>
  <message>Start action : Columns_row = get(row).findElements(By.tagName(\&amp;quot;td\&amp;quot;))</message>
  <nestedLevel>2</nestedLevel>
  <property name="startLine">39</property>
  <property name="stepIndex">1</property>
  <property name="description">To locate columns(cells) of that specific row</property>
</record>
<record>
  <date>2019-01-13T11:27:41</date>
  <millis>1547371661739</millis>
  <sequence>118</sequence>
  <level>END</level>
  <class>com.kms.katalon.core.logging.XmlKeywordLogger</class>
  <method>endKeyword</method>
  <thread>1</thread>
  <message>End action : Columns_row = get(row).findElements(By.tagName(\&amp;quot;td\&amp;quot;))</message>
  <nestedLevel>2</nestedLevel>
</record>
<record>
  <date>2019-01-13T11:27:41</date>
  <millis>1547371661741</millis>
  <sequence>119</sequence>
  <level>START</level>
  <class>com.kms.katalon.core.logging.XmlKeywordLogger</class>
  <method>startKeyword</method>
  <thread>1</thread>
  <message>Start action : columns_count = Columns_row.size()</message>
  <nestedLevel>2</nestedLevel>
  <property name="startLine">43</property>
  <property name="stepIndex">2</property>
  <property name="description">To calculate no of columns(cells) In that specific row</property>
</record>
<record>
  <date>2019-01-13T11:27:41</date>
  <millis>1547371661741</millis>
  <sequence>120</sequence>
  <level>END</level>
  <class>com.kms.katalon.core.logging.XmlKeywordLogger</class>
  <method>endKeyword</method>
  <thread>1</thread>
  <message>End action : columns_count = Columns_row.size()</message>
  <nestedLevel>2</nestedLevel>
</record>
<record>
  <date>2019-01-13T11:27:41</date>
  <millis>1547371661741</millis>
  <sequence>121</sequence>
  <level>START</level>
  <class>com.kms.katalon.core.logging.XmlKeywordLogger</class>
  <method>startKeyword</method>
  <thread>1</thread>
  <message>Start action : if (get(1).getText() == \&amp;quot;Account Clerk\&amp;quot;)</message>
  <nestedLevel>2</nestedLevel>
  <property name="startLine">49</property>
  <property name="stepIndex">3</property>
  <property name="description">Checking if Cell text is matching with the expected value</property>
</record>
<record>
  <date>2019-01-13T11:27:41</date>
  <millis>1547371661801</millis>
  <sequence>122</sequence>
  <level>END</level>
  <class>com.kms.katalon.core.logging.XmlKeywordLogger</class>
  <method>endKeyword</method>
  <thread>1</thread>
  <message>End action : if (get(1).getText() == \&amp;quot;Account Clerk\&amp;quot;)</message>
  <nestedLevel>2</nestedLevel>
</record>
<record>
  <date>2019-01-13T11:27:41</date>
  <millis>1547371661801</millis>
  <sequence>123</sequence>
  <level>START</level>
  <class>com.kms.katalon.core.logging.XmlKeywordLogger</class>
  <method>startKeyword</method>
  <thread>1</thread>
  <message>Start action : Columns_row = get(row).findElements(By.tagName(\&amp;quot;td\&amp;quot;))</message>
  <nestedLevel>2</nestedLevel>
  <property name="startLine">39</property>
  <property name="stepIndex">1</property>
  <property name="description">To locate columns(cells) of that specific row</property>
</record>
<record>
  <date>2019-01-13T11:27:41</date>
  <millis>1547371661839</millis>
  <sequence>124</sequence>
  <level>END</level>
  <class>com.kms.katalon.core.logging.XmlKeywordLogger</class>
  <method>endKeyword</method>
  <thread>1</thread>
  <message>End action : Columns_row = get(row).findElements(By.tagName(\&amp;quot;td\&amp;quot;))</message>
  <nestedLevel>2</nestedLevel>
</record>
<record>
  <date>2019-01-13T11:27:41</date>
  <millis>1547371661839</millis>
  <sequence>125</sequence>
  <level>START</level>
  <class>com.kms.katalon.core.logging.XmlKeywordLogger</class>
  <method>startKeyword</method>
  <thread>1</thread>
  <message>Start action : columns_count = Columns_row.size()</message>
  <nestedLevel>2</nestedLevel>
  <property name="startLine">43</property>
  <property name="stepIndex">2</property>
  <property name="description">To calculate no of columns(cells) In that specific row</property>
</record>
<record>
  <date>2019-01-13T11:27:41</date>
  <millis>1547371661842</millis>
  <sequence>126</sequence>
  <level>END</level>
  <class>com.kms.katalon.core.logging.XmlKeywordLogger</class>
  <method>endKeyword</method>
  <thread>1</thread>
  <message>End action : columns_count = Columns_row.size()</message>
  <nestedLevel>2</nestedLevel>
</record>
<record>
  <date>2019-01-13T11:27:41</date>
  <millis>1547371661842</millis>
  <sequence>127</sequence>
  <level>START</level>
  <class>com.kms.katalon.core.logging.XmlKeywordLogger</class>
  <method>startKeyword</method>
  <thread>1</thread>
  <message>Start action : if (get(1).getText() == \&amp;quot;Account Clerk\&amp;quot;)</message>
  <nestedLevel>2</nestedLevel>
  <property name="startLine">49</property>
  <property name="stepIndex">3</property>
  <property name="description">Checking if Cell text is matching with the expected value</property>
</record>
<record>
  <date>2019-01-13T11:27:41</date>
  <millis>1547371661890</millis>
  <sequence>128</sequence>
  <level>END</level>
  <class>com.kms.katalon.core.logging.XmlKeywordLogger</class>
  <method>endKeyword</method>
  <thread>1</thread>
  <message>End action : if (get(1).getText() == \&amp;quot;Account Clerk\&amp;quot;)</message>
  <nestedLevel>2</nestedLevel>
</record>
<record>
  <date>2019-01-13T11:27:41</date>
  <millis>1547371661891</millis>
  <sequence>129</sequence>
  <level>START</level>
  <class>com.kms.katalon.core.logging.XmlKeywordLogger</class>
  <method>startKeyword</method>
  <thread>1</thread>
  <message>Start action : Columns_row = get(row).findElements(By.tagName(\&amp;quot;td\&amp;quot;))</message>
  <nestedLevel>2</nestedLevel>
  <property name="startLine">39</property>
  <property name="stepIndex">1</property>
  <property name="description">To locate columns(cells) of that specific row</property>
</record>
<record>
  <date>2019-01-13T11:27:41</date>
  <millis>1547371661965</millis>
  <sequence>130</sequence>
  <level>END</level>
  <class>com.kms.katalon.core.logging.XmlKeywordLogger</class>
  <method>endKeyword</method>
  <thread>1</thread>
  <message>End action : Columns_row = get(row).findElements(By.tagName(\&amp;quot;td\&amp;quot;))</message>
  <nestedLevel>2</nestedLevel>
</record>
<record>
  <date>2019-01-13T11:27:41</date>
  <millis>1547371661965</millis>
  <sequence>131</sequence>
  <level>START</level>
  <class>com.kms.katalon.core.logging.XmlKeywordLogger</class>
  <method>startKeyword</method>
  <thread>1</thread>
  <message>Start action : columns_count = Columns_row.size()</message>
  <nestedLevel>2</nestedLevel>
  <property name="startLine">43</property>
  <property name="stepIndex">2</property>
  <property name="description">To calculate no of columns(cells) In that specific row</property>
</record>
<record>
  <date>2019-01-13T11:27:41</date>
  <millis>1547371661967</millis>
  <sequence>132</sequence>
  <level>END</level>
  <class>com.kms.katalon.core.logging.XmlKeywordLogger</class>
  <method>endKeyword</method>
  <thread>1</thread>
  <message>End action : columns_count = Columns_row.size()</message>
  <nestedLevel>2</nestedLevel>
</record>
<record>
  <date>2019-01-13T11:27:41</date>
  <millis>1547371661967</millis>
  <sequence>133</sequence>
  <level>START</level>
  <class>com.kms.katalon.core.logging.XmlKeywordLogger</class>
  <method>startKeyword</method>
  <thread>1</thread>
  <message>Start action : if (get(1).getText() == \&amp;quot;Account Clerk\&amp;quot;)</message>
  <nestedLevel>2</nestedLevel>
  <property name="startLine">49</property>
  <property name="stepIndex">3</property>
  <property name="description">Checking if Cell text is matching with the expected value</property>
</record>
<record>
  <date>2019-01-13T11:27:42</date>
  <millis>1547371662099</millis>
  <sequence>134</sequence>
  <level>END</level>
  <class>com.kms.katalon.core.logging.XmlKeywordLogger</class>
  <method>endKeyword</method>
  <thread>1</thread>
  <message>End action : if (get(1).getText() == \&amp;quot;Account Clerk\&amp;quot;)</message>
  <nestedLevel>2</nestedLevel>
</record>
<record>
  <date>2019-01-13T11:27:42</date>
  <millis>1547371662099</millis>
  <sequence>135</sequence>
  <level>START</level>
  <class>com.kms.katalon.core.logging.XmlKeywordLogger</class>
  <method>startKeyword</method>
  <thread>1</thread>
  <message>Start action : Columns_row = get(row).findElements(By.tagName(\&amp;quot;td\&amp;quot;))</message>
  <nestedLevel>2</nestedLevel>
  <property name="startLine">39</property>
  <property name="stepIndex">1</property>
  <property name="description">To locate columns(cells) of that specific row</property>
</record>
<record>
  <date>2019-01-13T11:27:42</date>
  <millis>1547371662152</millis>
  <sequence>136</sequence>
  <level>END</level>
  <class>com.kms.katalon.core.logging.XmlKeywordLogger</class>
  <method>endKeyword</method>
  <thread>1</thread>
  <message>End action : Columns_row = get(row).findElements(By.tagName(\&amp;quot;td\&amp;quot;))</message>
  <nestedLevel>2</nestedLevel>
</record>
<record>
  <date>2019-01-13T11:27:42</date>
  <millis>1547371662152</millis>
  <sequence>137</sequence>
  <level>START</level>
  <class>com.kms.katalon.core.logging.XmlKeywordLogger</class>
  <method>startKeyword</method>
  <thread>1</thread>
  <message>Start action : columns_count = Columns_row.size()</message>
  <nestedLevel>2</nestedLevel>
  <property name="startLine">43</property>
  <property name="stepIndex">2</property>
  <property name="description">To calculate no of columns(cells) In that specific row</property>
</record>
<record>
  <date>2019-01-13T11:27:42</date>
  <millis>1547371662152</millis>
  <sequence>138</sequence>
  <level>END</level>
  <class>com.kms.katalon.core.logging.XmlKeywordLogger</class>
  <method>endKeyword</method>
  <thread>1</thread>
  <message>End action : columns_count = Columns_row.size()</message>
  <nestedLevel>2</nestedLevel>
</record>
<record>
  <date>2019-01-13T11:27:42</date>
  <millis>1547371662152</millis>
  <sequence>139</sequence>
  <level>START</level>
  <class>com.kms.katalon.core.logging.XmlKeywordLogger</class>
  <method>startKeyword</method>
  <thread>1</thread>
  <message>Start action : if (get(1).getText() == \&amp;quot;Account Clerk\&amp;quot;)</message>
  <nestedLevel>2</nestedLevel>
  <property name="startLine">49</property>
  <property name="stepIndex">3</property>
  <property name="description">Checking if Cell text is matching with the expected value</property>
</record>
<record>
  <date>2019-01-13T11:27:42</date>
  <millis>1547371662209</millis>
  <sequence>140</sequence>
  <level>END</level>
  <class>com.kms.katalon.core.logging.XmlKeywordLogger</class>
  <method>endKeyword</method>
  <thread>1</thread>
  <message>End action : if (get(1).getText() == \&amp;quot;Account Clerk\&amp;quot;)</message>
  <nestedLevel>2</nestedLevel>
</record>
<record>
  <date>2019-01-13T11:27:42</date>
  <millis>1547371662211</millis>
  <sequence>141</sequence>
  <level>START</level>
  <class>com.kms.katalon.core.logging.XmlKeywordLogger</class>
  <method>startKeyword</method>
  <thread>1</thread>
  <message>Start action : Columns_row = get(row).findElements(By.tagName(\&amp;quot;td\&amp;quot;))</message>
  <nestedLevel>2</nestedLevel>
  <property name="startLine">39</property>
  <property name="stepIndex">1</property>
  <property name="description">To locate columns(cells) of that specific row</property>
</record>
<record>
  <date>2019-01-13T11:27:42</date>
  <millis>1547371662250</millis>
  <sequence>142</sequence>
  <level>END</level>
  <class>com.kms.katalon.core.logging.XmlKeywordLogger</class>
  <method>endKeyword</method>
  <thread>1</thread>
  <message>End action : Columns_row = get(row).findElements(By.tagName(\&amp;quot;td\&amp;quot;))</message>
  <nestedLevel>2</nestedLevel>
</record>
<record>
  <date>2019-01-13T11:27:42</date>
  <millis>1547371662250</millis>
  <sequence>143</sequence>
  <level>START</level>
  <class>com.kms.katalon.core.logging.XmlKeywordLogger</class>
  <method>startKeyword</method>
  <thread>1</thread>
  <message>Start action : columns_count = Columns_row.size()</message>
  <nestedLevel>2</nestedLevel>
  <property name="startLine">43</property>
  <property name="stepIndex">2</property>
  <property name="description">To calculate no of columns(cells) In that specific row</property>
</record>
<record>
  <date>2019-01-13T11:27:42</date>
  <millis>1547371662250</millis>
  <sequence>144</sequence>
  <level>END</level>
  <class>com.kms.katalon.core.logging.XmlKeywordLogger</class>
  <method>endKeyword</method>
  <thread>1</thread>
  <message>End action : columns_count = Columns_row.size()</message>
  <nestedLevel>2</nestedLevel>
</record>
<record>
  <date>2019-01-13T11:27:42</date>
  <millis>1547371662250</millis>
  <sequence>145</sequence>
  <level>START</level>
  <class>com.kms.katalon.core.logging.XmlKeywordLogger</class>
  <method>startKeyword</method>
  <thread>1</thread>
  <message>Start action : if (get(1).getText() == \&amp;quot;Account Clerk\&amp;quot;)</message>
  <nestedLevel>2</nestedLevel>
  <property name="startLine">49</property>
  <property name="stepIndex">3</property>
  <property name="description">Checking if Cell text is matching with the expected value</property>
</record>
<record>
  <date>2019-01-13T11:27:42</date>
  <millis>1547371662337</millis>
  <sequence>146</sequence>
  <level>END</level>
  <class>com.kms.katalon.core.logging.XmlKeywordLogger</class>
  <method>endKeyword</method>
  <thread>1</thread>
  <message>End action : if (get(1).getText() == \&amp;quot;Account Clerk\&amp;quot;)</message>
  <nestedLevel>2</nestedLevel>
</record>
<record>
  <date>2019-01-13T11:27:42</date>
  <millis>1547371662338</millis>
  <sequence>147</sequence>
  <level>START</level>
  <class>com.kms.katalon.core.logging.XmlKeywordLogger</class>
  <method>startKeyword</method>
  <thread>1</thread>
  <message>Start action : Columns_row = get(row).findElements(By.tagName(\&amp;quot;td\&amp;quot;))</message>
  <nestedLevel>2</nestedLevel>
  <property name="startLine">39</property>
  <property name="stepIndex">1</property>
  <property name="description">To locate columns(cells) of that specific row</property>
</record>
<record>
  <date>2019-01-13T11:27:42</date>
  <millis>1547371662457</millis>
  <sequence>148</sequence>
  <level>END</level>
  <class>com.kms.katalon.core.logging.XmlKeywordLogger</class>
  <method>endKeyword</method>
  <thread>1</thread>
  <message>End action : Columns_row = get(row).findElements(By.tagName(\&amp;quot;td\&amp;quot;))</message>
  <nestedLevel>2</nestedLevel>
</record>
<record>
  <date>2019-01-13T11:27:42</date>
  <millis>1547371662457</millis>
  <sequence>149</sequence>
  <level>START</level>
  <class>com.kms.katalon.core.logging.XmlKeywordLogger</class>
  <method>startKeyword</method>
  <thread>1</thread>
  <message>Start action : columns_count = Columns_row.size()</message>
  <nestedLevel>2</nestedLevel>
  <property name="startLine">43</property>
  <property name="stepIndex">2</property>
  <property name="description">To calculate no of columns(cells) In that specific row</property>
</record>
<record>
  <date>2019-01-13T11:27:42</date>
  <millis>1547371662457</millis>
  <sequence>150</sequence>
  <level>END</level>
  <class>com.kms.katalon.core.logging.XmlKeywordLogger</class>
  <method>endKeyword</method>
  <thread>1</thread>
  <message>End action : columns_count = Columns_row.size()</message>
  <nestedLevel>2</nestedLevel>
</record>
<record>
  <date>2019-01-13T11:27:42</date>
  <millis>1547371662458</millis>
  <sequence>151</sequence>
  <level>START</level>
  <class>com.kms.katalon.core.logging.XmlKeywordLogger</class>
  <method>startKeyword</method>
  <thread>1</thread>
  <message>Start action : if (get(1).getText() == \&amp;quot;Account Clerk\&amp;quot;)</message>
  <nestedLevel>2</nestedLevel>
  <property name="startLine">49</property>
  <property name="stepIndex">3</property>
  <property name="description">Checking if Cell text is matching with the expected value</property>
</record>
<record>
  <date>2019-01-13T11:27:42</date>
  <millis>1547371662529</millis>
  <sequence>152</sequence>
  <level>END</level>
  <class>com.kms.katalon.core.logging.XmlKeywordLogger</class>
  <method>endKeyword</method>
  <thread>1</thread>
  <message>End action : if (get(1).getText() == \&amp;quot;Account Clerk\&amp;quot;)</message>
  <nestedLevel>2</nestedLevel>
</record>
<record>
  <date>2019-01-13T11:27:42</date>
  <millis>1547371662529</millis>
  <sequence>153</sequence>
  <level>START</level>
  <class>com.kms.katalon.core.logging.XmlKeywordLogger</class>
  <method>startKeyword</method>
  <thread>1</thread>
  <message>Start action : Columns_row = get(row).findElements(By.tagName(\&amp;quot;td\&amp;quot;))</message>
  <nestedLevel>2</nestedLevel>
  <property name="startLine">39</property>
  <property name="stepIndex">1</property>
  <property name="description">To locate columns(cells) of that specific row</property>
</record>
<record>
  <date>2019-01-13T11:27:42</date>
  <millis>1547371662565</millis>
  <sequence>154</sequence>
  <level>END</level>
  <class>com.kms.katalon.core.logging.XmlKeywordLogger</class>
  <method>endKeyword</method>
  <thread>1</thread>
  <message>End action : Columns_row = get(row).findElements(By.tagName(\&amp;quot;td\&amp;quot;))</message>
  <nestedLevel>2</nestedLevel>
</record>
<record>
  <date>2019-01-13T11:27:42</date>
  <millis>1547371662567</millis>
  <sequence>155</sequence>
  <level>START</level>
  <class>com.kms.katalon.core.logging.XmlKeywordLogger</class>
  <method>startKeyword</method>
  <thread>1</thread>
  <message>Start action : columns_count = Columns_row.size()</message>
  <nestedLevel>2</nestedLevel>
  <property name="startLine">43</property>
  <property name="stepIndex">2</property>
  <property name="description">To calculate no of columns(cells) In that specific row</property>
</record>
<record>
  <date>2019-01-13T11:27:42</date>
  <millis>1547371662575</millis>
  <sequence>156</sequence>
  <level>END</level>
  <class>com.kms.katalon.core.logging.XmlKeywordLogger</class>
  <method>endKeyword</method>
  <thread>1</thread>
  <message>End action : columns_count = Columns_row.size()</message>
  <nestedLevel>2</nestedLevel>
</record>
<record>
  <date>2019-01-13T11:27:42</date>
  <millis>1547371662575</millis>
  <sequence>157</sequence>
  <level>START</level>
  <class>com.kms.katalon.core.logging.XmlKeywordLogger</class>
  <method>startKeyword</method>
  <thread>1</thread>
  <message>Start action : if (get(1).getText() == \&amp;quot;Account Clerk\&amp;quot;)</message>
  <nestedLevel>2</nestedLevel>
  <property name="startLine">49</property>
  <property name="stepIndex">3</property>
  <property name="description">Checking if Cell text is matching with the expected value</property>
</record>
<record>
  <date>2019-01-13T11:27:42</date>
  <millis>1547371662634</millis>
  <sequence>158</sequence>
  <level>END</level>
  <class>com.kms.katalon.core.logging.XmlKeywordLogger</class>
  <method>endKeyword</method>
  <thread>1</thread>
  <message>End action : if (get(1).getText() == \&amp;quot;Account Clerk\&amp;quot;)</message>
  <nestedLevel>2</nestedLevel>
</record>
<record>
  <date>2019-01-13T11:27:42</date>
  <millis>1547371662634</millis>
  <sequence>159</sequence>
  <level>END</level>
  <class>com.kms.katalon.core.logging.XmlKeywordLogger</class>
  <method>endKeyword</method>
  <thread>1</thread>
  <message>End action : for ([row = 1, row &amp;lt; rows_count, (row++)])</message>
  <nestedLevel>1</nestedLevel>
</record>
<record>
  <date>2019-01-13T11:27:42</date>
  <millis>1547371662634</millis>
  <sequence>160</sequence>
  <level>PASSED</level>
  <class>com.kms.katalon.core.logging.XmlKeywordLogger</class>
  <method>logMessage</method>
  <thread>1</thread>
  <message>Test Cases/Orange_Website/JobTitles_Screen2_TEST</message>
  <nestedLevel>1</nestedLevel>
</record>
<record>
  <date>2019-01-13T11:27:42</date>
  <millis>1547371662634</millis>
  <sequence>161</sequence>
  <level>END</level>
  <class>com.kms.katalon.core.logging.XmlKeywordLogger</class>
  <method>endTest</method>
  <thread>1</thread>
  <message>End Test Case : Test Cases/Orange_Website/JobTitles_Screen2_TEST</message>
  <nestedLevel>0</nestedLevel>
</record>
<record>
  <date>2019-01-13T11:27:42</date>
  <millis>1547371662639</millis>
  <sequence>162</sequence>
  <level>END</level>
  <class>com.kms.katalon.core.logging.XmlKeywordLogger</class>
  <method>endSuite</method>
  <thread>1</thread>
  <message>End Test Suite : Test Suites/TS_Orange_JobTitles</message>
  <nestedLevel>0</nestedLevel>
</record>
</log>
