<?xml version="1.0" encoding="UTF-8" standalone="no"?>
<!DOCTYPE log SYSTEM "logger.dtd">
<log>
<record>
  <date>2019-01-06T10:34:38</date>
  <millis>1546763678118</millis>
  <sequence>0</sequence>
  <level>START</level>
  <class>com.kms.katalon.core.logging.XmlKeywordLogger</class>
  <method>startSuite</method>
  <thread>1</thread>
  <message>Start Test Suite : Test Suites/TS_Orange_JobTitles</message>
  <nestedLevel>0</nestedLevel>
  <property name="name">TS_Orange_JobTitles</property>
  <property name="description"></property>
  <property name="id">Test Suites/TS_Orange_JobTitles</property>
</record>
<record>
  <date>2019-01-06T10:34:38</date>
  <millis>1546763678147</millis>
  <sequence>1</sequence>
  <level>RUN_DATA</level>
  <class>com.kms.katalon.core.logging.XmlKeywordLogger</class>
  <method>logMessage</method>
  <thread>1</thread>
  <message>hostName = Ebtehal Gamal Yusuf - LPALXY0199.ejadaalex.local</message>
  <nestedLevel>0</nestedLevel>
  <property name="hostName">Ebtehal Gamal Yusuf - LPALXY0199.ejadaalex.local</property>
</record>
<record>
  <date>2019-01-06T10:34:38</date>
  <millis>1546763678149</millis>
  <sequence>2</sequence>
  <level>RUN_DATA</level>
  <class>com.kms.katalon.core.logging.XmlKeywordLogger</class>
  <method>logMessage</method>
  <thread>1</thread>
  <message>os = Windows 7 64bit</message>
  <nestedLevel>0</nestedLevel>
  <property name="os">Windows 7 64bit</property>
</record>
<record>
  <date>2019-01-06T10:34:38</date>
  <millis>1546763678150</millis>
  <sequence>3</sequence>
  <level>RUN_DATA</level>
  <class>com.kms.katalon.core.logging.XmlKeywordLogger</class>
  <method>logMessage</method>
  <thread>1</thread>
  <message>hostAddress = 192.168.3.51</message>
  <nestedLevel>0</nestedLevel>
  <property name="hostAddress">192.168.3.51</property>
</record>
<record>
  <date>2019-01-06T10:34:38</date>
  <millis>1546763678151</millis>
  <sequence>4</sequence>
  <level>RUN_DATA</level>
  <class>com.kms.katalon.core.logging.XmlKeywordLogger</class>
  <method>logMessage</method>
  <thread>1</thread>
  <message>katalonVersion = 5.10.0.1</message>
  <nestedLevel>0</nestedLevel>
  <property name="katalonVersion">5.10.0.1</property>
</record>
<record>
  <date>2019-01-06T10:34:38</date>
  <millis>1546763678526</millis>
  <sequence>5</sequence>
  <level>START</level>
  <class>com.kms.katalon.core.logging.XmlKeywordLogger</class>
  <method>startTest</method>
  <thread>1</thread>
  <message>Start Test Case : Test Cases/Orange_Website/Login Screen</message>
  <nestedLevel>1</nestedLevel>
  <property name="name">Test Cases/Orange_Website/Login Screen</property>
  <property name="description"></property>
  <property name="id">Test Cases/Orange_Website/Login Screen</property>
  <property name="source">C:\\Users\\Administrator\\git\\Training_1\\Test Cases\\Orange_Website\\Login Screen.tc</property>
  <property name="isOptional">false</property>
</record>
<record>
  <date>2019-01-06T10:34:39</date>
  <millis>1546763679102</millis>
  <sequence>7</sequence>
  <level>START</level>
  <class>com.kms.katalon.core.logging.XmlKeywordLogger</class>
  <method>startKeyword</method>
  <thread>1</thread>
  <message>Start action : openBrowser(\&amp;quot;https://opensource-demo.orangehrmlive.com/index.php/auth/login\&amp;quot;)</message>
  <nestedLevel>1</nestedLevel>
  <property name="startLine">16</property>
  <property name="stepIndex">1</property>
</record>
<record>
  <date>2019-01-06T10:34:39</date>
  <millis>1546763679699</millis>
  <sequence>9</sequence>
  <level>INFO</level>
  <class>com.kms.katalon.core.logging.XmlKeywordLogger</class>
  <method>logMessage</method>
  <thread>1</thread>
  <message>Starting &amp;apos;Chrome&amp;apos; driver</message>
  <nestedLevel>1</nestedLevel>
</record>
<record>
  <date>2019-01-06T10:34:39</date>
  <millis>1546763679748</millis>
  <sequence>10</sequence>
  <level>INFO</level>
  <class>com.kms.katalon.core.logging.XmlKeywordLogger</class>
  <method>logMessage</method>
  <thread>1</thread>
  <message>Action delay is set to 0 seconds</message>
  <nestedLevel>1</nestedLevel>
</record>
<record>
  <date>2019-01-06T10:34:46</date>
  <millis>1546763686062</millis>
  <sequence>12</sequence>
  <level>RUN_DATA</level>
  <class>com.kms.katalon.core.logging.XmlKeywordLogger</class>
  <method>logMessage</method>
  <thread>1</thread>
  <message>sessionId = d6035fbf9a7415550ad3b452769ba9fc</message>
  <nestedLevel>1</nestedLevel>
  <property name="sessionId">d6035fbf9a7415550ad3b452769ba9fc</property>
</record>
<record>
  <date>2019-01-06T10:34:46</date>
  <millis>1546763686111</millis>
  <sequence>13</sequence>
  <level>RUN_DATA</level>
  <class>com.kms.katalon.core.logging.XmlKeywordLogger</class>
  <method>logMessage</method>
  <thread>1</thread>
  <message>browser = Chrome 71.0.3578.98</message>
  <nestedLevel>1</nestedLevel>
  <property name="browser">Chrome 71.0.3578.98</property>
</record>
<record>
  <date>2019-01-06T10:34:46</date>
  <millis>1546763686112</millis>
  <sequence>14</sequence>
  <level>RUN_DATA</level>
  <class>com.kms.katalon.core.logging.XmlKeywordLogger</class>
  <method>logMessage</method>
  <thread>1</thread>
  <message>platform = Windows 7</message>
  <nestedLevel>1</nestedLevel>
  <property name="platform">Windows 7</property>
</record>
<record>
  <date>2019-01-06T10:34:46</date>
  <millis>1546763686117</millis>
  <sequence>15</sequence>
  <level>RUN_DATA</level>
  <class>com.kms.katalon.core.logging.XmlKeywordLogger</class>
  <method>logMessage</method>
  <thread>1</thread>
  <message>seleniumVersion = 3.7.1</message>
  <nestedLevel>1</nestedLevel>
  <property name="seleniumVersion">3.7.1</property>
</record>
<record>
  <date>2019-01-06T10:34:46</date>
  <millis>1546763686118</millis>
  <sequence>16</sequence>
  <level>RUN_DATA</level>
  <class>com.kms.katalon.core.logging.XmlKeywordLogger</class>
  <method>logMessage</method>
  <thread>1</thread>
  <message>proxyInformation = ProxyInformation{proxyOption=NO_PROXY, proxyServerType=HTTP, password=, proxyServerAddress=, proxyServerPort=0}</message>
  <nestedLevel>1</nestedLevel>
  <property name="proxyInformation">ProxyInformation{proxyOption=NO_PROXY, proxyServerType=HTTP, password=, proxyServerAddress=, proxyServerPort=0}</property>
</record>
<record>
  <date>2019-01-06T10:34:52</date>
  <millis>1546763692163</millis>
  <sequence>18</sequence>
  <level>PASSED</level>
  <class>com.kms.katalon.core.logging.XmlKeywordLogger</class>
  <method>logMessage</method>
  <thread>1</thread>
  <message>Browser is opened with url: &amp;apos;https://opensource-demo.orangehrmlive.com/index.php/auth/login&amp;apos;</message>
  <nestedLevel>1</nestedLevel>
</record>
<record>
  <date>2019-01-06T10:34:52</date>
  <millis>1546763692165</millis>
  <sequence>19</sequence>
  <level>END</level>
  <class>com.kms.katalon.core.logging.XmlKeywordLogger</class>
  <method>endKeyword</method>
  <thread>1</thread>
  <message>End action : openBrowser(\&amp;quot;https://opensource-demo.orangehrmlive.com/index.php/auth/login\&amp;quot;)</message>
  <nestedLevel>1</nestedLevel>
</record>
<record>
  <date>2019-01-06T10:34:52</date>
  <millis>1546763692166</millis>
  <sequence>20</sequence>
  <level>START</level>
  <class>com.kms.katalon.core.logging.XmlKeywordLogger</class>
  <method>startKeyword</method>
  <thread>1</thread>
  <message>Start action : setText(findTestObject(\&amp;quot;Orange/Login/Username\&amp;quot;), \&amp;quot;Admin\&amp;quot;)</message>
  <nestedLevel>1</nestedLevel>
  <property name="startLine">18</property>
  <property name="stepIndex">2</property>
</record>
<record>
  <date>2019-01-06T10:34:52</date>
  <millis>1546763692448</millis>
  <sequence>32</sequence>
  <level>PASSED</level>
  <class>com.kms.katalon.core.logging.XmlKeywordLogger</class>
  <method>logMessage</method>
  <thread>1</thread>
  <message>Text &amp;apos;Admin&amp;apos; is set on object &amp;apos;Object Repository/Orange/Login/Username&amp;apos;</message>
  <nestedLevel>1</nestedLevel>
</record>
<record>
  <date>2019-01-06T10:34:52</date>
  <millis>1546763692449</millis>
  <sequence>33</sequence>
  <level>END</level>
  <class>com.kms.katalon.core.logging.XmlKeywordLogger</class>
  <method>endKeyword</method>
  <thread>1</thread>
  <message>End action : setText(findTestObject(\&amp;quot;Orange/Login/Username\&amp;quot;), \&amp;quot;Admin\&amp;quot;)</message>
  <nestedLevel>1</nestedLevel>
</record>
<record>
  <date>2019-01-06T10:34:52</date>
  <millis>1546763692450</millis>
  <sequence>34</sequence>
  <level>START</level>
  <class>com.kms.katalon.core.logging.XmlKeywordLogger</class>
  <method>startKeyword</method>
  <thread>1</thread>
  <message>Start action : setText(findTestObject(\&amp;quot;Orange/Login/Password\&amp;quot;), \&amp;quot;admin123\&amp;quot;)</message>
  <nestedLevel>1</nestedLevel>
  <property name="startLine">20</property>
  <property name="stepIndex">3</property>
</record>
<record>
  <date>2019-01-06T10:34:52</date>
  <millis>1546763692622</millis>
  <sequence>46</sequence>
  <level>PASSED</level>
  <class>com.kms.katalon.core.logging.XmlKeywordLogger</class>
  <method>logMessage</method>
  <thread>1</thread>
  <message>Text &amp;apos;admin123&amp;apos; is set on object &amp;apos;Object Repository/Orange/Login/Password&amp;apos;</message>
  <nestedLevel>1</nestedLevel>
</record>
<record>
  <date>2019-01-06T10:34:52</date>
  <millis>1546763692623</millis>
  <sequence>47</sequence>
  <level>END</level>
  <class>com.kms.katalon.core.logging.XmlKeywordLogger</class>
  <method>endKeyword</method>
  <thread>1</thread>
  <message>End action : setText(findTestObject(\&amp;quot;Orange/Login/Password\&amp;quot;), \&amp;quot;admin123\&amp;quot;)</message>
  <nestedLevel>1</nestedLevel>
</record>
<record>
  <date>2019-01-06T10:34:52</date>
  <millis>1546763692623</millis>
  <sequence>48</sequence>
  <level>START</level>
  <class>com.kms.katalon.core.logging.XmlKeywordLogger</class>
  <method>startKeyword</method>
  <thread>1</thread>
  <message>Start action : click(findTestObject(\&amp;quot;Orange/Login/Login\&amp;quot;))</message>
  <nestedLevel>1</nestedLevel>
  <property name="startLine">22</property>
  <property name="stepIndex">4</property>
</record>
<record>
  <date>2019-01-06T10:34:54</date>
  <millis>1546763694980</millis>
  <sequence>55</sequence>
  <level>PASSED</level>
  <class>com.kms.katalon.core.logging.XmlKeywordLogger</class>
  <method>logMessage</method>
  <thread>1</thread>
  <message>Object: &amp;apos;Object Repository/Orange/Login/Login&amp;apos; is clicked on</message>
  <nestedLevel>1</nestedLevel>
</record>
<record>
  <date>2019-01-06T10:34:54</date>
  <millis>1546763694981</millis>
  <sequence>56</sequence>
  <level>END</level>
  <class>com.kms.katalon.core.logging.XmlKeywordLogger</class>
  <method>endKeyword</method>
  <thread>1</thread>
  <message>End action : click(findTestObject(\&amp;quot;Orange/Login/Login\&amp;quot;))</message>
  <nestedLevel>1</nestedLevel>
</record>
<record>
  <date>2019-01-06T10:34:54</date>
  <millis>1546763694981</millis>
  <sequence>57</sequence>
  <level>PASSED</level>
  <class>com.kms.katalon.core.logging.XmlKeywordLogger</class>
  <method>logMessage</method>
  <thread>1</thread>
  <message>Test Cases/Orange_Website/Login Screen</message>
  <nestedLevel>1</nestedLevel>
</record>
<record>
  <date>2019-01-06T10:34:54</date>
  <millis>1546763694982</millis>
  <sequence>58</sequence>
  <level>END</level>
  <class>com.kms.katalon.core.logging.XmlKeywordLogger</class>
  <method>endTest</method>
  <thread>1</thread>
  <message>End Test Case : Test Cases/Orange_Website/Login Screen</message>
  <nestedLevel>0</nestedLevel>
</record>
<record>
  <date>2019-01-06T10:34:54</date>
  <millis>1546763694992</millis>
  <sequence>59</sequence>
  <level>START</level>
  <class>com.kms.katalon.core.logging.XmlKeywordLogger</class>
  <method>startTest</method>
  <thread>1</thread>
  <message>Start Test Case : Test Cases/Orange_Website/JobTitles_Screen2</message>
  <nestedLevel>1</nestedLevel>
  <property name="name">Test Cases/Orange_Website/JobTitles_Screen2</property>
  <property name="description"></property>
  <property name="id">Test Cases/Orange_Website/JobTitles_Screen2</property>
  <property name="source">C:\\Users\\Administrator\\git\\Training_1\\Test Cases\\Orange_Website\\JobTitles_Screen2.tc</property>
  <property name="isOptional">false</property>
</record>
<record>
  <date>2019-01-06T10:34:55</date>
  <millis>1546763695587</millis>
  <sequence>61</sequence>
  <level>START</level>
  <class>com.kms.katalon.core.logging.XmlKeywordLogger</class>
  <method>startKeyword</method>
  <thread>1</thread>
  <message>Start action : click(findTestObject(\&amp;quot;Orange/Navigation/MNULST_Admin\&amp;quot;))</message>
  <nestedLevel>1</nestedLevel>
  <property name="startLine">20</property>
  <property name="stepIndex">1</property>
</record>
<record>
  <date>2019-01-06T10:34:59</date>
  <millis>1546763699214</millis>
  <sequence>68</sequence>
  <level>PASSED</level>
  <class>com.kms.katalon.core.logging.XmlKeywordLogger</class>
  <method>logMessage</method>
  <thread>1</thread>
  <message>Object: &amp;apos;Object Repository/Orange/Navigation/MNULST_Admin&amp;apos; is clicked on</message>
  <nestedLevel>1</nestedLevel>
</record>
<record>
  <date>2019-01-06T10:34:59</date>
  <millis>1546763699215</millis>
  <sequence>69</sequence>
  <level>END</level>
  <class>com.kms.katalon.core.logging.XmlKeywordLogger</class>
  <method>endKeyword</method>
  <thread>1</thread>
  <message>End action : click(findTestObject(\&amp;quot;Orange/Navigation/MNULST_Admin\&amp;quot;))</message>
  <nestedLevel>1</nestedLevel>
</record>
<record>
  <date>2019-01-06T10:34:59</date>
  <millis>1546763699215</millis>
  <sequence>70</sequence>
  <level>START</level>
  <class>com.kms.katalon.core.logging.XmlKeywordLogger</class>
  <method>startKeyword</method>
  <thread>1</thread>
  <message>Start action : click(findTestObject(\&amp;quot;Orange/Navigation/MNUITM_Job\&amp;quot;))</message>
  <nestedLevel>1</nestedLevel>
  <property name="startLine">22</property>
  <property name="stepIndex">2</property>
</record>
<record>
  <date>2019-01-06T10:34:59</date>
  <millis>1546763699310</millis>
  <sequence>77</sequence>
  <level>PASSED</level>
  <class>com.kms.katalon.core.logging.XmlKeywordLogger</class>
  <method>logMessage</method>
  <thread>1</thread>
  <message>Object: &amp;apos;Object Repository/Orange/Navigation/MNUITM_Job&amp;apos; is clicked on</message>
  <nestedLevel>1</nestedLevel>
</record>
<record>
  <date>2019-01-06T10:34:59</date>
  <millis>1546763699311</millis>
  <sequence>78</sequence>
  <level>END</level>
  <class>com.kms.katalon.core.logging.XmlKeywordLogger</class>
  <method>endKeyword</method>
  <thread>1</thread>
  <message>End action : click(findTestObject(\&amp;quot;Orange/Navigation/MNUITM_Job\&amp;quot;))</message>
  <nestedLevel>1</nestedLevel>
</record>
<record>
  <date>2019-01-06T10:34:59</date>
  <millis>1546763699311</millis>
  <sequence>79</sequence>
  <level>START</level>
  <class>com.kms.katalon.core.logging.XmlKeywordLogger</class>
  <method>startKeyword</method>
  <thread>1</thread>
  <message>Start action : click(findTestObject(\&amp;quot;Orange/Navigation/MNUITM_JobTitles\&amp;quot;))</message>
  <nestedLevel>1</nestedLevel>
  <property name="startLine">24</property>
  <property name="stepIndex">3</property>
</record>
<record>
  <date>2019-01-06T10:35:00</date>
  <millis>1546763700246</millis>
  <sequence>86</sequence>
  <level>PASSED</level>
  <class>com.kms.katalon.core.logging.XmlKeywordLogger</class>
  <method>logMessage</method>
  <thread>1</thread>
  <message>Object: &amp;apos;Object Repository/Orange/Navigation/MNUITM_JobTitles&amp;apos; is clicked on</message>
  <nestedLevel>1</nestedLevel>
</record>
<record>
  <date>2019-01-06T10:35:00</date>
  <millis>1546763700249</millis>
  <sequence>87</sequence>
  <level>END</level>
  <class>com.kms.katalon.core.logging.XmlKeywordLogger</class>
  <method>endKeyword</method>
  <thread>1</thread>
  <message>End action : click(findTestObject(\&amp;quot;Orange/Navigation/MNUITM_JobTitles\&amp;quot;))</message>
  <nestedLevel>1</nestedLevel>
</record>
<record>
  <date>2019-01-06T10:35:00</date>
  <millis>1546763700255</millis>
  <sequence>88</sequence>
  <level>START</level>
  <class>com.kms.katalon.core.logging.XmlKeywordLogger</class>
  <method>startKeyword</method>
  <thread>1</thread>
  <message>Start action : ExpectedValue = \&amp;quot;Sales Executive\&amp;quot;</message>
  <nestedLevel>1</nestedLevel>
  <property name="startLine">29</property>
  <property name="stepIndex">4</property>
  <property name="description">Expected value from Table</property>
</record>
<record>
  <date>2019-01-06T10:35:00</date>
  <millis>1546763700258</millis>
  <sequence>89</sequence>
  <level>END</level>
  <class>com.kms.katalon.core.logging.XmlKeywordLogger</class>
  <method>endKeyword</method>
  <thread>1</thread>
  <message>End action : ExpectedValue = \&amp;quot;Sales Executive\&amp;quot;</message>
  <nestedLevel>1</nestedLevel>
</record>
<record>
  <date>2019-01-06T10:35:00</date>
  <millis>1546763700258</millis>
  <sequence>90</sequence>
  <level>START</level>
  <class>com.kms.katalon.core.logging.XmlKeywordLogger</class>
  <method>startKeyword</method>
  <thread>1</thread>
  <message>Start action : ndriver = getWebDriver()</message>
  <nestedLevel>1</nestedLevel>
  <property name="startLine">31</property>
  <property name="stepIndex">5</property>
</record>
<record>
  <date>2019-01-06T10:35:00</date>
  <millis>1546763700277</millis>
  <sequence>91</sequence>
  <level>END</level>
  <class>com.kms.katalon.core.logging.XmlKeywordLogger</class>
  <method>endKeyword</method>
  <thread>1</thread>
  <message>End action : ndriver = getWebDriver()</message>
  <nestedLevel>1</nestedLevel>
</record>
<record>
  <date>2019-01-06T10:35:00</date>
  <millis>1546763700278</millis>
  <sequence>92</sequence>
  <level>START</level>
  <class>com.kms.katalon.core.logging.XmlKeywordLogger</class>
  <method>startKeyword</method>
  <thread>1</thread>
  <message>Start action : Table = ndriver.findElement(By.id(\&amp;quot;resultTable\&amp;quot;))</message>
  <nestedLevel>1</nestedLevel>
  <property name="startLine">34</property>
  <property name="stepIndex">6</property>
  <property name="description">To locate table</property>
</record>
<record>
  <date>2019-01-06T10:35:00</date>
  <millis>1546763700359</millis>
  <sequence>93</sequence>
  <level>END</level>
  <class>com.kms.katalon.core.logging.XmlKeywordLogger</class>
  <method>endKeyword</method>
  <thread>1</thread>
  <message>End action : Table = ndriver.findElement(By.id(\&amp;quot;resultTable\&amp;quot;))</message>
  <nestedLevel>1</nestedLevel>
</record>
<record>
  <date>2019-01-06T10:35:00</date>
  <millis>1546763700360</millis>
  <sequence>94</sequence>
  <level>START</level>
  <class>com.kms.katalon.core.logging.XmlKeywordLogger</class>
  <method>startKeyword</method>
  <thread>1</thread>
  <message>Start action : Rows = Table.findElements(By.tagName(\&amp;quot;tr\&amp;quot;))</message>
  <nestedLevel>1</nestedLevel>
  <property name="startLine">37</property>
  <property name="stepIndex">7</property>
  <property name="description">To locate rows of table it will Capture all the rows available in the table </property>
</record>
<record>
  <date>2019-01-06T10:35:00</date>
  <millis>1546763700417</millis>
  <sequence>95</sequence>
  <level>END</level>
  <class>com.kms.katalon.core.logging.XmlKeywordLogger</class>
  <method>endKeyword</method>
  <thread>1</thread>
  <message>End action : Rows = Table.findElements(By.tagName(\&amp;quot;tr\&amp;quot;))</message>
  <nestedLevel>1</nestedLevel>
</record>
<record>
  <date>2019-01-06T10:35:00</date>
  <millis>1546763700418</millis>
  <sequence>96</sequence>
  <level>START</level>
  <class>com.kms.katalon.core.logging.XmlKeywordLogger</class>
  <method>startKeyword</method>
  <thread>1</thread>
  <message>Start action : println(\&amp;quot;No. of rows: \&amp;quot; + Rows.size())</message>
  <nestedLevel>1</nestedLevel>
  <property name="startLine">39</property>
  <property name="stepIndex">8</property>
</record>
<record>
  <date>2019-01-06T10:35:00</date>
  <millis>1546763700425</millis>
  <sequence>97</sequence>
  <level>END</level>
  <class>com.kms.katalon.core.logging.XmlKeywordLogger</class>
  <method>endKeyword</method>
  <thread>1</thread>
  <message>End action : println(\&amp;quot;No. of rows: \&amp;quot; + Rows.size())</message>
  <nestedLevel>1</nestedLevel>
</record>
<record>
  <date>2019-01-06T10:35:00</date>
  <millis>1546763700426</millis>
  <sequence>98</sequence>
  <level>START</level>
  <class>com.kms.katalon.core.logging.XmlKeywordLogger</class>
  <method>startKeyword</method>
  <thread>1</thread>
  <message>Start action : \&amp;quot;Find a matching text in a table and performing action\&amp;quot;</message>
  <nestedLevel>1</nestedLevel>
  <property name="startLine">41</property>
  <property name="stepIndex">9</property>
</record>
<record>
  <date>2019-01-06T10:35:00</date>
  <millis>1546763700429</millis>
  <sequence>99</sequence>
  <level>END</level>
  <class>com.kms.katalon.core.logging.XmlKeywordLogger</class>
  <method>endKeyword</method>
  <thread>1</thread>
  <message>End action : \&amp;quot;Find a matching text in a table and performing action\&amp;quot;</message>
  <nestedLevel>1</nestedLevel>
</record>
<record>
  <date>2019-01-06T10:35:00</date>
  <millis>1546763700429</millis>
  <sequence>100</sequence>
  <level>START</level>
  <class>com.kms.katalon.core.logging.XmlKeywordLogger</class>
  <method>startKeyword</method>
  <thread>1</thread>
  <message>Start action : for ([i = 0, i &amp;lt; Rows.size(), (i++)])</message>
  <nestedLevel>1</nestedLevel>
  <property name="startLine">44</property>
  <property name="stepIndex">10</property>
  <property name="description">Loop will execute for all the rows of the table</property>
</record>
<record>
  <date>2019-01-06T10:35:00</date>
  <millis>1546763700431</millis>
  <sequence>101</sequence>
  <level>START</level>
  <class>com.kms.katalon.core.logging.XmlKeywordLogger</class>
  <method>startKeyword</method>
  <thread>1</thread>
  <message>Start action : Cols = get(i).findElements(By.tagName(\&amp;quot;td\&amp;quot;))</message>
  <nestedLevel>2</nestedLevel>
  <property name="startLine">46</property>
  <property name="stepIndex">1</property>
  <property name="description">To locate columns(cells) of that specific row</property>
</record>
<record>
  <date>2019-01-06T10:35:00</date>
  <millis>1546763700507</millis>
  <sequence>102</sequence>
  <level>END</level>
  <class>com.kms.katalon.core.logging.XmlKeywordLogger</class>
  <method>endKeyword</method>
  <thread>1</thread>
  <message>End action : Cols = get(i).findElements(By.tagName(\&amp;quot;td\&amp;quot;))</message>
  <nestedLevel>2</nestedLevel>
</record>
<record>
  <date>2019-01-06T10:35:00</date>
  <millis>1546763700508</millis>
  <sequence>103</sequence>
  <level>START</level>
  <class>com.kms.katalon.core.logging.XmlKeywordLogger</class>
  <method>startKeyword</method>
  <thread>1</thread>
  <message>Start action : for ([j = 0, j &amp;lt; Cols.size(), (j++)])</message>
  <nestedLevel>2</nestedLevel>
  <property name="startLine">48</property>
  <property name="stepIndex">2</property>
</record>
<record>
  <date>2019-01-06T10:35:00</date>
  <millis>1546763700509</millis>
  <sequence>104</sequence>
  <level>END</level>
  <class>com.kms.katalon.core.logging.XmlKeywordLogger</class>
  <method>endKeyword</method>
  <thread>1</thread>
  <message>End action : for ([j = 0, j &amp;lt; Cols.size(), (j++)])</message>
  <nestedLevel>2</nestedLevel>
</record>
<record>
  <date>2019-01-06T10:35:00</date>
  <millis>1546763700535</millis>
  <sequence>105</sequence>
  <level>START</level>
  <class>com.kms.katalon.core.logging.XmlKeywordLogger</class>
  <method>startKeyword</method>
  <thread>1</thread>
  <message>Start action : Cols = get(i).findElements(By.tagName(\&amp;quot;td\&amp;quot;))</message>
  <nestedLevel>2</nestedLevel>
  <property name="startLine">46</property>
  <property name="stepIndex">1</property>
  <property name="description">To locate columns(cells) of that specific row</property>
</record>
<record>
  <date>2019-01-06T10:35:00</date>
  <millis>1546763700630</millis>
  <sequence>106</sequence>
  <level>END</level>
  <class>com.kms.katalon.core.logging.XmlKeywordLogger</class>
  <method>endKeyword</method>
  <thread>1</thread>
  <message>End action : Cols = get(i).findElements(By.tagName(\&amp;quot;td\&amp;quot;))</message>
  <nestedLevel>2</nestedLevel>
</record>
<record>
  <date>2019-01-06T10:35:00</date>
  <millis>1546763700630</millis>
  <sequence>107</sequence>
  <level>START</level>
  <class>com.kms.katalon.core.logging.XmlKeywordLogger</class>
  <method>startKeyword</method>
  <thread>1</thread>
  <message>Start action : for ([j = 0, j &amp;lt; Cols.size(), (j++)])</message>
  <nestedLevel>2</nestedLevel>
  <property name="startLine">48</property>
  <property name="stepIndex">2</property>
</record>
<record>
  <date>2019-01-06T10:35:00</date>
  <millis>1546763700631</millis>
  <sequence>108</sequence>
  <level>START</level>
  <class>com.kms.katalon.core.logging.XmlKeywordLogger</class>
  <method>startKeyword</method>
  <thread>1</thread>
  <message>Start action : if (getText().equalsIgnoreCase(ExpectedValue))</message>
  <nestedLevel>3</nestedLevel>
  <property name="startLine">50</property>
  <property name="stepIndex">1</property>
  <property name="description">Verifying the expected text in the each cell</property>
</record>
<record>
  <date>2019-01-06T10:35:00</date>
  <millis>1546763700694</millis>
  <sequence>109</sequence>
  <level>END</level>
  <class>com.kms.katalon.core.logging.XmlKeywordLogger</class>
  <method>endKeyword</method>
  <thread>1</thread>
  <message>End action : if (getText().equalsIgnoreCase(ExpectedValue))</message>
  <nestedLevel>3</nestedLevel>
</record>
<record>
  <date>2019-01-06T10:35:00</date>
  <millis>1546763700694</millis>
  <sequence>110</sequence>
  <level>START</level>
  <class>com.kms.katalon.core.logging.XmlKeywordLogger</class>
  <method>startKeyword</method>
  <thread>1</thread>
  <message>Start action : if (getText().equalsIgnoreCase(ExpectedValue))</message>
  <nestedLevel>3</nestedLevel>
  <property name="startLine">50</property>
  <property name="stepIndex">1</property>
  <property name="description">Verifying the expected text in the each cell</property>
</record>
<record>
  <date>2019-01-06T10:35:00</date>
  <millis>1546763700744</millis>
  <sequence>111</sequence>
  <level>END</level>
  <class>com.kms.katalon.core.logging.XmlKeywordLogger</class>
  <method>endKeyword</method>
  <thread>1</thread>
  <message>End action : if (getText().equalsIgnoreCase(ExpectedValue))</message>
  <nestedLevel>3</nestedLevel>
</record>
<record>
  <date>2019-01-06T10:35:00</date>
  <millis>1546763700744</millis>
  <sequence>112</sequence>
  <level>START</level>
  <class>com.kms.katalon.core.logging.XmlKeywordLogger</class>
  <method>startKeyword</method>
  <thread>1</thread>
  <message>Start action : if (getText().equalsIgnoreCase(ExpectedValue))</message>
  <nestedLevel>3</nestedLevel>
  <property name="startLine">50</property>
  <property name="stepIndex">1</property>
  <property name="description">Verifying the expected text in the each cell</property>
</record>
<record>
  <date>2019-01-06T10:35:00</date>
  <millis>1546763700788</millis>
  <sequence>113</sequence>
  <level>END</level>
  <class>com.kms.katalon.core.logging.XmlKeywordLogger</class>
  <method>endKeyword</method>
  <thread>1</thread>
  <message>End action : if (getText().equalsIgnoreCase(ExpectedValue))</message>
  <nestedLevel>3</nestedLevel>
</record>
<record>
  <date>2019-01-06T10:35:00</date>
  <millis>1546763700789</millis>
  <sequence>114</sequence>
  <level>END</level>
  <class>com.kms.katalon.core.logging.XmlKeywordLogger</class>
  <method>endKeyword</method>
  <thread>1</thread>
  <message>End action : for ([j = 0, j &amp;lt; Cols.size(), (j++)])</message>
  <nestedLevel>2</nestedLevel>
</record>
<record>
  <date>2019-01-06T10:35:00</date>
  <millis>1546763700789</millis>
  <sequence>115</sequence>
  <level>START</level>
  <class>com.kms.katalon.core.logging.XmlKeywordLogger</class>
  <method>startKeyword</method>
  <thread>1</thread>
  <message>Start action : Cols = get(i).findElements(By.tagName(\&amp;quot;td\&amp;quot;))</message>
  <nestedLevel>2</nestedLevel>
  <property name="startLine">46</property>
  <property name="stepIndex">1</property>
  <property name="description">To locate columns(cells) of that specific row</property>
</record>
<record>
  <date>2019-01-06T10:35:00</date>
  <millis>1546763700832</millis>
  <sequence>116</sequence>
  <level>END</level>
  <class>com.kms.katalon.core.logging.XmlKeywordLogger</class>
  <method>endKeyword</method>
  <thread>1</thread>
  <message>End action : Cols = get(i).findElements(By.tagName(\&amp;quot;td\&amp;quot;))</message>
  <nestedLevel>2</nestedLevel>
</record>
<record>
  <date>2019-01-06T10:35:00</date>
  <millis>1546763700833</millis>
  <sequence>117</sequence>
  <level>START</level>
  <class>com.kms.katalon.core.logging.XmlKeywordLogger</class>
  <method>startKeyword</method>
  <thread>1</thread>
  <message>Start action : for ([j = 0, j &amp;lt; Cols.size(), (j++)])</message>
  <nestedLevel>2</nestedLevel>
  <property name="startLine">48</property>
  <property name="stepIndex">2</property>
</record>
<record>
  <date>2019-01-06T10:35:00</date>
  <millis>1546763700833</millis>
  <sequence>118</sequence>
  <level>START</level>
  <class>com.kms.katalon.core.logging.XmlKeywordLogger</class>
  <method>startKeyword</method>
  <thread>1</thread>
  <message>Start action : if (getText().equalsIgnoreCase(ExpectedValue))</message>
  <nestedLevel>3</nestedLevel>
  <property name="startLine">50</property>
  <property name="stepIndex">1</property>
  <property name="description">Verifying the expected text in the each cell</property>
</record>
<record>
  <date>2019-01-06T10:35:00</date>
  <millis>1546763700880</millis>
  <sequence>119</sequence>
  <level>END</level>
  <class>com.kms.katalon.core.logging.XmlKeywordLogger</class>
  <method>endKeyword</method>
  <thread>1</thread>
  <message>End action : if (getText().equalsIgnoreCase(ExpectedValue))</message>
  <nestedLevel>3</nestedLevel>
</record>
<record>
  <date>2019-01-06T10:35:00</date>
  <millis>1546763700880</millis>
  <sequence>120</sequence>
  <level>START</level>
  <class>com.kms.katalon.core.logging.XmlKeywordLogger</class>
  <method>startKeyword</method>
  <thread>1</thread>
  <message>Start action : if (getText().equalsIgnoreCase(ExpectedValue))</message>
  <nestedLevel>3</nestedLevel>
  <property name="startLine">50</property>
  <property name="stepIndex">1</property>
  <property name="description">Verifying the expected text in the each cell</property>
</record>
<record>
  <date>2019-01-06T10:35:00</date>
  <millis>1546763700917</millis>
  <sequence>121</sequence>
  <level>END</level>
  <class>com.kms.katalon.core.logging.XmlKeywordLogger</class>
  <method>endKeyword</method>
  <thread>1</thread>
  <message>End action : if (getText().equalsIgnoreCase(ExpectedValue))</message>
  <nestedLevel>3</nestedLevel>
</record>
<record>
  <date>2019-01-06T10:35:00</date>
  <millis>1546763700918</millis>
  <sequence>122</sequence>
  <level>START</level>
  <class>com.kms.katalon.core.logging.XmlKeywordLogger</class>
  <method>startKeyword</method>
  <thread>1</thread>
  <message>Start action : if (getText().equalsIgnoreCase(ExpectedValue))</message>
  <nestedLevel>3</nestedLevel>
  <property name="startLine">50</property>
  <property name="stepIndex">1</property>
  <property name="description">Verifying the expected text in the each cell</property>
</record>
<record>
  <date>2019-01-06T10:35:01</date>
  <millis>1546763701384</millis>
  <sequence>123</sequence>
  <level>END</level>
  <class>com.kms.katalon.core.logging.XmlKeywordLogger</class>
  <method>endKeyword</method>
  <thread>1</thread>
  <message>End action : if (getText().equalsIgnoreCase(ExpectedValue))</message>
  <nestedLevel>3</nestedLevel>
</record>
<record>
  <date>2019-01-06T10:35:01</date>
  <millis>1546763701385</millis>
  <sequence>124</sequence>
  <level>END</level>
  <class>com.kms.katalon.core.logging.XmlKeywordLogger</class>
  <method>endKeyword</method>
  <thread>1</thread>
  <message>End action : for ([j = 0, j &amp;lt; Cols.size(), (j++)])</message>
  <nestedLevel>2</nestedLevel>
</record>
<record>
  <date>2019-01-06T10:35:01</date>
  <millis>1546763701385</millis>
  <sequence>125</sequence>
  <level>START</level>
  <class>com.kms.katalon.core.logging.XmlKeywordLogger</class>
  <method>startKeyword</method>
  <thread>1</thread>
  <message>Start action : Cols = get(i).findElements(By.tagName(\&amp;quot;td\&amp;quot;))</message>
  <nestedLevel>2</nestedLevel>
  <property name="startLine">46</property>
  <property name="stepIndex">1</property>
  <property name="description">To locate columns(cells) of that specific row</property>
</record>
<record>
  <date>2019-01-06T10:35:01</date>
  <millis>1546763701433</millis>
  <sequence>126</sequence>
  <level>END</level>
  <class>com.kms.katalon.core.logging.XmlKeywordLogger</class>
  <method>endKeyword</method>
  <thread>1</thread>
  <message>End action : Cols = get(i).findElements(By.tagName(\&amp;quot;td\&amp;quot;))</message>
  <nestedLevel>2</nestedLevel>
</record>
<record>
  <date>2019-01-06T10:35:01</date>
  <millis>1546763701434</millis>
  <sequence>127</sequence>
  <level>START</level>
  <class>com.kms.katalon.core.logging.XmlKeywordLogger</class>
  <method>startKeyword</method>
  <thread>1</thread>
  <message>Start action : for ([j = 0, j &amp;lt; Cols.size(), (j++)])</message>
  <nestedLevel>2</nestedLevel>
  <property name="startLine">48</property>
  <property name="stepIndex">2</property>
</record>
<record>
  <date>2019-01-06T10:35:01</date>
  <millis>1546763701434</millis>
  <sequence>128</sequence>
  <level>START</level>
  <class>com.kms.katalon.core.logging.XmlKeywordLogger</class>
  <method>startKeyword</method>
  <thread>1</thread>
  <message>Start action : if (getText().equalsIgnoreCase(ExpectedValue))</message>
  <nestedLevel>3</nestedLevel>
  <property name="startLine">50</property>
  <property name="stepIndex">1</property>
  <property name="description">Verifying the expected text in the each cell</property>
</record>
<record>
  <date>2019-01-06T10:35:01</date>
  <millis>1546763701491</millis>
  <sequence>129</sequence>
  <level>END</level>
  <class>com.kms.katalon.core.logging.XmlKeywordLogger</class>
  <method>endKeyword</method>
  <thread>1</thread>
  <message>End action : if (getText().equalsIgnoreCase(ExpectedValue))</message>
  <nestedLevel>3</nestedLevel>
</record>
<record>
  <date>2019-01-06T10:35:01</date>
  <millis>1546763701492</millis>
  <sequence>130</sequence>
  <level>START</level>
  <class>com.kms.katalon.core.logging.XmlKeywordLogger</class>
  <method>startKeyword</method>
  <thread>1</thread>
  <message>Start action : if (getText().equalsIgnoreCase(ExpectedValue))</message>
  <nestedLevel>3</nestedLevel>
  <property name="startLine">50</property>
  <property name="stepIndex">1</property>
  <property name="description">Verifying the expected text in the each cell</property>
</record>
<record>
  <date>2019-01-06T10:35:01</date>
  <millis>1546763701546</millis>
  <sequence>131</sequence>
  <level>END</level>
  <class>com.kms.katalon.core.logging.XmlKeywordLogger</class>
  <method>endKeyword</method>
  <thread>1</thread>
  <message>End action : if (getText().equalsIgnoreCase(ExpectedValue))</message>
  <nestedLevel>3</nestedLevel>
</record>
<record>
  <date>2019-01-06T10:35:01</date>
  <millis>1546763701547</millis>
  <sequence>132</sequence>
  <level>START</level>
  <class>com.kms.katalon.core.logging.XmlKeywordLogger</class>
  <method>startKeyword</method>
  <thread>1</thread>
  <message>Start action : if (getText().equalsIgnoreCase(ExpectedValue))</message>
  <nestedLevel>3</nestedLevel>
  <property name="startLine">50</property>
  <property name="stepIndex">1</property>
  <property name="description">Verifying the expected text in the each cell</property>
</record>
<record>
  <date>2019-01-06T10:35:01</date>
  <millis>1546763701588</millis>
  <sequence>133</sequence>
  <level>END</level>
  <class>com.kms.katalon.core.logging.XmlKeywordLogger</class>
  <method>endKeyword</method>
  <thread>1</thread>
  <message>End action : if (getText().equalsIgnoreCase(ExpectedValue))</message>
  <nestedLevel>3</nestedLevel>
</record>
<record>
  <date>2019-01-06T10:35:01</date>
  <millis>1546763701588</millis>
  <sequence>134</sequence>
  <level>END</level>
  <class>com.kms.katalon.core.logging.XmlKeywordLogger</class>
  <method>endKeyword</method>
  <thread>1</thread>
  <message>End action : for ([j = 0, j &amp;lt; Cols.size(), (j++)])</message>
  <nestedLevel>2</nestedLevel>
</record>
<record>
  <date>2019-01-06T10:35:01</date>
  <millis>1546763701588</millis>
  <sequence>135</sequence>
  <level>START</level>
  <class>com.kms.katalon.core.logging.XmlKeywordLogger</class>
  <method>startKeyword</method>
  <thread>1</thread>
  <message>Start action : Cols = get(i).findElements(By.tagName(\&amp;quot;td\&amp;quot;))</message>
  <nestedLevel>2</nestedLevel>
  <property name="startLine">46</property>
  <property name="stepIndex">1</property>
  <property name="description">To locate columns(cells) of that specific row</property>
</record>
<record>
  <date>2019-01-06T10:35:01</date>
  <millis>1546763701620</millis>
  <sequence>136</sequence>
  <level>END</level>
  <class>com.kms.katalon.core.logging.XmlKeywordLogger</class>
  <method>endKeyword</method>
  <thread>1</thread>
  <message>End action : Cols = get(i).findElements(By.tagName(\&amp;quot;td\&amp;quot;))</message>
  <nestedLevel>2</nestedLevel>
</record>
<record>
  <date>2019-01-06T10:35:01</date>
  <millis>1546763701620</millis>
  <sequence>137</sequence>
  <level>START</level>
  <class>com.kms.katalon.core.logging.XmlKeywordLogger</class>
  <method>startKeyword</method>
  <thread>1</thread>
  <message>Start action : for ([j = 0, j &amp;lt; Cols.size(), (j++)])</message>
  <nestedLevel>2</nestedLevel>
  <property name="startLine">48</property>
  <property name="stepIndex">2</property>
</record>
<record>
  <date>2019-01-06T10:35:01</date>
  <millis>1546763701621</millis>
  <sequence>138</sequence>
  <level>START</level>
  <class>com.kms.katalon.core.logging.XmlKeywordLogger</class>
  <method>startKeyword</method>
  <thread>1</thread>
  <message>Start action : if (getText().equalsIgnoreCase(ExpectedValue))</message>
  <nestedLevel>3</nestedLevel>
  <property name="startLine">50</property>
  <property name="stepIndex">1</property>
  <property name="description">Verifying the expected text in the each cell</property>
</record>
<record>
  <date>2019-01-06T10:35:01</date>
  <millis>1546763701654</millis>
  <sequence>139</sequence>
  <level>END</level>
  <class>com.kms.katalon.core.logging.XmlKeywordLogger</class>
  <method>endKeyword</method>
  <thread>1</thread>
  <message>End action : if (getText().equalsIgnoreCase(ExpectedValue))</message>
  <nestedLevel>3</nestedLevel>
</record>
<record>
  <date>2019-01-06T10:35:01</date>
  <millis>1546763701655</millis>
  <sequence>140</sequence>
  <level>START</level>
  <class>com.kms.katalon.core.logging.XmlKeywordLogger</class>
  <method>startKeyword</method>
  <thread>1</thread>
  <message>Start action : if (getText().equalsIgnoreCase(ExpectedValue))</message>
  <nestedLevel>3</nestedLevel>
  <property name="startLine">50</property>
  <property name="stepIndex">1</property>
  <property name="description">Verifying the expected text in the each cell</property>
</record>
<record>
  <date>2019-01-06T10:35:01</date>
  <millis>1546763701684</millis>
  <sequence>141</sequence>
  <level>END</level>
  <class>com.kms.katalon.core.logging.XmlKeywordLogger</class>
  <method>endKeyword</method>
  <thread>1</thread>
  <message>End action : if (getText().equalsIgnoreCase(ExpectedValue))</message>
  <nestedLevel>3</nestedLevel>
</record>
<record>
  <date>2019-01-06T10:35:01</date>
  <millis>1546763701685</millis>
  <sequence>142</sequence>
  <level>START</level>
  <class>com.kms.katalon.core.logging.XmlKeywordLogger</class>
  <method>startKeyword</method>
  <thread>1</thread>
  <message>Start action : if (getText().equalsIgnoreCase(ExpectedValue))</message>
  <nestedLevel>3</nestedLevel>
  <property name="startLine">50</property>
  <property name="stepIndex">1</property>
  <property name="description">Verifying the expected text in the each cell</property>
</record>
<record>
  <date>2019-01-06T10:35:01</date>
  <millis>1546763701715</millis>
  <sequence>143</sequence>
  <level>END</level>
  <class>com.kms.katalon.core.logging.XmlKeywordLogger</class>
  <method>endKeyword</method>
  <thread>1</thread>
  <message>End action : if (getText().equalsIgnoreCase(ExpectedValue))</message>
  <nestedLevel>3</nestedLevel>
</record>
<record>
  <date>2019-01-06T10:35:01</date>
  <millis>1546763701716</millis>
  <sequence>144</sequence>
  <level>END</level>
  <class>com.kms.katalon.core.logging.XmlKeywordLogger</class>
  <method>endKeyword</method>
  <thread>1</thread>
  <message>End action : for ([j = 0, j &amp;lt; Cols.size(), (j++)])</message>
  <nestedLevel>2</nestedLevel>
</record>
<record>
  <date>2019-01-06T10:35:01</date>
  <millis>1546763701716</millis>
  <sequence>145</sequence>
  <level>START</level>
  <class>com.kms.katalon.core.logging.XmlKeywordLogger</class>
  <method>startKeyword</method>
  <thread>1</thread>
  <message>Start action : Cols = get(i).findElements(By.tagName(\&amp;quot;td\&amp;quot;))</message>
  <nestedLevel>2</nestedLevel>
  <property name="startLine">46</property>
  <property name="stepIndex">1</property>
  <property name="description">To locate columns(cells) of that specific row</property>
</record>
<record>
  <date>2019-01-06T10:35:01</date>
  <millis>1546763701746</millis>
  <sequence>146</sequence>
  <level>END</level>
  <class>com.kms.katalon.core.logging.XmlKeywordLogger</class>
  <method>endKeyword</method>
  <thread>1</thread>
  <message>End action : Cols = get(i).findElements(By.tagName(\&amp;quot;td\&amp;quot;))</message>
  <nestedLevel>2</nestedLevel>
</record>
<record>
  <date>2019-01-06T10:35:01</date>
  <millis>1546763701746</millis>
  <sequence>147</sequence>
  <level>START</level>
  <class>com.kms.katalon.core.logging.XmlKeywordLogger</class>
  <method>startKeyword</method>
  <thread>1</thread>
  <message>Start action : for ([j = 0, j &amp;lt; Cols.size(), (j++)])</message>
  <nestedLevel>2</nestedLevel>
  <property name="startLine">48</property>
  <property name="stepIndex">2</property>
</record>
<record>
  <date>2019-01-06T10:35:01</date>
  <millis>1546763701747</millis>
  <sequence>148</sequence>
  <level>START</level>
  <class>com.kms.katalon.core.logging.XmlKeywordLogger</class>
  <method>startKeyword</method>
  <thread>1</thread>
  <message>Start action : if (getText().equalsIgnoreCase(ExpectedValue))</message>
  <nestedLevel>3</nestedLevel>
  <property name="startLine">50</property>
  <property name="stepIndex">1</property>
  <property name="description">Verifying the expected text in the each cell</property>
</record>
<record>
  <date>2019-01-06T10:35:01</date>
  <millis>1546763701785</millis>
  <sequence>149</sequence>
  <level>END</level>
  <class>com.kms.katalon.core.logging.XmlKeywordLogger</class>
  <method>endKeyword</method>
  <thread>1</thread>
  <message>End action : if (getText().equalsIgnoreCase(ExpectedValue))</message>
  <nestedLevel>3</nestedLevel>
</record>
<record>
  <date>2019-01-06T10:35:01</date>
  <millis>1546763701786</millis>
  <sequence>150</sequence>
  <level>START</level>
  <class>com.kms.katalon.core.logging.XmlKeywordLogger</class>
  <method>startKeyword</method>
  <thread>1</thread>
  <message>Start action : if (getText().equalsIgnoreCase(ExpectedValue))</message>
  <nestedLevel>3</nestedLevel>
  <property name="startLine">50</property>
  <property name="stepIndex">1</property>
  <property name="description">Verifying the expected text in the each cell</property>
</record>
<record>
  <date>2019-01-06T10:35:01</date>
  <millis>1546763701819</millis>
  <sequence>151</sequence>
  <level>END</level>
  <class>com.kms.katalon.core.logging.XmlKeywordLogger</class>
  <method>endKeyword</method>
  <thread>1</thread>
  <message>End action : if (getText().equalsIgnoreCase(ExpectedValue))</message>
  <nestedLevel>3</nestedLevel>
</record>
<record>
  <date>2019-01-06T10:35:01</date>
  <millis>1546763701819</millis>
  <sequence>152</sequence>
  <level>START</level>
  <class>com.kms.katalon.core.logging.XmlKeywordLogger</class>
  <method>startKeyword</method>
  <thread>1</thread>
  <message>Start action : if (getText().equalsIgnoreCase(ExpectedValue))</message>
  <nestedLevel>3</nestedLevel>
  <property name="startLine">50</property>
  <property name="stepIndex">1</property>
  <property name="description">Verifying the expected text in the each cell</property>
</record>
<record>
  <date>2019-01-06T10:35:01</date>
  <millis>1546763701852</millis>
  <sequence>153</sequence>
  <level>END</level>
  <class>com.kms.katalon.core.logging.XmlKeywordLogger</class>
  <method>endKeyword</method>
  <thread>1</thread>
  <message>End action : if (getText().equalsIgnoreCase(ExpectedValue))</message>
  <nestedLevel>3</nestedLevel>
</record>
<record>
  <date>2019-01-06T10:35:01</date>
  <millis>1546763701853</millis>
  <sequence>154</sequence>
  <level>END</level>
  <class>com.kms.katalon.core.logging.XmlKeywordLogger</class>
  <method>endKeyword</method>
  <thread>1</thread>
  <message>End action : for ([j = 0, j &amp;lt; Cols.size(), (j++)])</message>
  <nestedLevel>2</nestedLevel>
</record>
<record>
  <date>2019-01-06T10:35:01</date>
  <millis>1546763701854</millis>
  <sequence>155</sequence>
  <level>START</level>
  <class>com.kms.katalon.core.logging.XmlKeywordLogger</class>
  <method>startKeyword</method>
  <thread>1</thread>
  <message>Start action : Cols = get(i).findElements(By.tagName(\&amp;quot;td\&amp;quot;))</message>
  <nestedLevel>2</nestedLevel>
  <property name="startLine">46</property>
  <property name="stepIndex">1</property>
  <property name="description">To locate columns(cells) of that specific row</property>
</record>
<record>
  <date>2019-01-06T10:35:01</date>
  <millis>1546763701876</millis>
  <sequence>156</sequence>
  <level>END</level>
  <class>com.kms.katalon.core.logging.XmlKeywordLogger</class>
  <method>endKeyword</method>
  <thread>1</thread>
  <message>End action : Cols = get(i).findElements(By.tagName(\&amp;quot;td\&amp;quot;))</message>
  <nestedLevel>2</nestedLevel>
</record>
<record>
  <date>2019-01-06T10:35:01</date>
  <millis>1546763701876</millis>
  <sequence>157</sequence>
  <level>START</level>
  <class>com.kms.katalon.core.logging.XmlKeywordLogger</class>
  <method>startKeyword</method>
  <thread>1</thread>
  <message>Start action : for ([j = 0, j &amp;lt; Cols.size(), (j++)])</message>
  <nestedLevel>2</nestedLevel>
  <property name="startLine">48</property>
  <property name="stepIndex">2</property>
</record>
<record>
  <date>2019-01-06T10:35:01</date>
  <millis>1546763701877</millis>
  <sequence>158</sequence>
  <level>START</level>
  <class>com.kms.katalon.core.logging.XmlKeywordLogger</class>
  <method>startKeyword</method>
  <thread>1</thread>
  <message>Start action : if (getText().equalsIgnoreCase(ExpectedValue))</message>
  <nestedLevel>3</nestedLevel>
  <property name="startLine">50</property>
  <property name="stepIndex">1</property>
  <property name="description">Verifying the expected text in the each cell</property>
</record>
<record>
  <date>2019-01-06T10:35:01</date>
  <millis>1546763701913</millis>
  <sequence>159</sequence>
  <level>END</level>
  <class>com.kms.katalon.core.logging.XmlKeywordLogger</class>
  <method>endKeyword</method>
  <thread>1</thread>
  <message>End action : if (getText().equalsIgnoreCase(ExpectedValue))</message>
  <nestedLevel>3</nestedLevel>
</record>
<record>
  <date>2019-01-06T10:35:01</date>
  <millis>1546763701914</millis>
  <sequence>160</sequence>
  <level>START</level>
  <class>com.kms.katalon.core.logging.XmlKeywordLogger</class>
  <method>startKeyword</method>
  <thread>1</thread>
  <message>Start action : if (getText().equalsIgnoreCase(ExpectedValue))</message>
  <nestedLevel>3</nestedLevel>
  <property name="startLine">50</property>
  <property name="stepIndex">1</property>
  <property name="description">Verifying the expected text in the each cell</property>
</record>
<record>
  <date>2019-01-06T10:35:01</date>
  <millis>1546763701956</millis>
  <sequence>161</sequence>
  <level>END</level>
  <class>com.kms.katalon.core.logging.XmlKeywordLogger</class>
  <method>endKeyword</method>
  <thread>1</thread>
  <message>End action : if (getText().equalsIgnoreCase(ExpectedValue))</message>
  <nestedLevel>3</nestedLevel>
</record>
<record>
  <date>2019-01-06T10:35:01</date>
  <millis>1546763701956</millis>
  <sequence>162</sequence>
  <level>START</level>
  <class>com.kms.katalon.core.logging.XmlKeywordLogger</class>
  <method>startKeyword</method>
  <thread>1</thread>
  <message>Start action : if (getText().equalsIgnoreCase(ExpectedValue))</message>
  <nestedLevel>3</nestedLevel>
  <property name="startLine">50</property>
  <property name="stepIndex">1</property>
  <property name="description">Verifying the expected text in the each cell</property>
</record>
<record>
  <date>2019-01-06T10:35:01</date>
  <millis>1546763701991</millis>
  <sequence>163</sequence>
  <level>END</level>
  <class>com.kms.katalon.core.logging.XmlKeywordLogger</class>
  <method>endKeyword</method>
  <thread>1</thread>
  <message>End action : if (getText().equalsIgnoreCase(ExpectedValue))</message>
  <nestedLevel>3</nestedLevel>
</record>
<record>
  <date>2019-01-06T10:35:01</date>
  <millis>1546763701991</millis>
  <sequence>164</sequence>
  <level>END</level>
  <class>com.kms.katalon.core.logging.XmlKeywordLogger</class>
  <method>endKeyword</method>
  <thread>1</thread>
  <message>End action : for ([j = 0, j &amp;lt; Cols.size(), (j++)])</message>
  <nestedLevel>2</nestedLevel>
</record>
<record>
  <date>2019-01-06T10:35:01</date>
  <millis>1546763701992</millis>
  <sequence>165</sequence>
  <level>START</level>
  <class>com.kms.katalon.core.logging.XmlKeywordLogger</class>
  <method>startKeyword</method>
  <thread>1</thread>
  <message>Start action : Cols = get(i).findElements(By.tagName(\&amp;quot;td\&amp;quot;))</message>
  <nestedLevel>2</nestedLevel>
  <property name="startLine">46</property>
  <property name="stepIndex">1</property>
  <property name="description">To locate columns(cells) of that specific row</property>
</record>
<record>
  <date>2019-01-06T10:35:02</date>
  <millis>1546763702018</millis>
  <sequence>166</sequence>
  <level>END</level>
  <class>com.kms.katalon.core.logging.XmlKeywordLogger</class>
  <method>endKeyword</method>
  <thread>1</thread>
  <message>End action : Cols = get(i).findElements(By.tagName(\&amp;quot;td\&amp;quot;))</message>
  <nestedLevel>2</nestedLevel>
</record>
<record>
  <date>2019-01-06T10:35:02</date>
  <millis>1546763702019</millis>
  <sequence>167</sequence>
  <level>START</level>
  <class>com.kms.katalon.core.logging.XmlKeywordLogger</class>
  <method>startKeyword</method>
  <thread>1</thread>
  <message>Start action : for ([j = 0, j &amp;lt; Cols.size(), (j++)])</message>
  <nestedLevel>2</nestedLevel>
  <property name="startLine">48</property>
  <property name="stepIndex">2</property>
</record>
<record>
  <date>2019-01-06T10:35:02</date>
  <millis>1546763702019</millis>
  <sequence>168</sequence>
  <level>START</level>
  <class>com.kms.katalon.core.logging.XmlKeywordLogger</class>
  <method>startKeyword</method>
  <thread>1</thread>
  <message>Start action : if (getText().equalsIgnoreCase(ExpectedValue))</message>
  <nestedLevel>3</nestedLevel>
  <property name="startLine">50</property>
  <property name="stepIndex">1</property>
  <property name="description">Verifying the expected text in the each cell</property>
</record>
<record>
  <date>2019-01-06T10:35:02</date>
  <millis>1546763702050</millis>
  <sequence>169</sequence>
  <level>END</level>
  <class>com.kms.katalon.core.logging.XmlKeywordLogger</class>
  <method>endKeyword</method>
  <thread>1</thread>
  <message>End action : if (getText().equalsIgnoreCase(ExpectedValue))</message>
  <nestedLevel>3</nestedLevel>
</record>
<record>
  <date>2019-01-06T10:35:02</date>
  <millis>1546763702051</millis>
  <sequence>170</sequence>
  <level>START</level>
  <class>com.kms.katalon.core.logging.XmlKeywordLogger</class>
  <method>startKeyword</method>
  <thread>1</thread>
  <message>Start action : if (getText().equalsIgnoreCase(ExpectedValue))</message>
  <nestedLevel>3</nestedLevel>
  <property name="startLine">50</property>
  <property name="stepIndex">1</property>
  <property name="description">Verifying the expected text in the each cell</property>
</record>
<record>
  <date>2019-01-06T10:35:02</date>
  <millis>1546763702083</millis>
  <sequence>171</sequence>
  <level>END</level>
  <class>com.kms.katalon.core.logging.XmlKeywordLogger</class>
  <method>endKeyword</method>
  <thread>1</thread>
  <message>End action : if (getText().equalsIgnoreCase(ExpectedValue))</message>
  <nestedLevel>3</nestedLevel>
</record>
<record>
  <date>2019-01-06T10:35:02</date>
  <millis>1546763702084</millis>
  <sequence>172</sequence>
  <level>START</level>
  <class>com.kms.katalon.core.logging.XmlKeywordLogger</class>
  <method>startKeyword</method>
  <thread>1</thread>
  <message>Start action : if (getText().equalsIgnoreCase(ExpectedValue))</message>
  <nestedLevel>3</nestedLevel>
  <property name="startLine">50</property>
  <property name="stepIndex">1</property>
  <property name="description">Verifying the expected text in the each cell</property>
</record>
<record>
  <date>2019-01-06T10:35:02</date>
  <millis>1546763702117</millis>
  <sequence>173</sequence>
  <level>END</level>
  <class>com.kms.katalon.core.logging.XmlKeywordLogger</class>
  <method>endKeyword</method>
  <thread>1</thread>
  <message>End action : if (getText().equalsIgnoreCase(ExpectedValue))</message>
  <nestedLevel>3</nestedLevel>
</record>
<record>
  <date>2019-01-06T10:35:02</date>
  <millis>1546763702118</millis>
  <sequence>174</sequence>
  <level>END</level>
  <class>com.kms.katalon.core.logging.XmlKeywordLogger</class>
  <method>endKeyword</method>
  <thread>1</thread>
  <message>End action : for ([j = 0, j &amp;lt; Cols.size(), (j++)])</message>
  <nestedLevel>2</nestedLevel>
</record>
<record>
  <date>2019-01-06T10:35:02</date>
  <millis>1546763702118</millis>
  <sequence>175</sequence>
  <level>START</level>
  <class>com.kms.katalon.core.logging.XmlKeywordLogger</class>
  <method>startKeyword</method>
  <thread>1</thread>
  <message>Start action : Cols = get(i).findElements(By.tagName(\&amp;quot;td\&amp;quot;))</message>
  <nestedLevel>2</nestedLevel>
  <property name="startLine">46</property>
  <property name="stepIndex">1</property>
  <property name="description">To locate columns(cells) of that specific row</property>
</record>
<record>
  <date>2019-01-06T10:35:02</date>
  <millis>1546763702142</millis>
  <sequence>176</sequence>
  <level>END</level>
  <class>com.kms.katalon.core.logging.XmlKeywordLogger</class>
  <method>endKeyword</method>
  <thread>1</thread>
  <message>End action : Cols = get(i).findElements(By.tagName(\&amp;quot;td\&amp;quot;))</message>
  <nestedLevel>2</nestedLevel>
</record>
<record>
  <date>2019-01-06T10:35:02</date>
  <millis>1546763702142</millis>
  <sequence>177</sequence>
  <level>START</level>
  <class>com.kms.katalon.core.logging.XmlKeywordLogger</class>
  <method>startKeyword</method>
  <thread>1</thread>
  <message>Start action : for ([j = 0, j &amp;lt; Cols.size(), (j++)])</message>
  <nestedLevel>2</nestedLevel>
  <property name="startLine">48</property>
  <property name="stepIndex">2</property>
</record>
<record>
  <date>2019-01-06T10:35:02</date>
  <millis>1546763702143</millis>
  <sequence>178</sequence>
  <level>START</level>
  <class>com.kms.katalon.core.logging.XmlKeywordLogger</class>
  <method>startKeyword</method>
  <thread>1</thread>
  <message>Start action : if (getText().equalsIgnoreCase(ExpectedValue))</message>
  <nestedLevel>3</nestedLevel>
  <property name="startLine">50</property>
  <property name="stepIndex">1</property>
  <property name="description">Verifying the expected text in the each cell</property>
</record>
<record>
  <date>2019-01-06T10:35:02</date>
  <millis>1546763702176</millis>
  <sequence>179</sequence>
  <level>END</level>
  <class>com.kms.katalon.core.logging.XmlKeywordLogger</class>
  <method>endKeyword</method>
  <thread>1</thread>
  <message>End action : if (getText().equalsIgnoreCase(ExpectedValue))</message>
  <nestedLevel>3</nestedLevel>
</record>
<record>
  <date>2019-01-06T10:35:02</date>
  <millis>1546763702176</millis>
  <sequence>180</sequence>
  <level>START</level>
  <class>com.kms.katalon.core.logging.XmlKeywordLogger</class>
  <method>startKeyword</method>
  <thread>1</thread>
  <message>Start action : if (getText().equalsIgnoreCase(ExpectedValue))</message>
  <nestedLevel>3</nestedLevel>
  <property name="startLine">50</property>
  <property name="stepIndex">1</property>
  <property name="description">Verifying the expected text in the each cell</property>
</record>
<record>
  <date>2019-01-06T10:35:02</date>
  <millis>1546763702213</millis>
  <sequence>181</sequence>
  <level>START</level>
  <class>com.kms.katalon.core.logging.XmlKeywordLogger</class>
  <method>startKeyword</method>
  <thread>1</thread>
  <message>Start action : tagName(\&amp;quot;a\&amp;quot;)).click()</message>
  <nestedLevel>4</nestedLevel>
  <property name="startLine">54</property>
  <property name="stepIndex">1</property>
  <property name="description">To locate anchor in the expected value matched row to perform action</property>
</record>
<record>
  <date>2019-01-06T10:35:02</date>
  <millis>1546763702842</millis>
  <sequence>182</sequence>
  <level>END</level>
  <class>com.kms.katalon.core.logging.XmlKeywordLogger</class>
  <method>endKeyword</method>
  <thread>1</thread>
  <message>End action : tagName(\&amp;quot;a\&amp;quot;)).click()</message>
  <nestedLevel>4</nestedLevel>
</record>
<record>
  <date>2019-01-06T10:35:02</date>
  <millis>1546763702842</millis>
  <sequence>183</sequence>
  <level>START</level>
  <class>com.kms.katalon.core.logging.XmlKeywordLogger</class>
  <method>startKeyword</method>
  <thread>1</thread>
  <message>Start action : break</message>
  <nestedLevel>4</nestedLevel>
  <property name="startLine">56</property>
  <property name="stepIndex">2</property>
</record>
<record>
  <date>2019-01-06T10:35:02</date>
  <millis>1546763702843</millis>
  <sequence>184</sequence>
  <level>END</level>
  <class>com.kms.katalon.core.logging.XmlKeywordLogger</class>
  <method>endKeyword</method>
  <thread>1</thread>
  <message>End action : break</message>
  <nestedLevel>4</nestedLevel>
</record>
<record>
  <date>2019-01-06T10:35:02</date>
  <millis>1546763702843</millis>
  <sequence>185</sequence>
  <level>END</level>
  <class>com.kms.katalon.core.logging.XmlKeywordLogger</class>
  <method>endKeyword</method>
  <thread>1</thread>
  <message>End action : if (getText().equalsIgnoreCase(ExpectedValue))</message>
  <nestedLevel>3</nestedLevel>
</record>
<record>
  <date>2019-01-06T10:35:02</date>
  <millis>1546763702843</millis>
  <sequence>186</sequence>
  <level>END</level>
  <class>com.kms.katalon.core.logging.XmlKeywordLogger</class>
  <method>endKeyword</method>
  <thread>1</thread>
  <message>End action : for ([j = 0, j &amp;lt; Cols.size(), (j++)])</message>
  <nestedLevel>2</nestedLevel>
</record>
<record>
  <date>2019-01-06T10:35:02</date>
  <millis>1546763702843</millis>
  <sequence>187</sequence>
  <level>START</level>
  <class>com.kms.katalon.core.logging.XmlKeywordLogger</class>
  <method>startKeyword</method>
  <thread>1</thread>
  <message>Start action : Cols = get(i).findElements(By.tagName(\&amp;quot;td\&amp;quot;))</message>
  <nestedLevel>2</nestedLevel>
  <property name="startLine">46</property>
  <property name="stepIndex">1</property>
  <property name="description">To locate columns(cells) of that specific row</property>
</record>
<record>
  <date>2019-01-06T10:35:02</date>
  <millis>1546763702896</millis>
  <sequence>189</sequence>
  <logger>com.kms.katalon.core.logging.XmlKeywordLogger</logger>
  <level>ERROR</level>
  <class>com.kms.katalon.core.logging.XmlKeywordLogger</class>
  <method>logMessage</method>
  <thread>1</thread>
  <message>for ([i = 0, i &amp;lt; Rows.size(), (i++)]) FAILED.\nReason:\norg.openqa.selenium.StaleElementReferenceException: stale element reference: element is not attached to the page document\n  (Session info: chrome=71.0.3578.98)\n  (Driver info: chromedriver=2.43.600210 (68dcf5eebde37173d4027fa8635e332711d2874a),platform=Windows NT 6.1.7601 SP1 x86_64) (WARNING: The server did not provide any stacktrace information)\nCommand duration or timeout: 0 milliseconds\nFor documentation on this error, please visit: http://seleniumhq.org/exceptions/stale_element_reference.html\nBuild info: version: &amp;apos;3.7.1&amp;apos;, revision: &amp;apos;8a0099a&amp;apos;, time: &amp;apos;2017-11-06T21:07:36.161Z&amp;apos;\nSystem info: host: &amp;apos;LPALXY0199&amp;apos;, ip: &amp;apos;192.168.3.51&amp;apos;, os.name: &amp;apos;Windows 7&amp;apos;, os.arch: &amp;apos;amd64&amp;apos;, os.version: &amp;apos;6.1&amp;apos;, java.version: &amp;apos;1.8.0_181&amp;apos;\nDriver info: com.kms.katalon.selenium.driver.CChromeDriver\nCapabilities {acceptInsecureCerts: false, acceptSslCerts: false, applicationCacheEnabled: false, browserConnectionEnabled: false, browserName: chrome, chrome: {chromedriverVersion: 2.43.600210 (68dcf5eebde371..., userDataDir: C:\\Users\\ADMINI~1\\AppData\\L...}, cssSelectorsEnabled: true, databaseEnabled: false, goog:chromeOptions: {debuggerAddress: localhost:60889}, handlesAlerts: true, hasTouchScreen: false, javascriptEnabled: true, locationContextEnabled: true, mobileEmulationEnabled: false, nativeEvents: true, networkConnectionEnabled: false, pageLoadStrategy: normal, platform: XP, platformName: XP, rotatable: false, setWindowRect: true, takesHeapSnapshot: true, takesScreenshot: true, unexpectedAlertBehaviour: , unhandledPromptBehavior: , version: 71.0.3578.98, webStorageEnabled: true}\nSession ID: d6035fbf9a7415550ad3b452769ba9fc\n*** Element info: {Using=tag name, value=td}\r\n\tat org.openqa.selenium.remote.ErrorHandler.createThrowable(ErrorHandler.java:214)\r\n\tat org.openqa.selenium.remote.ErrorHandler.throwIfResponseFailed(ErrorHandler.java:166)\r\n\tat org.openqa.selenium.remote.http.JsonHttpResponseCodec.reconstructValue(JsonHttpResponseCodec.java:40)\r\n\tat org.openqa.selenium.remote.http.AbstractHttpResponseCodec.decode(AbstractHttpResponseCodec.java:80)\r\n\tat org.openqa.selenium.remote.http.AbstractHttpResponseCodec.decode(AbstractHttpResponseCodec.java:44)\r\n\tat org.openqa.selenium.remote.HttpCommandExecutor.execute(HttpCommandExecutor.java:164)\r\n\tat org.openqa.selenium.remote.service.DriverCommandExecutor.execute(DriverCommandExecutor.java:83)\r\n\tat org.openqa.selenium.remote.RemoteWebDriver.execute(RemoteWebDriver.java:600)\r\n\tat com.kms.katalon.selenium.driver.CChromeDriver.execute(CChromeDriver.java:20)\r\n\tat org.openqa.selenium.remote.RemoteWebElement.execute(RemoteWebElement.java:279)\r\n\tat org.openqa.selenium.remote.RemoteWebElement.findElements(RemoteWebElement.java:195)\r\n\tat org.openqa.selenium.remote.RemoteWebElement.findElementsByTagName(RemoteWebElement.java:275)\r\n\tat org.openqa.selenium.By$ByTagName.findElements(By.java:327)\r\n\tat org.openqa.selenium.remote.RemoteWebElement.findElements(RemoteWebElement.java:171)\r\n\tat org.openqa.selenium.WebElement$findElements.call(Unknown Source)\r\n\tat JobTitles_Screen2.run(JobTitles_Screen2:46)\r\n\tat com.kms.katalon.core.main.ScriptEngine.run(ScriptEngine.java:194)\r\n\tat com.kms.katalon.core.main.ScriptEngine.runScriptAsRawText(ScriptEngine.java:119)\r\n\tat com.kms.katalon.core.main.TestCaseExecutor.runScript(TestCaseExecutor.java:328)\r\n\tat com.kms.katalon.core.main.TestCaseExecutor.doExecute(TestCaseExecutor.java:319)\r\n\tat com.kms.katalon.core.main.TestCaseExecutor.processExecutionPhase(TestCaseExecutor.java:298)\r\n\tat com.kms.katalon.core.main.TestCaseExecutor.accessMainPhase(TestCaseExecutor.java:290)\r\n\tat com.kms.katalon.core.main.TestCaseExecutor.execute(TestCaseExecutor.java:224)\r\n\tat com.kms.katalon.core.main.TestSuiteExecutor.accessTestCaseMainPhase(TestSuiteExecutor.java:129)\r\n\tat com.kms.katalon.core.main.TestSuiteExecutor.accessTestSuiteMainPhase(TestSuiteExecutor.java:112)\r\n\tat com.kms.katalon.core.main.TestSuiteExecutor.execute(TestSuiteExecutor.java:81)\r\n\tat com.kms.katalon.core.main.TestCaseMain.startTestSuite(TestCaseMain.java:149)\r\n\tat com.kms.katalon.core.main.TestCaseMain$startTestSuite$0.call(Unknown Source)\r\n\tat TempTestSuite1546763675356.run(TempTestSuite1546763675356.groovy:36)\r\n</message>
  <exception>
    <message>org.openqa.selenium.StaleElementReferenceException: stale element reference: element is not attached to the page document
  (Session info: chrome=71.0.3578.98)
  (Driver info: chromedriver=2.43.600210 (68dcf5eebde37173d4027fa8635e332711d2874a),platform=Windows NT 6.1.7601 SP1 x86_64) (WARNING: The server did not provide any stacktrace information)
Command duration or timeout: 0 milliseconds
For documentation on this error, please visit: http://seleniumhq.org/exceptions/stale_element_reference.html
Build info: version: '3.7.1', revision: '8a0099a', time: '2017-11-06T21:07:36.161Z'
System info: host: 'LPALXY0199', ip: '192.168.3.51', os.name: 'Windows 7', os.arch: 'amd64', os.version: '6.1', java.version: '1.8.0_181'
Driver info: com.kms.katalon.selenium.driver.CChromeDriver
Capabilities {acceptInsecureCerts: false, acceptSslCerts: false, applicationCacheEnabled: false, browserConnectionEnabled: false, browserName: chrome, chrome: {chromedriverVersion: 2.43.600210 (68dcf5eebde371..., userDataDir: C:\Users\ADMINI~1\AppData\L...}, cssSelectorsEnabled: true, databaseEnabled: false, goog:chromeOptions: {debuggerAddress: localhost:60889}, handlesAlerts: true, hasTouchScreen: false, javascriptEnabled: true, locationContextEnabled: true, mobileEmulationEnabled: false, nativeEvents: true, networkConnectionEnabled: false, pageLoadStrategy: normal, platform: XP, platformName: XP, rotatable: false, setWindowRect: true, takesHeapSnapshot: true, takesScreenshot: true, unexpectedAlertBehaviour: , unhandledPromptBehavior: , version: 71.0.3578.98, webStorageEnabled: true}
Session ID: d6035fbf9a7415550ad3b452769ba9fc
*** Element info: {Using=tag name, value=td}</message>
    <frame>
      <class>org.openqa.selenium.remote.ErrorHandler</class>
      <method>createThrowable</method>
      <line>214</line>
    </frame>
    <frame>
      <class>org.openqa.selenium.remote.ErrorHandler</class>
      <method>throwIfResponseFailed</method>
      <line>166</line>
    </frame>
    <frame>
      <class>org.openqa.selenium.remote.http.JsonHttpResponseCodec</class>
      <method>reconstructValue</method>
      <line>40</line>
    </frame>
    <frame>
      <class>org.openqa.selenium.remote.http.AbstractHttpResponseCodec</class>
      <method>decode</method>
      <line>80</line>
    </frame>
    <frame>
      <class>org.openqa.selenium.remote.http.AbstractHttpResponseCodec</class>
      <method>decode</method>
      <line>44</line>
    </frame>
    <frame>
      <class>org.openqa.selenium.remote.HttpCommandExecutor</class>
      <method>execute</method>
      <line>164</line>
    </frame>
    <frame>
      <class>org.openqa.selenium.remote.service.DriverCommandExecutor</class>
      <method>execute</method>
      <line>83</line>
    </frame>
    <frame>
      <class>org.openqa.selenium.remote.RemoteWebDriver</class>
      <method>execute</method>
      <line>600</line>
    </frame>
    <frame>
      <class>com.kms.katalon.selenium.driver.CChromeDriver</class>
      <method>execute</method>
      <line>20</line>
    </frame>
    <frame>
      <class>org.openqa.selenium.remote.RemoteWebElement</class>
      <method>execute</method>
      <line>279</line>
    </frame>
    <frame>
      <class>org.openqa.selenium.remote.RemoteWebElement</class>
      <method>findElements</method>
      <line>195</line>
    </frame>
    <frame>
      <class>org.openqa.selenium.remote.RemoteWebElement</class>
      <method>findElementsByTagName</method>
      <line>275</line>
    </frame>
    <frame>
      <class>org.openqa.selenium.By$ByTagName</class>
      <method>findElements</method>
      <line>327</line>
    </frame>
    <frame>
      <class>org.openqa.selenium.remote.RemoteWebElement</class>
      <method>findElements</method>
      <line>171</line>
    </frame>
    <frame>
      <class>org.openqa.selenium.WebElement$findElements</class>
      <method>call</method>
    </frame>
    <frame>
      <class>JobTitles_Screen2</class>
      <method>run</method>
      <line>46</line>
    </frame>
    <frame>
      <class>com.kms.katalon.core.main.ScriptEngine</class>
      <method>run</method>
      <line>194</line>
    </frame>
    <frame>
      <class>com.kms.katalon.core.main.ScriptEngine</class>
      <method>runScriptAsRawText</method>
      <line>119</line>
    </frame>
    <frame>
      <class>com.kms.katalon.core.main.TestCaseExecutor</class>
      <method>runScript</method>
      <line>328</line>
    </frame>
    <frame>
      <class>com.kms.katalon.core.main.TestCaseExecutor</class>
      <method>doExecute</method>
      <line>319</line>
    </frame>
    <frame>
      <class>com.kms.katalon.core.main.TestCaseExecutor</class>
      <method>processExecutionPhase</method>
      <line>298</line>
    </frame>
    <frame>
      <class>com.kms.katalon.core.main.TestCaseExecutor</class>
      <method>accessMainPhase</method>
      <line>290</line>
    </frame>
    <frame>
      <class>com.kms.katalon.core.main.TestCaseExecutor</class>
      <method>execute</method>
      <line>224</line>
    </frame>
    <frame>
      <class>com.kms.katalon.core.main.TestSuiteExecutor</class>
      <method>accessTestCaseMainPhase</method>
      <line>129</line>
    </frame>
    <frame>
      <class>com.kms.katalon.core.main.TestSuiteExecutor</class>
      <method>accessTestSuiteMainPhase</method>
      <line>112</line>
    </frame>
    <frame>
      <class>com.kms.katalon.core.main.TestSuiteExecutor</class>
      <method>execute</method>
      <line>81</line>
    </frame>
    <frame>
      <class>com.kms.katalon.core.main.TestCaseMain</class>
      <method>startTestSuite</method>
      <line>149</line>
    </frame>
    <frame>
      <class>com.kms.katalon.core.main.TestCaseMain$startTestSuite$0</class>
      <method>call</method>
    </frame>
    <frame>
      <class>TempTestSuite1546763675356</class>
      <method>run</method>
      <line>36</line>
    </frame>
  </exception>
  <nestedLevel>0</nestedLevel>
</record>
<record>
  <date>2019-01-06T10:35:02</date>
  <millis>1546763702899</millis>
  <sequence>190</sequence>
  <level>END</level>
  <class>com.kms.katalon.core.logging.XmlKeywordLogger</class>
  <method>endKeyword</method>
  <thread>1</thread>
  <message>End action : Cols = get(i).findElements(By.tagName(\&amp;quot;td\&amp;quot;))</message>
  <nestedLevel>2</nestedLevel>
</record>
<record>
  <date>2019-01-06T10:35:02</date>
  <millis>1546763702899</millis>
  <sequence>191</sequence>
  <level>END</level>
  <class>com.kms.katalon.core.logging.XmlKeywordLogger</class>
  <method>endKeyword</method>
  <thread>1</thread>
  <message>End action : for ([i = 0, i &amp;lt; Rows.size(), (i++)])</message>
  <nestedLevel>1</nestedLevel>
</record>
<record>
  <date>2019-01-06T10:35:02</date>
  <millis>1546763702901</millis>
  <sequence>193</sequence>
  <logger>com.kms.katalon.core.logging.XmlKeywordLogger</logger>
  <level>ERROR</level>
  <class>com.kms.katalon.core.logging.XmlKeywordLogger</class>
  <method>logMessage</method>
  <thread>1</thread>
  <message>Test Cases/Orange_Website/JobTitles_Screen2 FAILED.\nReason:\norg.openqa.selenium.StaleElementReferenceException: stale element reference: element is not attached to the page document\n  (Session info: chrome=71.0.3578.98)\n  (Driver info: chromedriver=2.43.600210 (68dcf5eebde37173d4027fa8635e332711d2874a),platform=Windows NT 6.1.7601 SP1 x86_64) (WARNING: The server did not provide any stacktrace information)\nCommand duration or timeout: 0 milliseconds\nFor documentation on this error, please visit: http://seleniumhq.org/exceptions/stale_element_reference.html\nBuild info: version: &amp;apos;3.7.1&amp;apos;, revision: &amp;apos;8a0099a&amp;apos;, time: &amp;apos;2017-11-06T21:07:36.161Z&amp;apos;\nSystem info: host: &amp;apos;LPALXY0199&amp;apos;, ip: &amp;apos;192.168.3.51&amp;apos;, os.name: &amp;apos;Windows 7&amp;apos;, os.arch: &amp;apos;amd64&amp;apos;, os.version: &amp;apos;6.1&amp;apos;, java.version: &amp;apos;1.8.0_181&amp;apos;\nDriver info: com.kms.katalon.selenium.driver.CChromeDriver\nCapabilities {acceptInsecureCerts: false, acceptSslCerts: false, applicationCacheEnabled: false, browserConnectionEnabled: false, browserName: chrome, chrome: {chromedriverVersion: 2.43.600210 (68dcf5eebde371..., userDataDir: C:\\Users\\ADMINI~1\\AppData\\L...}, cssSelectorsEnabled: true, databaseEnabled: false, goog:chromeOptions: {debuggerAddress: localhost:60889}, handlesAlerts: true, hasTouchScreen: false, javascriptEnabled: true, locationContextEnabled: true, mobileEmulationEnabled: false, nativeEvents: true, networkConnectionEnabled: false, pageLoadStrategy: normal, platform: XP, platformName: XP, rotatable: false, setWindowRect: true, takesHeapSnapshot: true, takesScreenshot: true, unexpectedAlertBehaviour: , unhandledPromptBehavior: , version: 71.0.3578.98, webStorageEnabled: true}\nSession ID: d6035fbf9a7415550ad3b452769ba9fc\n*** Element info: {Using=tag name, value=td}\r\n\tat org.openqa.selenium.remote.ErrorHandler.createThrowable(ErrorHandler.java:214)\r\n\tat org.openqa.selenium.remote.ErrorHandler.throwIfResponseFailed(ErrorHandler.java:166)\r\n\tat org.openqa.selenium.remote.http.JsonHttpResponseCodec.reconstructValue(JsonHttpResponseCodec.java:40)\r\n\tat org.openqa.selenium.remote.http.AbstractHttpResponseCodec.decode(AbstractHttpResponseCodec.java:80)\r\n\tat org.openqa.selenium.remote.http.AbstractHttpResponseCodec.decode(AbstractHttpResponseCodec.java:44)\r\n\tat org.openqa.selenium.remote.HttpCommandExecutor.execute(HttpCommandExecutor.java:164)\r\n\tat org.openqa.selenium.remote.service.DriverCommandExecutor.execute(DriverCommandExecutor.java:83)\r\n\tat org.openqa.selenium.remote.RemoteWebDriver.execute(RemoteWebDriver.java:600)\r\n\tat com.kms.katalon.selenium.driver.CChromeDriver.execute(CChromeDriver.java:20)\r\n\tat org.openqa.selenium.remote.RemoteWebElement.execute(RemoteWebElement.java:279)\r\n\tat org.openqa.selenium.remote.RemoteWebElement.findElements(RemoteWebElement.java:195)\r\n\tat org.openqa.selenium.remote.RemoteWebElement.findElementsByTagName(RemoteWebElement.java:275)\r\n\tat org.openqa.selenium.By$ByTagName.findElements(By.java:327)\r\n\tat org.openqa.selenium.remote.RemoteWebElement.findElements(RemoteWebElement.java:171)\r\n\tat org.openqa.selenium.WebElement$findElements.call(Unknown Source)\r\n\tat JobTitles_Screen2.run(JobTitles_Screen2:46)\r\n\tat com.kms.katalon.core.main.ScriptEngine.run(ScriptEngine.java:194)\r\n\tat com.kms.katalon.core.main.ScriptEngine.runScriptAsRawText(ScriptEngine.java:119)\r\n\tat com.kms.katalon.core.main.TestCaseExecutor.runScript(TestCaseExecutor.java:328)\r\n\tat com.kms.katalon.core.main.TestCaseExecutor.doExecute(TestCaseExecutor.java:319)\r\n\tat com.kms.katalon.core.main.TestCaseExecutor.processExecutionPhase(TestCaseExecutor.java:298)\r\n\tat com.kms.katalon.core.main.TestCaseExecutor.accessMainPhase(TestCaseExecutor.java:290)\r\n\tat com.kms.katalon.core.main.TestCaseExecutor.execute(TestCaseExecutor.java:224)\r\n\tat com.kms.katalon.core.main.TestSuiteExecutor.accessTestCaseMainPhase(TestSuiteExecutor.java:129)\r\n\tat com.kms.katalon.core.main.TestSuiteExecutor.accessTestSuiteMainPhase(TestSuiteExecutor.java:112)\r\n\tat com.kms.katalon.core.main.TestSuiteExecutor.execute(TestSuiteExecutor.java:81)\r\n\tat com.kms.katalon.core.main.TestCaseMain.startTestSuite(TestCaseMain.java:149)\r\n\tat com.kms.katalon.core.main.TestCaseMain$startTestSuite$0.call(Unknown Source)\r\n\tat TempTestSuite1546763675356.run(TempTestSuite1546763675356.groovy:36)\r\n</message>
  <exception>
    <message>org.openqa.selenium.StaleElementReferenceException: stale element reference: element is not attached to the page document
  (Session info: chrome=71.0.3578.98)
  (Driver info: chromedriver=2.43.600210 (68dcf5eebde37173d4027fa8635e332711d2874a),platform=Windows NT 6.1.7601 SP1 x86_64) (WARNING: The server did not provide any stacktrace information)
Command duration or timeout: 0 milliseconds
For documentation on this error, please visit: http://seleniumhq.org/exceptions/stale_element_reference.html
Build info: version: '3.7.1', revision: '8a0099a', time: '2017-11-06T21:07:36.161Z'
System info: host: 'LPALXY0199', ip: '192.168.3.51', os.name: 'Windows 7', os.arch: 'amd64', os.version: '6.1', java.version: '1.8.0_181'
Driver info: com.kms.katalon.selenium.driver.CChromeDriver
Capabilities {acceptInsecureCerts: false, acceptSslCerts: false, applicationCacheEnabled: false, browserConnectionEnabled: false, browserName: chrome, chrome: {chromedriverVersion: 2.43.600210 (68dcf5eebde371..., userDataDir: C:\Users\ADMINI~1\AppData\L...}, cssSelectorsEnabled: true, databaseEnabled: false, goog:chromeOptions: {debuggerAddress: localhost:60889}, handlesAlerts: true, hasTouchScreen: false, javascriptEnabled: true, locationContextEnabled: true, mobileEmulationEnabled: false, nativeEvents: true, networkConnectionEnabled: false, pageLoadStrategy: normal, platform: XP, platformName: XP, rotatable: false, setWindowRect: true, takesHeapSnapshot: true, takesScreenshot: true, unexpectedAlertBehaviour: , unhandledPromptBehavior: , version: 71.0.3578.98, webStorageEnabled: true}
Session ID: d6035fbf9a7415550ad3b452769ba9fc
*** Element info: {Using=tag name, value=td}</message>
    <frame>
      <class>org.openqa.selenium.remote.ErrorHandler</class>
      <method>createThrowable</method>
      <line>214</line>
    </frame>
    <frame>
      <class>org.openqa.selenium.remote.ErrorHandler</class>
      <method>throwIfResponseFailed</method>
      <line>166</line>
    </frame>
    <frame>
      <class>org.openqa.selenium.remote.http.JsonHttpResponseCodec</class>
      <method>reconstructValue</method>
      <line>40</line>
    </frame>
    <frame>
      <class>org.openqa.selenium.remote.http.AbstractHttpResponseCodec</class>
      <method>decode</method>
      <line>80</line>
    </frame>
    <frame>
      <class>org.openqa.selenium.remote.http.AbstractHttpResponseCodec</class>
      <method>decode</method>
      <line>44</line>
    </frame>
    <frame>
      <class>org.openqa.selenium.remote.HttpCommandExecutor</class>
      <method>execute</method>
      <line>164</line>
    </frame>
    <frame>
      <class>org.openqa.selenium.remote.service.DriverCommandExecutor</class>
      <method>execute</method>
      <line>83</line>
    </frame>
    <frame>
      <class>org.openqa.selenium.remote.RemoteWebDriver</class>
      <method>execute</method>
      <line>600</line>
    </frame>
    <frame>
      <class>com.kms.katalon.selenium.driver.CChromeDriver</class>
      <method>execute</method>
      <line>20</line>
    </frame>
    <frame>
      <class>org.openqa.selenium.remote.RemoteWebElement</class>
      <method>execute</method>
      <line>279</line>
    </frame>
    <frame>
      <class>org.openqa.selenium.remote.RemoteWebElement</class>
      <method>findElements</method>
      <line>195</line>
    </frame>
    <frame>
      <class>org.openqa.selenium.remote.RemoteWebElement</class>
      <method>findElementsByTagName</method>
      <line>275</line>
    </frame>
    <frame>
      <class>org.openqa.selenium.By$ByTagName</class>
      <method>findElements</method>
      <line>327</line>
    </frame>
    <frame>
      <class>org.openqa.selenium.remote.RemoteWebElement</class>
      <method>findElements</method>
      <line>171</line>
    </frame>
    <frame>
      <class>org.openqa.selenium.WebElement$findElements</class>
      <method>call</method>
    </frame>
    <frame>
      <class>JobTitles_Screen2</class>
      <method>run</method>
      <line>46</line>
    </frame>
    <frame>
      <class>com.kms.katalon.core.main.ScriptEngine</class>
      <method>run</method>
      <line>194</line>
    </frame>
    <frame>
      <class>com.kms.katalon.core.main.ScriptEngine</class>
      <method>runScriptAsRawText</method>
      <line>119</line>
    </frame>
    <frame>
      <class>com.kms.katalon.core.main.TestCaseExecutor</class>
      <method>runScript</method>
      <line>328</line>
    </frame>
    <frame>
      <class>com.kms.katalon.core.main.TestCaseExecutor</class>
      <method>doExecute</method>
      <line>319</line>
    </frame>
    <frame>
      <class>com.kms.katalon.core.main.TestCaseExecutor</class>
      <method>processExecutionPhase</method>
      <line>298</line>
    </frame>
    <frame>
      <class>com.kms.katalon.core.main.TestCaseExecutor</class>
      <method>accessMainPhase</method>
      <line>290</line>
    </frame>
    <frame>
      <class>com.kms.katalon.core.main.TestCaseExecutor</class>
      <method>execute</method>
      <line>224</line>
    </frame>
    <frame>
      <class>com.kms.katalon.core.main.TestSuiteExecutor</class>
      <method>accessTestCaseMainPhase</method>
      <line>129</line>
    </frame>
    <frame>
      <class>com.kms.katalon.core.main.TestSuiteExecutor</class>
      <method>accessTestSuiteMainPhase</method>
      <line>112</line>
    </frame>
    <frame>
      <class>com.kms.katalon.core.main.TestSuiteExecutor</class>
      <method>execute</method>
      <line>81</line>
    </frame>
    <frame>
      <class>com.kms.katalon.core.main.TestCaseMain</class>
      <method>startTestSuite</method>
      <line>149</line>
    </frame>
    <frame>
      <class>com.kms.katalon.core.main.TestCaseMain$startTestSuite$0</class>
      <method>call</method>
    </frame>
    <frame>
      <class>TempTestSuite1546763675356</class>
      <method>run</method>
      <line>36</line>
    </frame>
  </exception>
  <nestedLevel>0</nestedLevel>
</record>
<record>
  <date>2019-01-06T10:35:02</date>
  <millis>1546763702909</millis>
  <sequence>194</sequence>
  <level>END</level>
  <class>com.kms.katalon.core.logging.XmlKeywordLogger</class>
  <method>endTest</method>
  <thread>1</thread>
  <message>End Test Case : Test Cases/Orange_Website/JobTitles_Screen2</message>
  <nestedLevel>0</nestedLevel>
</record>
<record>
  <date>2019-01-06T10:35:02</date>
  <millis>1546763702910</millis>
  <sequence>195</sequence>
  <level>END</level>
  <class>com.kms.katalon.core.logging.XmlKeywordLogger</class>
  <method>endSuite</method>
  <thread>1</thread>
  <message>End Test Suite : Test Suites/TS_Orange_JobTitles</message>
  <nestedLevel>0</nestedLevel>
</record>
</log>
