<?xml version="1.0" encoding="UTF-8" standalone="no"?>
<!DOCTYPE log SYSTEM "logger.dtd">
<log>
<record>
  <date>2019-01-04T01:56:56</date>
  <millis>1546559816441</millis>
  <sequence>0</sequence>
  <level>START</level>
  <class>com.kms.katalon.core.logging.XmlKeywordLogger</class>
  <method>startSuite</method>
  <thread>1</thread>
  <message>Start Test Suite : Test Suites/TS_OrangeWebUsingKeywords</message>
  <nestedLevel>0</nestedLevel>
  <property name="name">TS_OrangeWebUsingKeywords</property>
  <property name="description"></property>
  <property name="id">Test Suites/TS_OrangeWebUsingKeywords</property>
</record>
<record>
  <date>2019-01-04T01:56:56</date>
  <millis>1546559816458</millis>
  <sequence>1</sequence>
  <level>RUN_DATA</level>
  <class>com.kms.katalon.core.logging.XmlKeywordLogger</class>
  <method>logMessage</method>
  <thread>1</thread>
  <message>hostName = lenovo - alenovo</message>
  <nestedLevel>0</nestedLevel>
  <property name="hostName">lenovo - alenovo</property>
</record>
<record>
  <date>2019-01-04T01:56:56</date>
  <millis>1546559816460</millis>
  <sequence>2</sequence>
  <level>RUN_DATA</level>
  <class>com.kms.katalon.core.logging.XmlKeywordLogger</class>
  <method>logMessage</method>
  <thread>1</thread>
  <message>os = Windows 8.1 64bit</message>
  <nestedLevel>0</nestedLevel>
  <property name="os">Windows 8.1 64bit</property>
</record>
<record>
  <date>2019-01-04T01:56:56</date>
  <millis>1546559816461</millis>
  <sequence>3</sequence>
  <level>RUN_DATA</level>
  <class>com.kms.katalon.core.logging.XmlKeywordLogger</class>
  <method>logMessage</method>
  <thread>1</thread>
  <message>hostAddress = 192.168.184.2</message>
  <nestedLevel>0</nestedLevel>
  <property name="hostAddress">192.168.184.2</property>
</record>
<record>
  <date>2019-01-04T01:56:56</date>
  <millis>1546559816462</millis>
  <sequence>4</sequence>
  <level>RUN_DATA</level>
  <class>com.kms.katalon.core.logging.XmlKeywordLogger</class>
  <method>logMessage</method>
  <thread>1</thread>
  <message>katalonVersion = 5.9.1.2</message>
  <nestedLevel>0</nestedLevel>
  <property name="katalonVersion">5.9.1.2</property>
</record>
<record>
  <date>2019-01-04T01:56:56</date>
  <millis>1546559816794</millis>
  <sequence>5</sequence>
  <level>START</level>
  <class>com.kms.katalon.core.logging.XmlKeywordLogger</class>
  <method>startTest</method>
  <thread>1</thread>
  <message>Start Test Case : Test Cases/Orange_Website_Using_Function/TC_AllPageComponent</message>
  <nestedLevel>1</nestedLevel>
  <property name="name">Test Cases/Orange_Website_Using_Function/TC_AllPageComponent</property>
  <property name="description"></property>
  <property name="id">Test Cases/Orange_Website_Using_Function/TC_AllPageComponent</property>
  <property name="source">C:\\Users\\lenovo\\git\\Training_1\\Test Cases\\Orange_Website_Using_Function\\TC_AllPageComponent.tc</property>
  <property name="isOptional">false</property>
</record>
<record>
  <date>2019-01-04T01:56:56</date>
  <millis>1546559816839</millis>
  <sequence>7</sequence>
  <level>INFO</level>
  <class>com.kms.katalon.core.logging.XmlKeywordLogger</class>
  <method>logMessage</method>
  <thread>1</thread>
  <message>CandidateName = asmaa</message>
  <nestedLevel>1</nestedLevel>
</record>
<record>
  <date>2019-01-04T01:56:56</date>
  <millis>1546559816841</millis>
  <sequence>8</sequence>
  <level>INFO</level>
  <class>com.kms.katalon.core.logging.XmlKeywordLogger</class>
  <method>logMessage</method>
  <thread>1</thread>
  <message>JobTitle = Account Clerk</message>
  <nestedLevel>1</nestedLevel>
</record>
<record>
  <date>2019-01-04T01:56:56</date>
  <millis>1546559816842</millis>
  <sequence>9</sequence>
  <level>INFO</level>
  <class>com.kms.katalon.core.logging.XmlKeywordLogger</class>
  <method>logMessage</method>
  <thread>1</thread>
  <message>WelcomeAdmin = About</message>
  <nestedLevel>1</nestedLevel>
</record>
<record>
  <date>2019-01-04T01:56:57</date>
  <millis>1546559817379</millis>
  <sequence>10</sequence>
  <level>START</level>
  <class>com.kms.katalon.core.logging.XmlKeywordLogger</class>
  <method>startKeyword</method>
  <thread>1</thread>
  <message>Start action : pk_Functions.CS_Login.LoginFun(findTestObject(null), \&amp;quot;https://opensource-demo.orangehrmlive.com/index.php/auth/login\&amp;quot;, findTestObject(\&amp;quot;Orange/Login/Username\&amp;quot;), findTestObject(\&amp;quot;Orange/Login/Password\&amp;quot;), \&amp;quot;Admin\&amp;quot;, \&amp;quot;admin123\&amp;quot;, findTestObject(\&amp;quot;Orange/Login/Login\&amp;quot;))</message>
  <nestedLevel>1</nestedLevel>
  <property name="startLine">16</property>
  <property name="stepIndex">1</property>
</record>
<record>
  <date>2019-01-04T01:56:57</date>
  <millis>1546559817405</millis>
  <sequence>11</sequence>
  <level>WARNING</level>
  <class>com.kms.katalon.core.logging.XmlKeywordLogger</class>
  <method>logMessage</method>
  <thread>1</thread>
  <message>Test object id is null</message>
  <nestedLevel>1</nestedLevel>
</record>
<record>
  <date>2019-01-04T01:56:58</date>
  <millis>1546559818163</millis>
  <sequence>16</sequence>
  <level>INFO</level>
  <class>com.kms.katalon.core.logging.XmlKeywordLogger</class>
  <method>logMessage</method>
  <thread>1</thread>
  <message>Starting &amp;apos;Chrome&amp;apos; driver</message>
  <nestedLevel>1</nestedLevel>
</record>
<record>
  <date>2019-01-04T01:56:58</date>
  <millis>1546559818222</millis>
  <sequence>17</sequence>
  <level>INFO</level>
  <class>com.kms.katalon.core.logging.XmlKeywordLogger</class>
  <method>logMessage</method>
  <thread>1</thread>
  <message>Action delay is set to 0 seconds</message>
  <nestedLevel>1</nestedLevel>
</record>
<record>
  <date>2019-01-04T01:57:02</date>
  <millis>1546559822055</millis>
  <sequence>19</sequence>
  <level>RUN_DATA</level>
  <class>com.kms.katalon.core.logging.XmlKeywordLogger</class>
  <method>logMessage</method>
  <thread>1</thread>
  <message>sessionId = 942e12df3bcdb87d7c3a26ba31b2a2f0</message>
  <nestedLevel>1</nestedLevel>
  <property name="sessionId">942e12df3bcdb87d7c3a26ba31b2a2f0</property>
</record>
<record>
  <date>2019-01-04T01:57:02</date>
  <millis>1546559822119</millis>
  <sequence>20</sequence>
  <level>RUN_DATA</level>
  <class>com.kms.katalon.core.logging.XmlKeywordLogger</class>
  <method>logMessage</method>
  <thread>1</thread>
  <message>browser = Chrome 71.0.3578.98</message>
  <nestedLevel>1</nestedLevel>
  <property name="browser">Chrome 71.0.3578.98</property>
</record>
<record>
  <date>2019-01-04T01:57:02</date>
  <millis>1546559822120</millis>
  <sequence>21</sequence>
  <level>RUN_DATA</level>
  <class>com.kms.katalon.core.logging.XmlKeywordLogger</class>
  <method>logMessage</method>
  <thread>1</thread>
  <message>platform = Windows 8.1</message>
  <nestedLevel>1</nestedLevel>
  <property name="platform">Windows 8.1</property>
</record>
<record>
  <date>2019-01-04T01:57:02</date>
  <millis>1546559822124</millis>
  <sequence>22</sequence>
  <level>RUN_DATA</level>
  <class>com.kms.katalon.core.logging.XmlKeywordLogger</class>
  <method>logMessage</method>
  <thread>1</thread>
  <message>seleniumVersion = 3.7.1</message>
  <nestedLevel>1</nestedLevel>
  <property name="seleniumVersion">3.7.1</property>
</record>
<record>
  <date>2019-01-04T01:57:02</date>
  <millis>1546559822126</millis>
  <sequence>23</sequence>
  <level>RUN_DATA</level>
  <class>com.kms.katalon.core.logging.XmlKeywordLogger</class>
  <method>logMessage</method>
  <thread>1</thread>
  <message>proxyInformation = ProxyInformation{proxyOption=NO_PROXY, proxyServerType=HTTP, password=, proxyServerAddress=, proxyServerPort=0}</message>
  <nestedLevel>1</nestedLevel>
  <property name="proxyInformation">ProxyInformation{proxyOption=NO_PROXY, proxyServerType=HTTP, password=, proxyServerAddress=, proxyServerPort=0}</property>
</record>
<record>
  <date>2019-01-04T01:57:05</date>
  <millis>1546559825295</millis>
  <sequence>25</sequence>
  <level>PASSED</level>
  <class>com.kms.katalon.core.logging.XmlKeywordLogger</class>
  <method>logMessage</method>
  <thread>1</thread>
  <message>Browser is opened with url: &amp;apos;https://opensource-demo.orangehrmlive.com/index.php/auth/login&amp;apos;</message>
  <nestedLevel>1</nestedLevel>
</record>
<record>
  <date>2019-01-04T01:57:05</date>
  <millis>1546559825573</millis>
  <sequence>36</sequence>
  <level>PASSED</level>
  <class>com.kms.katalon.core.logging.XmlKeywordLogger</class>
  <method>logMessage</method>
  <thread>1</thread>
  <message>Text &amp;apos;Admin&amp;apos; is set on object &amp;apos;Object Repository/Orange/Login/Username&amp;apos;</message>
  <nestedLevel>1</nestedLevel>
</record>
<record>
  <date>2019-01-04T01:57:05</date>
  <millis>1546559825695</millis>
  <sequence>47</sequence>
  <level>PASSED</level>
  <class>com.kms.katalon.core.logging.XmlKeywordLogger</class>
  <method>logMessage</method>
  <thread>1</thread>
  <message>Text &amp;apos;admin123&amp;apos; is set on object &amp;apos;Object Repository/Orange/Login/Password&amp;apos;</message>
  <nestedLevel>1</nestedLevel>
</record>
<record>
  <date>2019-01-04T01:57:09</date>
  <millis>1546559829023</millis>
  <sequence>53</sequence>
  <level>PASSED</level>
  <class>com.kms.katalon.core.logging.XmlKeywordLogger</class>
  <method>logMessage</method>
  <thread>1</thread>
  <message>Object: &amp;apos;Object Repository/Orange/Login/Login&amp;apos; is clicked on</message>
  <nestedLevel>1</nestedLevel>
</record>
<record>
  <date>2019-01-04T01:57:09</date>
  <millis>1546559829025</millis>
  <sequence>54</sequence>
  <level>PASSED</level>
  <class>com.kms.katalon.core.logging.XmlKeywordLogger</class>
  <method>logMessage</method>
  <thread>1</thread>
  <message>pk_Functions.CS_Login.LoginFun is PASSED</message>
  <nestedLevel>1</nestedLevel>
</record>
<record>
  <date>2019-01-04T01:57:09</date>
  <millis>1546559829026</millis>
  <sequence>55</sequence>
  <level>END</level>
  <class>com.kms.katalon.core.logging.XmlKeywordLogger</class>
  <method>endKeyword</method>
  <thread>1</thread>
  <message>End action : pk_Functions.CS_Login.LoginFun(findTestObject(null), \&amp;quot;https://opensource-demo.orangehrmlive.com/index.php/auth/login\&amp;quot;, findTestObject(\&amp;quot;Orange/Login/Username\&amp;quot;), findTestObject(\&amp;quot;Orange/Login/Password\&amp;quot;), \&amp;quot;Admin\&amp;quot;, \&amp;quot;admin123\&amp;quot;, findTestObject(\&amp;quot;Orange/Login/Login\&amp;quot;))</message>
  <nestedLevel>1</nestedLevel>
</record>
<record>
  <date>2019-01-04T01:57:09</date>
  <millis>1546559829077</millis>
  <sequence>56</sequence>
  <level>START</level>
  <class>com.kms.katalon.core.logging.XmlKeywordLogger</class>
  <method>startKeyword</method>
  <thread>1</thread>
  <message>Start action : click(findTestObject(\&amp;quot;Orange/Navigation/MNUITM_Recruitment\&amp;quot;))</message>
  <nestedLevel>1</nestedLevel>
  <property name="startLine">20</property>
  <property name="stepIndex">2</property>
</record>
<record>
  <date>2019-01-04T01:57:10</date>
  <millis>1546559830619</millis>
  <sequence>63</sequence>
  <level>PASSED</level>
  <class>com.kms.katalon.core.logging.XmlKeywordLogger</class>
  <method>logMessage</method>
  <thread>1</thread>
  <message>Object: &amp;apos;Object Repository/Orange/Navigation/MNUITM_Recruitment&amp;apos; is clicked on</message>
  <nestedLevel>1</nestedLevel>
</record>
<record>
  <date>2019-01-04T01:57:10</date>
  <millis>1546559830621</millis>
  <sequence>64</sequence>
  <level>END</level>
  <class>com.kms.katalon.core.logging.XmlKeywordLogger</class>
  <method>endKeyword</method>
  <thread>1</thread>
  <message>End action : click(findTestObject(\&amp;quot;Orange/Navigation/MNUITM_Recruitment\&amp;quot;))</message>
  <nestedLevel>1</nestedLevel>
</record>
<record>
  <date>2019-01-04T01:57:10</date>
  <millis>1546559830622</millis>
  <sequence>65</sequence>
  <level>START</level>
  <class>com.kms.katalon.core.logging.XmlKeywordLogger</class>
  <method>startKeyword</method>
  <thread>1</thread>
  <message>Start action : pk_Functions.CS_TextLov.TextLovFun(\&amp;quot;TestKeywords/AllObjectComponent\&amp;quot;, \&amp;quot;Sheet1\&amp;quot;, [CandidateName, JobTitle, WelcomeAdmin])</message>
  <nestedLevel>1</nestedLevel>
  <property name="startLine">22</property>
  <property name="stepIndex">3</property>
</record>
<record>
  <date>2019-01-04T01:57:11</date>
  <millis>1546559831804</millis>
  <sequence>84</sequence>
  <level>PASSED</level>
  <class>com.kms.katalon.core.logging.XmlKeywordLogger</class>
  <method>logMessage</method>
  <thread>1</thread>
  <message>Text &amp;apos;asmaa&amp;apos; is set on object &amp;apos;&amp;apos;</message>
  <nestedLevel>1</nestedLevel>
</record>
<record>
  <date>2019-01-04T01:57:11</date>
  <millis>1546559831916</millis>
  <sequence>91</sequence>
  <level>PASSED</level>
  <class>com.kms.katalon.core.logging.XmlKeywordLogger</class>
  <method>logMessage</method>
  <thread>1</thread>
  <message>All options with label &amp;apos;Account Clerk&amp;apos; are selected in object &amp;apos;&amp;apos; </message>
  <nestedLevel>1</nestedLevel>
</record>
<record>
  <date>2019-01-04T01:57:15</date>
  <millis>1546559835944</millis>
  <sequence>93</sequence>
  <level>PASSED</level>
  <class>com.kms.katalon.core.logging.XmlKeywordLogger</class>
  <method>logMessage</method>
  <thread>1</thread>
  <message>Delayed 4 second(s)</message>
  <nestedLevel>1</nestedLevel>
</record>
<record>
  <date>2019-01-04T01:57:16</date>
  <millis>1546559836360</millis>
  <sequence>94</sequence>
  <level>PASSED</level>
  <class>com.kms.katalon.core.logging.XmlKeywordLogger</class>
  <method>logMessage</method>
  <thread>1</thread>
  <message>pk_Functions.CS_TextLov.TextLovFun is PASSED</message>
  <nestedLevel>1</nestedLevel>
</record>
<record>
  <date>2019-01-04T01:57:16</date>
  <millis>1546559836361</millis>
  <sequence>95</sequence>
  <level>END</level>
  <class>com.kms.katalon.core.logging.XmlKeywordLogger</class>
  <method>endKeyword</method>
  <thread>1</thread>
  <message>End action : pk_Functions.CS_TextLov.TextLovFun(\&amp;quot;TestKeywords/AllObjectComponent\&amp;quot;, \&amp;quot;Sheet1\&amp;quot;, [CandidateName, JobTitle, WelcomeAdmin])</message>
  <nestedLevel>1</nestedLevel>
</record>
<record>
  <date>2019-01-04T01:57:16</date>
  <millis>1546559836361</millis>
  <sequence>96</sequence>
  <level>PASSED</level>
  <class>com.kms.katalon.core.logging.XmlKeywordLogger</class>
  <method>logMessage</method>
  <thread>1</thread>
  <message>Test Cases/Orange_Website_Using_Function/TC_AllPageComponent</message>
  <nestedLevel>1</nestedLevel>
</record>
<record>
  <date>2019-01-04T01:57:16</date>
  <millis>1546559836362</millis>
  <sequence>97</sequence>
  <level>END</level>
  <class>com.kms.katalon.core.logging.XmlKeywordLogger</class>
  <method>endTest</method>
  <thread>1</thread>
  <message>End Test Case : Test Cases/Orange_Website_Using_Function/TC_AllPageComponent</message>
  <nestedLevel>0</nestedLevel>
</record>
<record>
  <date>2019-01-04T01:57:16</date>
  <millis>1546559836367</millis>
  <sequence>98</sequence>
  <level>END</level>
  <class>com.kms.katalon.core.logging.XmlKeywordLogger</class>
  <method>endSuite</method>
  <thread>1</thread>
  <message>End Test Suite : Test Suites/TS_OrangeWebUsingKeywords</message>
  <nestedLevel>0</nestedLevel>
</record>
</log>
