<?xml version="1.0" encoding="UTF-8" standalone="no"?>
<!DOCTYPE log SYSTEM "logger.dtd">
<log>
<record>
  <date>2019-01-02T13:42:15</date>
  <millis>1546429335878</millis>
  <sequence>0</sequence>
  <level>START</level>
  <class>com.kms.katalon.core.logging.XmlKeywordLogger</class>
  <method>startSuite</method>
  <thread>1</thread>
  <message>Start Test Suite : Test Suites/TS_Orange_JobTitles</message>
  <nestedLevel>0</nestedLevel>
  <property name="name">TS_Orange_JobTitles</property>
  <property name="description"></property>
  <property name="id">Test Suites/TS_Orange_JobTitles</property>
</record>
<record>
  <date>2019-01-02T13:42:15</date>
  <millis>1546429335900</millis>
  <sequence>1</sequence>
  <level>RUN_DATA</level>
  <class>com.kms.katalon.core.logging.XmlKeywordLogger</class>
  <method>logMessage</method>
  <thread>1</thread>
  <message>hostName = Ebtehal Gamal Yusuf - LPALXY0199.ejadaalex.local</message>
  <nestedLevel>0</nestedLevel>
  <property name="hostName">Ebtehal Gamal Yusuf - LPALXY0199.ejadaalex.local</property>
</record>
<record>
  <date>2019-01-02T13:42:15</date>
  <millis>1546429335902</millis>
  <sequence>2</sequence>
  <level>RUN_DATA</level>
  <class>com.kms.katalon.core.logging.XmlKeywordLogger</class>
  <method>logMessage</method>
  <thread>1</thread>
  <message>os = Windows 7 64bit</message>
  <nestedLevel>0</nestedLevel>
  <property name="os">Windows 7 64bit</property>
</record>
<record>
  <date>2019-01-02T13:42:15</date>
  <millis>1546429335902</millis>
  <sequence>3</sequence>
  <level>RUN_DATA</level>
  <class>com.kms.katalon.core.logging.XmlKeywordLogger</class>
  <method>logMessage</method>
  <thread>1</thread>
  <message>hostAddress = 192.168.3.51</message>
  <nestedLevel>0</nestedLevel>
  <property name="hostAddress">192.168.3.51</property>
</record>
<record>
  <date>2019-01-02T13:42:15</date>
  <millis>1546429335904</millis>
  <sequence>4</sequence>
  <level>RUN_DATA</level>
  <class>com.kms.katalon.core.logging.XmlKeywordLogger</class>
  <method>logMessage</method>
  <thread>1</thread>
  <message>katalonVersion = 5.10.0.1</message>
  <nestedLevel>0</nestedLevel>
  <property name="katalonVersion">5.10.0.1</property>
</record>
<record>
  <date>2019-01-02T13:42:16</date>
  <millis>1546429336253</millis>
  <sequence>5</sequence>
  <level>START</level>
  <class>com.kms.katalon.core.logging.XmlKeywordLogger</class>
  <method>startTest</method>
  <thread>1</thread>
  <message>Start Test Case : Test Cases/Orange_Website/Login Screen</message>
  <nestedLevel>1</nestedLevel>
  <property name="name">Test Cases/Orange_Website/Login Screen</property>
  <property name="description"></property>
  <property name="id">Test Cases/Orange_Website/Login Screen</property>
  <property name="source">C:\\Users\\Administrator\\git\\Training_1\\Test Cases\\Orange_Website\\Login Screen.tc</property>
  <property name="isOptional">false</property>
</record>
<record>
  <date>2019-01-02T13:42:17</date>
  <millis>1546429337044</millis>
  <sequence>7</sequence>
  <level>START</level>
  <class>com.kms.katalon.core.logging.XmlKeywordLogger</class>
  <method>startKeyword</method>
  <thread>1</thread>
  <message>Start action : openBrowser(\&amp;quot;https://opensource-demo.orangehrmlive.com/index.php/auth/login\&amp;quot;)</message>
  <nestedLevel>1</nestedLevel>
  <property name="startLine">16</property>
  <property name="stepIndex">1</property>
</record>
<record>
  <date>2019-01-02T13:42:17</date>
  <millis>1546429337549</millis>
  <sequence>9</sequence>
  <level>INFO</level>
  <class>com.kms.katalon.core.logging.XmlKeywordLogger</class>
  <method>logMessage</method>
  <thread>1</thread>
  <message>Starting &amp;apos;Chrome&amp;apos; driver</message>
  <nestedLevel>1</nestedLevel>
</record>
<record>
  <date>2019-01-02T13:42:17</date>
  <millis>1546429337594</millis>
  <sequence>10</sequence>
  <level>INFO</level>
  <class>com.kms.katalon.core.logging.XmlKeywordLogger</class>
  <method>logMessage</method>
  <thread>1</thread>
  <message>Action delay is set to 0 seconds</message>
  <nestedLevel>1</nestedLevel>
</record>
<record>
  <date>2019-01-02T13:42:22</date>
  <millis>1546429342051</millis>
  <sequence>12</sequence>
  <level>RUN_DATA</level>
  <class>com.kms.katalon.core.logging.XmlKeywordLogger</class>
  <method>logMessage</method>
  <thread>1</thread>
  <message>sessionId = e83220e50481d2c8c2f3ad94c9c42747</message>
  <nestedLevel>1</nestedLevel>
  <property name="sessionId">e83220e50481d2c8c2f3ad94c9c42747</property>
</record>
<record>
  <date>2019-01-02T13:42:22</date>
  <millis>1546429342108</millis>
  <sequence>13</sequence>
  <level>RUN_DATA</level>
  <class>com.kms.katalon.core.logging.XmlKeywordLogger</class>
  <method>logMessage</method>
  <thread>1</thread>
  <message>browser = Chrome 71.0.3578.98</message>
  <nestedLevel>1</nestedLevel>
  <property name="browser">Chrome 71.0.3578.98</property>
</record>
<record>
  <date>2019-01-02T13:42:22</date>
  <millis>1546429342110</millis>
  <sequence>14</sequence>
  <level>RUN_DATA</level>
  <class>com.kms.katalon.core.logging.XmlKeywordLogger</class>
  <method>logMessage</method>
  <thread>1</thread>
  <message>platform = Windows 7</message>
  <nestedLevel>1</nestedLevel>
  <property name="platform">Windows 7</property>
</record>
<record>
  <date>2019-01-02T13:42:22</date>
  <millis>1546429342120</millis>
  <sequence>15</sequence>
  <level>RUN_DATA</level>
  <class>com.kms.katalon.core.logging.XmlKeywordLogger</class>
  <method>logMessage</method>
  <thread>1</thread>
  <message>seleniumVersion = 3.7.1</message>
  <nestedLevel>1</nestedLevel>
  <property name="seleniumVersion">3.7.1</property>
</record>
<record>
  <date>2019-01-02T13:42:22</date>
  <millis>1546429342126</millis>
  <sequence>16</sequence>
  <level>RUN_DATA</level>
  <class>com.kms.katalon.core.logging.XmlKeywordLogger</class>
  <method>logMessage</method>
  <thread>1</thread>
  <message>proxyInformation = ProxyInformation{proxyOption=NO_PROXY, proxyServerType=HTTP, password=, proxyServerAddress=, proxyServerPort=0}</message>
  <nestedLevel>1</nestedLevel>
  <property name="proxyInformation">ProxyInformation{proxyOption=NO_PROXY, proxyServerType=HTTP, password=, proxyServerAddress=, proxyServerPort=0}</property>
</record>
<record>
  <date>2019-01-02T13:42:24</date>
  <millis>1546429344585</millis>
  <sequence>18</sequence>
  <level>PASSED</level>
  <class>com.kms.katalon.core.logging.XmlKeywordLogger</class>
  <method>logMessage</method>
  <thread>1</thread>
  <message>Browser is opened with url: &amp;apos;https://opensource-demo.orangehrmlive.com/index.php/auth/login&amp;apos;</message>
  <nestedLevel>1</nestedLevel>
</record>
<record>
  <date>2019-01-02T13:42:24</date>
  <millis>1546429344586</millis>
  <sequence>19</sequence>
  <level>END</level>
  <class>com.kms.katalon.core.logging.XmlKeywordLogger</class>
  <method>endKeyword</method>
  <thread>1</thread>
  <message>End action : openBrowser(\&amp;quot;https://opensource-demo.orangehrmlive.com/index.php/auth/login\&amp;quot;)</message>
  <nestedLevel>1</nestedLevel>
</record>
<record>
  <date>2019-01-02T13:42:24</date>
  <millis>1546429344586</millis>
  <sequence>20</sequence>
  <level>START</level>
  <class>com.kms.katalon.core.logging.XmlKeywordLogger</class>
  <method>startKeyword</method>
  <thread>1</thread>
  <message>Start action : setText(findTestObject(\&amp;quot;Orange/Login/Username\&amp;quot;), \&amp;quot;Admin\&amp;quot;)</message>
  <nestedLevel>1</nestedLevel>
  <property name="startLine">18</property>
  <property name="stepIndex">2</property>
</record>
<record>
  <date>2019-01-02T13:42:24</date>
  <millis>1546429344831</millis>
  <sequence>32</sequence>
  <level>PASSED</level>
  <class>com.kms.katalon.core.logging.XmlKeywordLogger</class>
  <method>logMessage</method>
  <thread>1</thread>
  <message>Text &amp;apos;Admin&amp;apos; is set on object &amp;apos;Object Repository/Orange/Login/Username&amp;apos;</message>
  <nestedLevel>1</nestedLevel>
</record>
<record>
  <date>2019-01-02T13:42:24</date>
  <millis>1546429344832</millis>
  <sequence>33</sequence>
  <level>END</level>
  <class>com.kms.katalon.core.logging.XmlKeywordLogger</class>
  <method>endKeyword</method>
  <thread>1</thread>
  <message>End action : setText(findTestObject(\&amp;quot;Orange/Login/Username\&amp;quot;), \&amp;quot;Admin\&amp;quot;)</message>
  <nestedLevel>1</nestedLevel>
</record>
<record>
  <date>2019-01-02T13:42:24</date>
  <millis>1546429344833</millis>
  <sequence>34</sequence>
  <level>START</level>
  <class>com.kms.katalon.core.logging.XmlKeywordLogger</class>
  <method>startKeyword</method>
  <thread>1</thread>
  <message>Start action : setText(findTestObject(\&amp;quot;Orange/Login/Password\&amp;quot;), \&amp;quot;admin123\&amp;quot;)</message>
  <nestedLevel>1</nestedLevel>
  <property name="startLine">20</property>
  <property name="stepIndex">3</property>
</record>
<record>
  <date>2019-01-02T13:42:24</date>
  <millis>1546429344949</millis>
  <sequence>46</sequence>
  <level>PASSED</level>
  <class>com.kms.katalon.core.logging.XmlKeywordLogger</class>
  <method>logMessage</method>
  <thread>1</thread>
  <message>Text &amp;apos;admin123&amp;apos; is set on object &amp;apos;Object Repository/Orange/Login/Password&amp;apos;</message>
  <nestedLevel>1</nestedLevel>
</record>
<record>
  <date>2019-01-02T13:42:24</date>
  <millis>1546429344950</millis>
  <sequence>47</sequence>
  <level>END</level>
  <class>com.kms.katalon.core.logging.XmlKeywordLogger</class>
  <method>endKeyword</method>
  <thread>1</thread>
  <message>End action : setText(findTestObject(\&amp;quot;Orange/Login/Password\&amp;quot;), \&amp;quot;admin123\&amp;quot;)</message>
  <nestedLevel>1</nestedLevel>
</record>
<record>
  <date>2019-01-02T13:42:24</date>
  <millis>1546429344950</millis>
  <sequence>48</sequence>
  <level>START</level>
  <class>com.kms.katalon.core.logging.XmlKeywordLogger</class>
  <method>startKeyword</method>
  <thread>1</thread>
  <message>Start action : click(findTestObject(\&amp;quot;Orange/Login/Login\&amp;quot;))</message>
  <nestedLevel>1</nestedLevel>
  <property name="startLine">22</property>
  <property name="stepIndex">4</property>
</record>
<record>
  <date>2019-01-02T13:42:26</date>
  <millis>1546429346512</millis>
  <sequence>55</sequence>
  <level>PASSED</level>
  <class>com.kms.katalon.core.logging.XmlKeywordLogger</class>
  <method>logMessage</method>
  <thread>1</thread>
  <message>Object: &amp;apos;Object Repository/Orange/Login/Login&amp;apos; is clicked on</message>
  <nestedLevel>1</nestedLevel>
</record>
<record>
  <date>2019-01-02T13:42:26</date>
  <millis>1546429346513</millis>
  <sequence>56</sequence>
  <level>END</level>
  <class>com.kms.katalon.core.logging.XmlKeywordLogger</class>
  <method>endKeyword</method>
  <thread>1</thread>
  <message>End action : click(findTestObject(\&amp;quot;Orange/Login/Login\&amp;quot;))</message>
  <nestedLevel>1</nestedLevel>
</record>
<record>
  <date>2019-01-02T13:42:26</date>
  <millis>1546429346513</millis>
  <sequence>57</sequence>
  <level>PASSED</level>
  <class>com.kms.katalon.core.logging.XmlKeywordLogger</class>
  <method>logMessage</method>
  <thread>1</thread>
  <message>Test Cases/Orange_Website/Login Screen</message>
  <nestedLevel>1</nestedLevel>
</record>
<record>
  <date>2019-01-02T13:42:26</date>
  <millis>1546429346514</millis>
  <sequence>58</sequence>
  <level>END</level>
  <class>com.kms.katalon.core.logging.XmlKeywordLogger</class>
  <method>endTest</method>
  <thread>1</thread>
  <message>End Test Case : Test Cases/Orange_Website/Login Screen</message>
  <nestedLevel>0</nestedLevel>
</record>
<record>
  <date>2019-01-02T13:42:26</date>
  <millis>1546429346521</millis>
  <sequence>59</sequence>
  <level>START</level>
  <class>com.kms.katalon.core.logging.XmlKeywordLogger</class>
  <method>startTest</method>
  <thread>1</thread>
  <message>Start Test Case : Test Cases/Orange_Website/JobTitles_Screen</message>
  <nestedLevel>1</nestedLevel>
  <property name="name">Test Cases/Orange_Website/JobTitles_Screen</property>
  <property name="description"></property>
  <property name="id">Test Cases/Orange_Website/JobTitles_Screen</property>
  <property name="source">C:\\Users\\Administrator\\git\\Training_1\\Test Cases\\Orange_Website\\JobTitles_Screen.tc</property>
  <property name="isOptional">false</property>
</record>
<record>
  <date>2019-01-02T13:42:26</date>
  <millis>1546429346540</millis>
  <sequence>61</sequence>
  <level>INFO</level>
  <class>com.kms.katalon.core.logging.XmlKeywordLogger</class>
  <method>logMessage</method>
  <thread>1</thread>
  <message>jobtitles = Qc Engineer</message>
  <nestedLevel>1</nestedLevel>
</record>
<record>
  <date>2019-01-02T13:42:26</date>
  <millis>1546429346541</millis>
  <sequence>62</sequence>
  <level>INFO</level>
  <class>com.kms.katalon.core.logging.XmlKeywordLogger</class>
  <method>logMessage</method>
  <thread>1</thread>
  <message>jobdescription = Test applications</message>
  <nestedLevel>1</nestedLevel>
</record>
<record>
  <date>2019-01-02T13:42:26</date>
  <millis>1546429346542</millis>
  <sequence>63</sequence>
  <level>INFO</level>
  <class>com.kms.katalon.core.logging.XmlKeywordLogger</class>
  <method>logMessage</method>
  <thread>1</thread>
  <message>notes = test</message>
  <nestedLevel>1</nestedLevel>
</record>
<record>
  <date>2019-01-02T13:42:26</date>
  <millis>1546429346916</millis>
  <sequence>64</sequence>
  <level>START</level>
  <class>com.kms.katalon.core.logging.XmlKeywordLogger</class>
  <method>startKeyword</method>
  <thread>1</thread>
  <message>Start action : click(findTestObject(\&amp;quot;Orange/Navigation/MNULST_Admin\&amp;quot;))</message>
  <nestedLevel>1</nestedLevel>
  <property name="startLine">16</property>
  <property name="stepIndex">1</property>
</record>
<record>
  <date>2019-01-02T13:42:28</date>
  <millis>1546429348832</millis>
  <sequence>71</sequence>
  <level>PASSED</level>
  <class>com.kms.katalon.core.logging.XmlKeywordLogger</class>
  <method>logMessage</method>
  <thread>1</thread>
  <message>Object: &amp;apos;Object Repository/Orange/Navigation/MNULST_Admin&amp;apos; is clicked on</message>
  <nestedLevel>1</nestedLevel>
</record>
<record>
  <date>2019-01-02T13:42:28</date>
  <millis>1546429348833</millis>
  <sequence>72</sequence>
  <level>END</level>
  <class>com.kms.katalon.core.logging.XmlKeywordLogger</class>
  <method>endKeyword</method>
  <thread>1</thread>
  <message>End action : click(findTestObject(\&amp;quot;Orange/Navigation/MNULST_Admin\&amp;quot;))</message>
  <nestedLevel>1</nestedLevel>
</record>
<record>
  <date>2019-01-02T13:42:28</date>
  <millis>1546429348833</millis>
  <sequence>73</sequence>
  <level>START</level>
  <class>com.kms.katalon.core.logging.XmlKeywordLogger</class>
  <method>startKeyword</method>
  <thread>1</thread>
  <message>Start action : click(findTestObject(\&amp;quot;Orange/Navigation/MNUITM_Job\&amp;quot;))</message>
  <nestedLevel>1</nestedLevel>
  <property name="startLine">18</property>
  <property name="stepIndex">2</property>
</record>
<record>
  <date>2019-01-02T13:42:28</date>
  <millis>1546429348967</millis>
  <sequence>80</sequence>
  <level>PASSED</level>
  <class>com.kms.katalon.core.logging.XmlKeywordLogger</class>
  <method>logMessage</method>
  <thread>1</thread>
  <message>Object: &amp;apos;Object Repository/Orange/Navigation/MNUITM_Job&amp;apos; is clicked on</message>
  <nestedLevel>1</nestedLevel>
</record>
<record>
  <date>2019-01-02T13:42:28</date>
  <millis>1546429348968</millis>
  <sequence>81</sequence>
  <level>END</level>
  <class>com.kms.katalon.core.logging.XmlKeywordLogger</class>
  <method>endKeyword</method>
  <thread>1</thread>
  <message>End action : click(findTestObject(\&amp;quot;Orange/Navigation/MNUITM_Job\&amp;quot;))</message>
  <nestedLevel>1</nestedLevel>
</record>
<record>
  <date>2019-01-02T13:42:28</date>
  <millis>1546429348970</millis>
  <sequence>82</sequence>
  <level>START</level>
  <class>com.kms.katalon.core.logging.XmlKeywordLogger</class>
  <method>startKeyword</method>
  <thread>1</thread>
  <message>Start action : click(findTestObject(\&amp;quot;Orange/Navigation/MNUITM_JobTitles\&amp;quot;))</message>
  <nestedLevel>1</nestedLevel>
  <property name="startLine">20</property>
  <property name="stepIndex">3</property>
</record>
<record>
  <date>2019-01-02T13:42:29</date>
  <millis>1546429349887</millis>
  <sequence>89</sequence>
  <level>PASSED</level>
  <class>com.kms.katalon.core.logging.XmlKeywordLogger</class>
  <method>logMessage</method>
  <thread>1</thread>
  <message>Object: &amp;apos;Object Repository/Orange/Navigation/MNUITM_JobTitles&amp;apos; is clicked on</message>
  <nestedLevel>1</nestedLevel>
</record>
<record>
  <date>2019-01-02T13:42:29</date>
  <millis>1546429349890</millis>
  <sequence>90</sequence>
  <level>END</level>
  <class>com.kms.katalon.core.logging.XmlKeywordLogger</class>
  <method>endKeyword</method>
  <thread>1</thread>
  <message>End action : click(findTestObject(\&amp;quot;Orange/Navigation/MNUITM_JobTitles\&amp;quot;))</message>
  <nestedLevel>1</nestedLevel>
</record>
<record>
  <date>2019-01-02T13:42:29</date>
  <millis>1546429349891</millis>
  <sequence>91</sequence>
  <level>START</level>
  <class>com.kms.katalon.core.logging.XmlKeywordLogger</class>
  <method>startKeyword</method>
  <thread>1</thread>
  <message>Start action : click(findTestObject(\&amp;quot;Orange/JobTitles/BTN_Add\&amp;quot;))</message>
  <nestedLevel>1</nestedLevel>
  <property name="startLine">23</property>
  <property name="stepIndex">4</property>
  <property name="description">Add New Record\r\n</property>
</record>
<record>
  <date>2019-01-02T13:42:30</date>
  <millis>1546429350442</millis>
  <sequence>98</sequence>
  <level>PASSED</level>
  <class>com.kms.katalon.core.logging.XmlKeywordLogger</class>
  <method>logMessage</method>
  <thread>1</thread>
  <message>Object: &amp;apos;Object Repository/Orange/JobTitles/BTN_Add&amp;apos; is clicked on</message>
  <nestedLevel>1</nestedLevel>
</record>
<record>
  <date>2019-01-02T13:42:30</date>
  <millis>1546429350453</millis>
  <sequence>99</sequence>
  <level>END</level>
  <class>com.kms.katalon.core.logging.XmlKeywordLogger</class>
  <method>endKeyword</method>
  <thread>1</thread>
  <message>End action : click(findTestObject(\&amp;quot;Orange/JobTitles/BTN_Add\&amp;quot;))</message>
  <nestedLevel>1</nestedLevel>
</record>
<record>
  <date>2019-01-02T13:42:30</date>
  <millis>1546429350453</millis>
  <sequence>100</sequence>
  <level>START</level>
  <class>com.kms.katalon.core.logging.XmlKeywordLogger</class>
  <method>startKeyword</method>
  <thread>1</thread>
  <message>Start action : pk_Functions.CS_AllPageData.AllPageDataFun(\&amp;quot;Orange_JobTitles_ObjectRepository\&amp;quot;, \&amp;quot;Sheet1\&amp;quot;, [notes, jobdescription, jobtitles])</message>
  <nestedLevel>1</nestedLevel>
  <property name="startLine">26</property>
  <property name="stepIndex">5</property>
  <property name="description">Data Entry</property>
</record>
<record>
  <date>2019-01-02T13:42:31</date>
  <millis>1546429351634</millis>
  <sequence>115</sequence>
  <level>PASSED</level>
  <class>com.kms.katalon.core.logging.XmlKeywordLogger</class>
  <method>logMessage</method>
  <thread>1</thread>
  <message>Text &amp;apos;test&amp;apos; is set on object &amp;apos;&amp;apos;</message>
  <nestedLevel>1</nestedLevel>
</record>
<record>
  <date>2019-01-02T13:42:31</date>
  <millis>1546429351815</millis>
  <sequence>126</sequence>
  <level>PASSED</level>
  <class>com.kms.katalon.core.logging.XmlKeywordLogger</class>
  <method>logMessage</method>
  <thread>1</thread>
  <message>Text &amp;apos;Test applications&amp;apos; is set on object &amp;apos;&amp;apos;</message>
  <nestedLevel>1</nestedLevel>
</record>
<record>
  <date>2019-01-02T13:42:32</date>
  <millis>1546429352003</millis>
  <sequence>137</sequence>
  <level>PASSED</level>
  <class>com.kms.katalon.core.logging.XmlKeywordLogger</class>
  <method>logMessage</method>
  <thread>1</thread>
  <message>Text &amp;apos;Qc Engineer&amp;apos; is set on object &amp;apos;&amp;apos;</message>
  <nestedLevel>1</nestedLevel>
</record>
<record>
  <date>2019-01-02T13:42:32</date>
  <millis>1546429352004</millis>
  <sequence>138</sequence>
  <level>PASSED</level>
  <class>com.kms.katalon.core.logging.XmlKeywordLogger</class>
  <method>logMessage</method>
  <thread>1</thread>
  <message>pk_Functions.CS_AllPageData.AllPageDataFun is PASSED</message>
  <nestedLevel>1</nestedLevel>
</record>
<record>
  <date>2019-01-02T13:42:32</date>
  <millis>1546429352005</millis>
  <sequence>139</sequence>
  <level>END</level>
  <class>com.kms.katalon.core.logging.XmlKeywordLogger</class>
  <method>endKeyword</method>
  <thread>1</thread>
  <message>End action : pk_Functions.CS_AllPageData.AllPageDataFun(\&amp;quot;Orange_JobTitles_ObjectRepository\&amp;quot;, \&amp;quot;Sheet1\&amp;quot;, [notes, jobdescription, jobtitles])</message>
  <nestedLevel>1</nestedLevel>
</record>
<record>
  <date>2019-01-02T13:42:32</date>
  <millis>1546429352005</millis>
  <sequence>140</sequence>
  <level>START</level>
  <class>com.kms.katalon.core.logging.XmlKeywordLogger</class>
  <method>startKeyword</method>
  <thread>1</thread>
  <message>Start action : sendKeys(findTestObject(\&amp;quot;Orange/JobTitles/BTN_ChooseFile\&amp;quot;), \&amp;quot;\&amp;quot;D:\\\\Ebtehal_QC\\\\Extras\\\\logo.jpg\&amp;quot;\&amp;quot;)</message>
  <nestedLevel>1</nestedLevel>
  <property name="startLine">29</property>
  <property name="stepIndex">6</property>
</record>
<record>
  <date>2019-01-02T13:42:32</date>
  <millis>1546429352008</millis>
  <sequence>141</sequence>
  <level>NOT_RUN</level>
  <class>com.kms.katalon.core.logging.XmlKeywordLogger</class>
  <method>logMessage</method>
  <thread>1</thread>
  <message>NOT_RUN: sendKeys(findTestObject(\&amp;quot;Orange/JobTitles/BTN_ChooseFile\&amp;quot;), \&amp;quot;\&amp;quot;D:\\\\Ebtehal_QC\\\\Extras\\\\logo.jpg\&amp;quot;\&amp;quot;)</message>
  <nestedLevel>1</nestedLevel>
</record>
<record>
  <date>2019-01-02T13:42:32</date>
  <millis>1546429352009</millis>
  <sequence>142</sequence>
  <level>END</level>
  <class>com.kms.katalon.core.logging.XmlKeywordLogger</class>
  <method>endKeyword</method>
  <thread>1</thread>
  <message>End action : sendKeys(findTestObject(\&amp;quot;Orange/JobTitles/BTN_ChooseFile\&amp;quot;), \&amp;quot;\&amp;quot;D:\\\\Ebtehal_QC\\\\Extras\\\\logo.jpg\&amp;quot;\&amp;quot;)</message>
  <nestedLevel>1</nestedLevel>
</record>
<record>
  <date>2019-01-02T13:42:32</date>
  <millis>1546429352009</millis>
  <sequence>143</sequence>
  <level>START</level>
  <class>com.kms.katalon.core.logging.XmlKeywordLogger</class>
  <method>startKeyword</method>
  <thread>1</thread>
  <message>Start action : switchToWindowUrl(\&amp;quot;https://opensource-demo.orangehrmlive.com/index.php/admin/viewPayGrades\&amp;quot;, STOP_ON_FAILURE)</message>
  <nestedLevel>1</nestedLevel>
  <property name="startLine">31</property>
  <property name="stepIndex">7</property>
</record>
<record>
  <date>2019-01-02T13:43:02</date>
  <millis>1546429382485</millis>
  <sequence>146</sequence>
  <level>WARNING</level>
  <class>com.kms.katalon.core.logging.XmlKeywordLogger</class>
  <method>logMessage</method>
  <thread>1</thread>
  <message>Cannot take screenshot</message>
  <nestedLevel>1</nestedLevel>
</record>
<record>
  <date>2019-01-02T13:43:02</date>
  <millis>1546429382490</millis>
  <sequence>147</sequence>
  <level>FAILED</level>
  <class>com.kms.katalon.core.logging.XmlKeywordLogger</class>
  <method>logMessage</method>
  <thread>1</thread>
  <message>Unable to switch to window with url: &amp;apos;https://opensource-demo.orangehrmlive.com/index.php/admin/viewPayGrades&amp;apos; (Root cause: org.openqa.selenium.WebDriverException: chrome not reachable\n  (Session info: chrome=71.0.3578.98)\n  (Driver info: chromedriver=2.43.600210 (68dcf5eebde37173d4027fa8635e332711d2874a),platform=Windows NT 6.1.7601 SP1 x86_64) (WARNING: The server did not provide any stacktrace information)\nCommand duration or timeout: 0 milliseconds\nBuild info: version: &amp;apos;3.7.1&amp;apos;, revision: &amp;apos;8a0099a&amp;apos;, time: &amp;apos;2017-11-06T21:07:36.161Z&amp;apos;\nSystem info: host: &amp;apos;LPALXY0199&amp;apos;, ip: &amp;apos;192.168.3.51&amp;apos;, os.name: &amp;apos;Windows 7&amp;apos;, os.arch: &amp;apos;amd64&amp;apos;, os.version: &amp;apos;6.1&amp;apos;, java.version: &amp;apos;1.8.0_181&amp;apos;\nDriver info: com.kms.katalon.selenium.driver.CChromeDriver\nCapabilities {acceptInsecureCerts: false, acceptSslCerts: false, applicationCacheEnabled: false, browserConnectionEnabled: false, browserName: chrome, chrome: {chromedriverVersion: 2.43.600210 (68dcf5eebde371..., userDataDir: C:\\Users\\ADMINI~1\\AppData\\L...}, cssSelectorsEnabled: true, databaseEnabled: false, goog:chromeOptions: {debuggerAddress: localhost:49771}, handlesAlerts: true, hasTouchScreen: false, javascriptEnabled: true, locationContextEnabled: true, mobileEmulationEnabled: false, nativeEvents: true, networkConnectionEnabled: false, pageLoadStrategy: normal, platform: XP, platformName: XP, rotatable: false, setWindowRect: true, takesHeapSnapshot: true, takesScreenshot: true, unexpectedAlertBehaviour: , unhandledPromptBehavior: , version: 71.0.3578.98, webStorageEnabled: true}\nSession ID: e83220e50481d2c8c2f3ad94c9c42747)</message>
  <nestedLevel>1</nestedLevel>
</record>
<record>
  <date>2019-01-02T13:43:02</date>
  <millis>1546429382501</millis>
  <sequence>149</sequence>
  <logger>com.kms.katalon.core.logging.XmlKeywordLogger</logger>
  <level>FAILED</level>
  <class>com.kms.katalon.core.logging.XmlKeywordLogger</class>
  <method>logMessage</method>
  <thread>1</thread>
  <message>switchToWindowUrl(\&amp;quot;https://opensource-demo.orangehrmlive.com/index.php/admin/viewPayGrades\&amp;quot;, STOP_ON_FAILURE) FAILED.\nReason:\ncom.kms.katalon.core.exception.StepFailedException: Unable to switch to window with url: &amp;apos;https://opensource-demo.orangehrmlive.com/index.php/admin/viewPayGrades&amp;apos; (Root cause: org.openqa.selenium.WebDriverException: chrome not reachable\n  (Session info: chrome=71.0.3578.98)\n  (Driver info: chromedriver=2.43.600210 (68dcf5eebde37173d4027fa8635e332711d2874a),platform=Windows NT 6.1.7601 SP1 x86_64) (WARNING: The server did not provide any stacktrace information)\nCommand duration or timeout: 0 milliseconds\nBuild info: version: &amp;apos;3.7.1&amp;apos;, revision: &amp;apos;8a0099a&amp;apos;, time: &amp;apos;2017-11-06T21:07:36.161Z&amp;apos;\nSystem info: host: &amp;apos;LPALXY0199&amp;apos;, ip: &amp;apos;192.168.3.51&amp;apos;, os.name: &amp;apos;Windows 7&amp;apos;, os.arch: &amp;apos;amd64&amp;apos;, os.version: &amp;apos;6.1&amp;apos;, java.version: &amp;apos;1.8.0_181&amp;apos;\nDriver info: com.kms.katalon.selenium.driver.CChromeDriver\nCapabilities {acceptInsecureCerts: false, acceptSslCerts: false, applicationCacheEnabled: false, browserConnectionEnabled: false, browserName: chrome, chrome: {chromedriverVersion: 2.43.600210 (68dcf5eebde371..., userDataDir: C:\\Users\\ADMINI~1\\AppData\\L...}, cssSelectorsEnabled: true, databaseEnabled: false, goog:chromeOptions: {debuggerAddress: localhost:49771}, handlesAlerts: true, hasTouchScreen: false, javascriptEnabled: true, locationContextEnabled: true, mobileEmulationEnabled: false, nativeEvents: true, networkConnectionEnabled: false, pageLoadStrategy: normal, platform: XP, platformName: XP, rotatable: false, setWindowRect: true, takesHeapSnapshot: true, takesScreenshot: true, unexpectedAlertBehaviour: , unhandledPromptBehavior: , version: 71.0.3578.98, webStorageEnabled: true}\nSession ID: e83220e50481d2c8c2f3ad94c9c42747)\r\n\tat com.kms.katalon.core.keyword.internal.KeywordMain.stepFailed(KeywordMain.groovy:36)\r\n\tat com.kms.katalon.core.webui.keyword.internal.WebUIKeywordMain.stepFailed(WebUIKeywordMain.groovy:65)\r\n\tat com.kms.katalon.core.webui.keyword.internal.WebUIKeywordMain.runKeyword(WebUIKeywordMain.groovy:27)\r\n\tat com.kms.katalon.core.webui.keyword.builtin.SwitchToWindowUrlKeyword.switchToWindowUrl(SwitchToWindowUrlKeyword.groovy:84)\r\n\tat com.kms.katalon.core.webui.keyword.builtin.SwitchToWindowUrlKeyword.execute(SwitchToWindowUrlKeyword.groovy:67)\r\n\tat com.kms.katalon.core.keyword.internal.KeywordExecutor.executeKeywordForPlatform(KeywordExecutor.groovy:53)\r\n\tat com.kms.katalon.core.webui.keyword.WebUiBuiltInKeywords.switchToWindowUrl(WebUiBuiltInKeywords.groovy:1794)\r\n\tat com.kms.katalon.core.webui.keyword.WebUiBuiltInKeywords$switchToWindowUrl$2.call(Unknown Source)\r\n\tat JobTitles_Screen.run(JobTitles_Screen:31)\r\n\tat com.kms.katalon.core.main.ScriptEngine.run(ScriptEngine.java:194)\r\n\tat com.kms.katalon.core.main.ScriptEngine.runScriptAsRawText(ScriptEngine.java:119)\r\n\tat com.kms.katalon.core.main.TestCaseExecutor.runScript(TestCaseExecutor.java:328)\r\n\tat com.kms.katalon.core.main.TestCaseExecutor.doExecute(TestCaseExecutor.java:319)\r\n\tat com.kms.katalon.core.main.TestCaseExecutor.processExecutionPhase(TestCaseExecutor.java:298)\r\n\tat com.kms.katalon.core.main.TestCaseExecutor.accessMainPhase(TestCaseExecutor.java:290)\r\n\tat com.kms.katalon.core.main.TestCaseExecutor.execute(TestCaseExecutor.java:224)\r\n\tat com.kms.katalon.core.main.TestSuiteExecutor.accessTestCaseMainPhase(TestSuiteExecutor.java:129)\r\n\tat com.kms.katalon.core.main.TestSuiteExecutor.accessTestSuiteMainPhase(TestSuiteExecutor.java:112)\r\n\tat com.kms.katalon.core.main.TestSuiteExecutor.execute(TestSuiteExecutor.java:81)\r\n\tat com.kms.katalon.core.main.TestCaseMain.startTestSuite(TestCaseMain.java:149)\r\n\tat com.kms.katalon.core.main.TestCaseMain$startTestSuite$0.call(Unknown Source)\r\n\tat TempTestSuite1546429333172.run(TempTestSuite1546429333172.groovy:36)\r\n</message>
  <exception>
    <message>com.kms.katalon.core.exception.StepFailedException: Unable to switch to window with url: 'https://opensource-demo.orangehrmlive.com/index.php/admin/viewPayGrades' (Root cause: org.openqa.selenium.WebDriverException: chrome not reachable
  (Session info: chrome=71.0.3578.98)
  (Driver info: chromedriver=2.43.600210 (68dcf5eebde37173d4027fa8635e332711d2874a),platform=Windows NT 6.1.7601 SP1 x86_64) (WARNING: The server did not provide any stacktrace information)
Command duration or timeout: 0 milliseconds
Build info: version: '3.7.1', revision: '8a0099a', time: '2017-11-06T21:07:36.161Z'
System info: host: 'LPALXY0199', ip: '192.168.3.51', os.name: 'Windows 7', os.arch: 'amd64', os.version: '6.1', java.version: '1.8.0_181'
Driver info: com.kms.katalon.selenium.driver.CChromeDriver
Capabilities {acceptInsecureCerts: false, acceptSslCerts: false, applicationCacheEnabled: false, browserConnectionEnabled: false, browserName: chrome, chrome: {chromedriverVersion: 2.43.600210 (68dcf5eebde371..., userDataDir: C:\Users\ADMINI~1\AppData\L...}, cssSelectorsEnabled: true, databaseEnabled: false, goog:chromeOptions: {debuggerAddress: localhost:49771}, handlesAlerts: true, hasTouchScreen: false, javascriptEnabled: true, locationContextEnabled: true, mobileEmulationEnabled: false, nativeEvents: true, networkConnectionEnabled: false, pageLoadStrategy: normal, platform: XP, platformName: XP, rotatable: false, setWindowRect: true, takesHeapSnapshot: true, takesScreenshot: true, unexpectedAlertBehaviour: , unhandledPromptBehavior: , version: 71.0.3578.98, webStorageEnabled: true}
Session ID: e83220e50481d2c8c2f3ad94c9c42747)</message>
    <frame>
      <class>com.kms.katalon.core.keyword.internal.KeywordMain</class>
      <method>stepFailed</method>
      <line>36</line>
    </frame>
    <frame>
      <class>com.kms.katalon.core.webui.keyword.internal.WebUIKeywordMain</class>
      <method>stepFailed</method>
      <line>65</line>
    </frame>
    <frame>
      <class>com.kms.katalon.core.webui.keyword.internal.WebUIKeywordMain</class>
      <method>runKeyword</method>
      <line>27</line>
    </frame>
    <frame>
      <class>com.kms.katalon.core.webui.keyword.builtin.SwitchToWindowUrlKeyword</class>
      <method>switchToWindowUrl</method>
      <line>84</line>
    </frame>
    <frame>
      <class>com.kms.katalon.core.webui.keyword.builtin.SwitchToWindowUrlKeyword</class>
      <method>execute</method>
      <line>67</line>
    </frame>
    <frame>
      <class>com.kms.katalon.core.keyword.internal.KeywordExecutor</class>
      <method>executeKeywordForPlatform</method>
      <line>53</line>
    </frame>
    <frame>
      <class>com.kms.katalon.core.webui.keyword.WebUiBuiltInKeywords</class>
      <method>switchToWindowUrl</method>
      <line>1794</line>
    </frame>
    <frame>
      <class>com.kms.katalon.core.webui.keyword.WebUiBuiltInKeywords$switchToWindowUrl$2</class>
      <method>call</method>
    </frame>
    <frame>
      <class>JobTitles_Screen</class>
      <method>run</method>
      <line>31</line>
    </frame>
    <frame>
      <class>com.kms.katalon.core.main.ScriptEngine</class>
      <method>run</method>
      <line>194</line>
    </frame>
    <frame>
      <class>com.kms.katalon.core.main.ScriptEngine</class>
      <method>runScriptAsRawText</method>
      <line>119</line>
    </frame>
    <frame>
      <class>com.kms.katalon.core.main.TestCaseExecutor</class>
      <method>runScript</method>
      <line>328</line>
    </frame>
    <frame>
      <class>com.kms.katalon.core.main.TestCaseExecutor</class>
      <method>doExecute</method>
      <line>319</line>
    </frame>
    <frame>
      <class>com.kms.katalon.core.main.TestCaseExecutor</class>
      <method>processExecutionPhase</method>
      <line>298</line>
    </frame>
    <frame>
      <class>com.kms.katalon.core.main.TestCaseExecutor</class>
      <method>accessMainPhase</method>
      <line>290</line>
    </frame>
    <frame>
      <class>com.kms.katalon.core.main.TestCaseExecutor</class>
      <method>execute</method>
      <line>224</line>
    </frame>
    <frame>
      <class>com.kms.katalon.core.main.TestSuiteExecutor</class>
      <method>accessTestCaseMainPhase</method>
      <line>129</line>
    </frame>
    <frame>
      <class>com.kms.katalon.core.main.TestSuiteExecutor</class>
      <method>accessTestSuiteMainPhase</method>
      <line>112</line>
    </frame>
    <frame>
      <class>com.kms.katalon.core.main.TestSuiteExecutor</class>
      <method>execute</method>
      <line>81</line>
    </frame>
    <frame>
      <class>com.kms.katalon.core.main.TestCaseMain</class>
      <method>startTestSuite</method>
      <line>149</line>
    </frame>
    <frame>
      <class>com.kms.katalon.core.main.TestCaseMain$startTestSuite$0</class>
      <method>call</method>
    </frame>
    <frame>
      <class>TempTestSuite1546429333172</class>
      <method>run</method>
      <line>36</line>
    </frame>
  </exception>
  <nestedLevel>0</nestedLevel>
</record>
<record>
  <date>2019-01-02T13:43:02</date>
  <millis>1546429382503</millis>
  <sequence>150</sequence>
  <level>END</level>
  <class>com.kms.katalon.core.logging.XmlKeywordLogger</class>
  <method>endKeyword</method>
  <thread>1</thread>
  <message>End action : switchToWindowUrl(\&amp;quot;https://opensource-demo.orangehrmlive.com/index.php/admin/viewPayGrades\&amp;quot;, STOP_ON_FAILURE)</message>
  <nestedLevel>1</nestedLevel>
</record>
<record>
  <date>2019-01-02T13:43:02</date>
  <millis>1546429382517</millis>
  <sequence>152</sequence>
  <logger>com.kms.katalon.core.logging.XmlKeywordLogger</logger>
  <level>FAILED</level>
  <class>com.kms.katalon.core.logging.XmlKeywordLogger</class>
  <method>logMessage</method>
  <thread>1</thread>
  <message>Test Cases/Orange_Website/JobTitles_Screen FAILED.\nReason:\ncom.kms.katalon.core.exception.StepFailedException: Unable to switch to window with url: &amp;apos;https://opensource-demo.orangehrmlive.com/index.php/admin/viewPayGrades&amp;apos; (Root cause: org.openqa.selenium.WebDriverException: chrome not reachable\n  (Session info: chrome=71.0.3578.98)\n  (Driver info: chromedriver=2.43.600210 (68dcf5eebde37173d4027fa8635e332711d2874a),platform=Windows NT 6.1.7601 SP1 x86_64) (WARNING: The server did not provide any stacktrace information)\nCommand duration or timeout: 0 milliseconds\nBuild info: version: &amp;apos;3.7.1&amp;apos;, revision: &amp;apos;8a0099a&amp;apos;, time: &amp;apos;2017-11-06T21:07:36.161Z&amp;apos;\nSystem info: host: &amp;apos;LPALXY0199&amp;apos;, ip: &amp;apos;192.168.3.51&amp;apos;, os.name: &amp;apos;Windows 7&amp;apos;, os.arch: &amp;apos;amd64&amp;apos;, os.version: &amp;apos;6.1&amp;apos;, java.version: &amp;apos;1.8.0_181&amp;apos;\nDriver info: com.kms.katalon.selenium.driver.CChromeDriver\nCapabilities {acceptInsecureCerts: false, acceptSslCerts: false, applicationCacheEnabled: false, browserConnectionEnabled: false, browserName: chrome, chrome: {chromedriverVersion: 2.43.600210 (68dcf5eebde371..., userDataDir: C:\\Users\\ADMINI~1\\AppData\\L...}, cssSelectorsEnabled: true, databaseEnabled: false, goog:chromeOptions: {debuggerAddress: localhost:49771}, handlesAlerts: true, hasTouchScreen: false, javascriptEnabled: true, locationContextEnabled: true, mobileEmulationEnabled: false, nativeEvents: true, networkConnectionEnabled: false, pageLoadStrategy: normal, platform: XP, platformName: XP, rotatable: false, setWindowRect: true, takesHeapSnapshot: true, takesScreenshot: true, unexpectedAlertBehaviour: , unhandledPromptBehavior: , version: 71.0.3578.98, webStorageEnabled: true}\nSession ID: e83220e50481d2c8c2f3ad94c9c42747)\r\n\tat com.kms.katalon.core.keyword.internal.KeywordMain.stepFailed(KeywordMain.groovy:36)\r\n\tat com.kms.katalon.core.webui.keyword.internal.WebUIKeywordMain.stepFailed(WebUIKeywordMain.groovy:65)\r\n\tat com.kms.katalon.core.webui.keyword.internal.WebUIKeywordMain.runKeyword(WebUIKeywordMain.groovy:27)\r\n\tat com.kms.katalon.core.webui.keyword.builtin.SwitchToWindowUrlKeyword.switchToWindowUrl(SwitchToWindowUrlKeyword.groovy:84)\r\n\tat com.kms.katalon.core.webui.keyword.builtin.SwitchToWindowUrlKeyword.execute(SwitchToWindowUrlKeyword.groovy:67)\r\n\tat com.kms.katalon.core.keyword.internal.KeywordExecutor.executeKeywordForPlatform(KeywordExecutor.groovy:53)\r\n\tat com.kms.katalon.core.webui.keyword.WebUiBuiltInKeywords.switchToWindowUrl(WebUiBuiltInKeywords.groovy:1794)\r\n\tat com.kms.katalon.core.webui.keyword.WebUiBuiltInKeywords$switchToWindowUrl$2.call(Unknown Source)\r\n\tat JobTitles_Screen.run(JobTitles_Screen:31)\r\n\tat com.kms.katalon.core.main.ScriptEngine.run(ScriptEngine.java:194)\r\n\tat com.kms.katalon.core.main.ScriptEngine.runScriptAsRawText(ScriptEngine.java:119)\r\n\tat com.kms.katalon.core.main.TestCaseExecutor.runScript(TestCaseExecutor.java:328)\r\n\tat com.kms.katalon.core.main.TestCaseExecutor.doExecute(TestCaseExecutor.java:319)\r\n\tat com.kms.katalon.core.main.TestCaseExecutor.processExecutionPhase(TestCaseExecutor.java:298)\r\n\tat com.kms.katalon.core.main.TestCaseExecutor.accessMainPhase(TestCaseExecutor.java:290)\r\n\tat com.kms.katalon.core.main.TestCaseExecutor.execute(TestCaseExecutor.java:224)\r\n\tat com.kms.katalon.core.main.TestSuiteExecutor.accessTestCaseMainPhase(TestSuiteExecutor.java:129)\r\n\tat com.kms.katalon.core.main.TestSuiteExecutor.accessTestSuiteMainPhase(TestSuiteExecutor.java:112)\r\n\tat com.kms.katalon.core.main.TestSuiteExecutor.execute(TestSuiteExecutor.java:81)\r\n\tat com.kms.katalon.core.main.TestCaseMain.startTestSuite(TestCaseMain.java:149)\r\n\tat com.kms.katalon.core.main.TestCaseMain$startTestSuite$0.call(Unknown Source)\r\n\tat TempTestSuite1546429333172.run(TempTestSuite1546429333172.groovy:36)\r\n</message>
  <exception>
    <message>com.kms.katalon.core.exception.StepFailedException: Unable to switch to window with url: 'https://opensource-demo.orangehrmlive.com/index.php/admin/viewPayGrades' (Root cause: org.openqa.selenium.WebDriverException: chrome not reachable
  (Session info: chrome=71.0.3578.98)
  (Driver info: chromedriver=2.43.600210 (68dcf5eebde37173d4027fa8635e332711d2874a),platform=Windows NT 6.1.7601 SP1 x86_64) (WARNING: The server did not provide any stacktrace information)
Command duration or timeout: 0 milliseconds
Build info: version: '3.7.1', revision: '8a0099a', time: '2017-11-06T21:07:36.161Z'
System info: host: 'LPALXY0199', ip: '192.168.3.51', os.name: 'Windows 7', os.arch: 'amd64', os.version: '6.1', java.version: '1.8.0_181'
Driver info: com.kms.katalon.selenium.driver.CChromeDriver
Capabilities {acceptInsecureCerts: false, acceptSslCerts: false, applicationCacheEnabled: false, browserConnectionEnabled: false, browserName: chrome, chrome: {chromedriverVersion: 2.43.600210 (68dcf5eebde371..., userDataDir: C:\Users\ADMINI~1\AppData\L...}, cssSelectorsEnabled: true, databaseEnabled: false, goog:chromeOptions: {debuggerAddress: localhost:49771}, handlesAlerts: true, hasTouchScreen: false, javascriptEnabled: true, locationContextEnabled: true, mobileEmulationEnabled: false, nativeEvents: true, networkConnectionEnabled: false, pageLoadStrategy: normal, platform: XP, platformName: XP, rotatable: false, setWindowRect: true, takesHeapSnapshot: true, takesScreenshot: true, unexpectedAlertBehaviour: , unhandledPromptBehavior: , version: 71.0.3578.98, webStorageEnabled: true}
Session ID: e83220e50481d2c8c2f3ad94c9c42747)</message>
    <frame>
      <class>com.kms.katalon.core.keyword.internal.KeywordMain</class>
      <method>stepFailed</method>
      <line>36</line>
    </frame>
    <frame>
      <class>com.kms.katalon.core.webui.keyword.internal.WebUIKeywordMain</class>
      <method>stepFailed</method>
      <line>65</line>
    </frame>
    <frame>
      <class>com.kms.katalon.core.webui.keyword.internal.WebUIKeywordMain</class>
      <method>runKeyword</method>
      <line>27</line>
    </frame>
    <frame>
      <class>com.kms.katalon.core.webui.keyword.builtin.SwitchToWindowUrlKeyword</class>
      <method>switchToWindowUrl</method>
      <line>84</line>
    </frame>
    <frame>
      <class>com.kms.katalon.core.webui.keyword.builtin.SwitchToWindowUrlKeyword</class>
      <method>execute</method>
      <line>67</line>
    </frame>
    <frame>
      <class>com.kms.katalon.core.keyword.internal.KeywordExecutor</class>
      <method>executeKeywordForPlatform</method>
      <line>53</line>
    </frame>
    <frame>
      <class>com.kms.katalon.core.webui.keyword.WebUiBuiltInKeywords</class>
      <method>switchToWindowUrl</method>
      <line>1794</line>
    </frame>
    <frame>
      <class>com.kms.katalon.core.webui.keyword.WebUiBuiltInKeywords$switchToWindowUrl$2</class>
      <method>call</method>
    </frame>
    <frame>
      <class>JobTitles_Screen</class>
      <method>run</method>
      <line>31</line>
    </frame>
    <frame>
      <class>com.kms.katalon.core.main.ScriptEngine</class>
      <method>run</method>
      <line>194</line>
    </frame>
    <frame>
      <class>com.kms.katalon.core.main.ScriptEngine</class>
      <method>runScriptAsRawText</method>
      <line>119</line>
    </frame>
    <frame>
      <class>com.kms.katalon.core.main.TestCaseExecutor</class>
      <method>runScript</method>
      <line>328</line>
    </frame>
    <frame>
      <class>com.kms.katalon.core.main.TestCaseExecutor</class>
      <method>doExecute</method>
      <line>319</line>
    </frame>
    <frame>
      <class>com.kms.katalon.core.main.TestCaseExecutor</class>
      <method>processExecutionPhase</method>
      <line>298</line>
    </frame>
    <frame>
      <class>com.kms.katalon.core.main.TestCaseExecutor</class>
      <method>accessMainPhase</method>
      <line>290</line>
    </frame>
    <frame>
      <class>com.kms.katalon.core.main.TestCaseExecutor</class>
      <method>execute</method>
      <line>224</line>
    </frame>
    <frame>
      <class>com.kms.katalon.core.main.TestSuiteExecutor</class>
      <method>accessTestCaseMainPhase</method>
      <line>129</line>
    </frame>
    <frame>
      <class>com.kms.katalon.core.main.TestSuiteExecutor</class>
      <method>accessTestSuiteMainPhase</method>
      <line>112</line>
    </frame>
    <frame>
      <class>com.kms.katalon.core.main.TestSuiteExecutor</class>
      <method>execute</method>
      <line>81</line>
    </frame>
    <frame>
      <class>com.kms.katalon.core.main.TestCaseMain</class>
      <method>startTestSuite</method>
      <line>149</line>
    </frame>
    <frame>
      <class>com.kms.katalon.core.main.TestCaseMain$startTestSuite$0</class>
      <method>call</method>
    </frame>
    <frame>
      <class>TempTestSuite1546429333172</class>
      <method>run</method>
      <line>36</line>
    </frame>
  </exception>
  <nestedLevel>0</nestedLevel>
</record>
<record>
  <date>2019-01-02T13:43:02</date>
  <millis>1546429382519</millis>
  <sequence>153</sequence>
  <level>END</level>
  <class>com.kms.katalon.core.logging.XmlKeywordLogger</class>
  <method>endTest</method>
  <thread>1</thread>
  <message>End Test Case : Test Cases/Orange_Website/JobTitles_Screen</message>
  <nestedLevel>0</nestedLevel>
</record>
