<?xml version="1.0" encoding="UTF-8" standalone="no"?>
<!DOCTYPE log SYSTEM "logger.dtd">
<log>
<record>
  <date>2019-01-06T09:33:27</date>
  <millis>1546760007762</millis>
  <sequence>0</sequence>
  <level>START</level>
  <class>com.kms.katalon.core.logging.XmlKeywordLogger</class>
  <method>startSuite</method>
  <thread>1</thread>
  <message>Start Test Suite : Test Suites/TS_Orange_JobTitles</message>
  <nestedLevel>0</nestedLevel>
  <property name="name">TS_Orange_JobTitles</property>
  <property name="description"></property>
  <property name="id">Test Suites/TS_Orange_JobTitles</property>
</record>
<record>
  <date>2019-01-06T09:33:27</date>
  <millis>1546760007786</millis>
  <sequence>1</sequence>
  <level>RUN_DATA</level>
  <class>com.kms.katalon.core.logging.XmlKeywordLogger</class>
  <method>logMessage</method>
  <thread>1</thread>
  <message>hostName = Ebtehal Gamal Yusuf - LPALXY0199.ejadaalex.local</message>
  <nestedLevel>0</nestedLevel>
  <property name="hostName">Ebtehal Gamal Yusuf - LPALXY0199.ejadaalex.local</property>
</record>
<record>
  <date>2019-01-06T09:33:27</date>
  <millis>1546760007787</millis>
  <sequence>2</sequence>
  <level>RUN_DATA</level>
  <class>com.kms.katalon.core.logging.XmlKeywordLogger</class>
  <method>logMessage</method>
  <thread>1</thread>
  <message>os = Windows 7 64bit</message>
  <nestedLevel>0</nestedLevel>
  <property name="os">Windows 7 64bit</property>
</record>
<record>
  <date>2019-01-06T09:33:27</date>
  <millis>1546760007788</millis>
  <sequence>3</sequence>
  <level>RUN_DATA</level>
  <class>com.kms.katalon.core.logging.XmlKeywordLogger</class>
  <method>logMessage</method>
  <thread>1</thread>
  <message>hostAddress = 192.168.3.51</message>
  <nestedLevel>0</nestedLevel>
  <property name="hostAddress">192.168.3.51</property>
</record>
<record>
  <date>2019-01-06T09:33:27</date>
  <millis>1546760007790</millis>
  <sequence>4</sequence>
  <level>RUN_DATA</level>
  <class>com.kms.katalon.core.logging.XmlKeywordLogger</class>
  <method>logMessage</method>
  <thread>1</thread>
  <message>katalonVersion = 5.10.0.1</message>
  <nestedLevel>0</nestedLevel>
  <property name="katalonVersion">5.10.0.1</property>
</record>
<record>
  <date>2019-01-06T09:33:28</date>
  <millis>1546760008157</millis>
  <sequence>5</sequence>
  <level>START</level>
  <class>com.kms.katalon.core.logging.XmlKeywordLogger</class>
  <method>startTest</method>
  <thread>1</thread>
  <message>Start Test Case : Test Cases/Orange_Website/Login Screen</message>
  <nestedLevel>1</nestedLevel>
  <property name="name">Test Cases/Orange_Website/Login Screen</property>
  <property name="description"></property>
  <property name="id">Test Cases/Orange_Website/Login Screen</property>
  <property name="source">C:\\Users\\Administrator\\git\\Training_1\\Test Cases\\Orange_Website\\Login Screen.tc</property>
  <property name="isOptional">false</property>
</record>
<record>
  <date>2019-01-06T09:33:28</date>
  <millis>1546760008800</millis>
  <sequence>7</sequence>
  <level>START</level>
  <class>com.kms.katalon.core.logging.XmlKeywordLogger</class>
  <method>startKeyword</method>
  <thread>1</thread>
  <message>Start action : openBrowser(\&amp;quot;https://opensource-demo.orangehrmlive.com/index.php/auth/login\&amp;quot;)</message>
  <nestedLevel>1</nestedLevel>
  <property name="startLine">16</property>
  <property name="stepIndex">1</property>
</record>
<record>
  <date>2019-01-06T09:33:29</date>
  <millis>1546760009502</millis>
  <sequence>9</sequence>
  <level>INFO</level>
  <class>com.kms.katalon.core.logging.XmlKeywordLogger</class>
  <method>logMessage</method>
  <thread>1</thread>
  <message>Starting &amp;apos;Chrome&amp;apos; driver</message>
  <nestedLevel>1</nestedLevel>
</record>
<record>
  <date>2019-01-06T09:33:29</date>
  <millis>1546760009598</millis>
  <sequence>10</sequence>
  <level>INFO</level>
  <class>com.kms.katalon.core.logging.XmlKeywordLogger</class>
  <method>logMessage</method>
  <thread>1</thread>
  <message>Action delay is set to 0 seconds</message>
  <nestedLevel>1</nestedLevel>
</record>
<record>
  <date>2019-01-06T09:33:40</date>
  <millis>1546760020245</millis>
  <sequence>12</sequence>
  <level>RUN_DATA</level>
  <class>com.kms.katalon.core.logging.XmlKeywordLogger</class>
  <method>logMessage</method>
  <thread>1</thread>
  <message>sessionId = 9a96de1040eef28274e4451b141ef54c</message>
  <nestedLevel>1</nestedLevel>
  <property name="sessionId">9a96de1040eef28274e4451b141ef54c</property>
</record>
<record>
  <date>2019-01-06T09:33:40</date>
  <millis>1546760020405</millis>
  <sequence>13</sequence>
  <level>RUN_DATA</level>
  <class>com.kms.katalon.core.logging.XmlKeywordLogger</class>
  <method>logMessage</method>
  <thread>1</thread>
  <message>browser = Chrome 71.0.3578.98</message>
  <nestedLevel>1</nestedLevel>
  <property name="browser">Chrome 71.0.3578.98</property>
</record>
<record>
  <date>2019-01-06T09:33:40</date>
  <millis>1546760020412</millis>
  <sequence>14</sequence>
  <level>RUN_DATA</level>
  <class>com.kms.katalon.core.logging.XmlKeywordLogger</class>
  <method>logMessage</method>
  <thread>1</thread>
  <message>platform = Windows 7</message>
  <nestedLevel>1</nestedLevel>
  <property name="platform">Windows 7</property>
</record>
<record>
  <date>2019-01-06T09:33:40</date>
  <millis>1546760020417</millis>
  <sequence>15</sequence>
  <level>RUN_DATA</level>
  <class>com.kms.katalon.core.logging.XmlKeywordLogger</class>
  <method>logMessage</method>
  <thread>1</thread>
  <message>seleniumVersion = 3.7.1</message>
  <nestedLevel>1</nestedLevel>
  <property name="seleniumVersion">3.7.1</property>
</record>
<record>
  <date>2019-01-06T09:33:40</date>
  <millis>1546760020419</millis>
  <sequence>16</sequence>
  <level>RUN_DATA</level>
  <class>com.kms.katalon.core.logging.XmlKeywordLogger</class>
  <method>logMessage</method>
  <thread>1</thread>
  <message>proxyInformation = ProxyInformation{proxyOption=NO_PROXY, proxyServerType=HTTP, password=, proxyServerAddress=, proxyServerPort=0}</message>
  <nestedLevel>1</nestedLevel>
  <property name="proxyInformation">ProxyInformation{proxyOption=NO_PROXY, proxyServerType=HTTP, password=, proxyServerAddress=, proxyServerPort=0}</property>
</record>
<record>
  <date>2019-01-06T09:33:42</date>
  <millis>1546760022891</millis>
  <sequence>18</sequence>
  <level>PASSED</level>
  <class>com.kms.katalon.core.logging.XmlKeywordLogger</class>
  <method>logMessage</method>
  <thread>1</thread>
  <message>Browser is opened with url: &amp;apos;https://opensource-demo.orangehrmlive.com/index.php/auth/login&amp;apos;</message>
  <nestedLevel>1</nestedLevel>
</record>
<record>
  <date>2019-01-06T09:33:42</date>
  <millis>1546760022892</millis>
  <sequence>19</sequence>
  <level>END</level>
  <class>com.kms.katalon.core.logging.XmlKeywordLogger</class>
  <method>endKeyword</method>
  <thread>1</thread>
  <message>End action : openBrowser(\&amp;quot;https://opensource-demo.orangehrmlive.com/index.php/auth/login\&amp;quot;)</message>
  <nestedLevel>1</nestedLevel>
</record>
<record>
  <date>2019-01-06T09:33:42</date>
  <millis>1546760022893</millis>
  <sequence>20</sequence>
  <level>START</level>
  <class>com.kms.katalon.core.logging.XmlKeywordLogger</class>
  <method>startKeyword</method>
  <thread>1</thread>
  <message>Start action : setText(findTestObject(\&amp;quot;Orange/Login/Username\&amp;quot;), \&amp;quot;Admin\&amp;quot;)</message>
  <nestedLevel>1</nestedLevel>
  <property name="startLine">18</property>
  <property name="stepIndex">2</property>
</record>
<record>
  <date>2019-01-06T09:33:43</date>
  <millis>1546760023281</millis>
  <sequence>32</sequence>
  <level>PASSED</level>
  <class>com.kms.katalon.core.logging.XmlKeywordLogger</class>
  <method>logMessage</method>
  <thread>1</thread>
  <message>Text &amp;apos;Admin&amp;apos; is set on object &amp;apos;Object Repository/Orange/Login/Username&amp;apos;</message>
  <nestedLevel>1</nestedLevel>
</record>
<record>
  <date>2019-01-06T09:33:43</date>
  <millis>1546760023282</millis>
  <sequence>33</sequence>
  <level>END</level>
  <class>com.kms.katalon.core.logging.XmlKeywordLogger</class>
  <method>endKeyword</method>
  <thread>1</thread>
  <message>End action : setText(findTestObject(\&amp;quot;Orange/Login/Username\&amp;quot;), \&amp;quot;Admin\&amp;quot;)</message>
  <nestedLevel>1</nestedLevel>
</record>
<record>
  <date>2019-01-06T09:33:43</date>
  <millis>1546760023283</millis>
  <sequence>34</sequence>
  <level>START</level>
  <class>com.kms.katalon.core.logging.XmlKeywordLogger</class>
  <method>startKeyword</method>
  <thread>1</thread>
  <message>Start action : setText(findTestObject(\&amp;quot;Orange/Login/Password\&amp;quot;), \&amp;quot;admin123\&amp;quot;)</message>
  <nestedLevel>1</nestedLevel>
  <property name="startLine">20</property>
  <property name="stepIndex">3</property>
</record>
<record>
  <date>2019-01-06T09:33:43</date>
  <millis>1546760023435</millis>
  <sequence>46</sequence>
  <level>PASSED</level>
  <class>com.kms.katalon.core.logging.XmlKeywordLogger</class>
  <method>logMessage</method>
  <thread>1</thread>
  <message>Text &amp;apos;admin123&amp;apos; is set on object &amp;apos;Object Repository/Orange/Login/Password&amp;apos;</message>
  <nestedLevel>1</nestedLevel>
</record>
<record>
  <date>2019-01-06T09:33:43</date>
  <millis>1546760023436</millis>
  <sequence>47</sequence>
  <level>END</level>
  <class>com.kms.katalon.core.logging.XmlKeywordLogger</class>
  <method>endKeyword</method>
  <thread>1</thread>
  <message>End action : setText(findTestObject(\&amp;quot;Orange/Login/Password\&amp;quot;), \&amp;quot;admin123\&amp;quot;)</message>
  <nestedLevel>1</nestedLevel>
</record>
<record>
  <date>2019-01-06T09:33:43</date>
  <millis>1546760023436</millis>
  <sequence>48</sequence>
  <level>START</level>
  <class>com.kms.katalon.core.logging.XmlKeywordLogger</class>
  <method>startKeyword</method>
  <thread>1</thread>
  <message>Start action : click(findTestObject(\&amp;quot;Orange/Login/Login\&amp;quot;))</message>
  <nestedLevel>1</nestedLevel>
  <property name="startLine">22</property>
  <property name="stepIndex">4</property>
</record>
<record>
  <date>2019-01-06T09:33:45</date>
  <millis>1546760025413</millis>
  <sequence>55</sequence>
  <level>PASSED</level>
  <class>com.kms.katalon.core.logging.XmlKeywordLogger</class>
  <method>logMessage</method>
  <thread>1</thread>
  <message>Object: &amp;apos;Object Repository/Orange/Login/Login&amp;apos; is clicked on</message>
  <nestedLevel>1</nestedLevel>
</record>
<record>
  <date>2019-01-06T09:33:45</date>
  <millis>1546760025414</millis>
  <sequence>56</sequence>
  <level>END</level>
  <class>com.kms.katalon.core.logging.XmlKeywordLogger</class>
  <method>endKeyword</method>
  <thread>1</thread>
  <message>End action : click(findTestObject(\&amp;quot;Orange/Login/Login\&amp;quot;))</message>
  <nestedLevel>1</nestedLevel>
</record>
<record>
  <date>2019-01-06T09:33:45</date>
  <millis>1546760025414</millis>
  <sequence>57</sequence>
  <level>PASSED</level>
  <class>com.kms.katalon.core.logging.XmlKeywordLogger</class>
  <method>logMessage</method>
  <thread>1</thread>
  <message>Test Cases/Orange_Website/Login Screen</message>
  <nestedLevel>1</nestedLevel>
</record>
<record>
  <date>2019-01-06T09:33:45</date>
  <millis>1546760025415</millis>
  <sequence>58</sequence>
  <level>END</level>
  <class>com.kms.katalon.core.logging.XmlKeywordLogger</class>
  <method>endTest</method>
  <thread>1</thread>
  <message>End Test Case : Test Cases/Orange_Website/Login Screen</message>
  <nestedLevel>0</nestedLevel>
</record>
<record>
  <date>2019-01-06T09:33:45</date>
  <millis>1546760025427</millis>
  <sequence>59</sequence>
  <level>START</level>
  <class>com.kms.katalon.core.logging.XmlKeywordLogger</class>
  <method>startTest</method>
  <thread>1</thread>
  <message>Start Test Case : Test Cases/Orange_Website/JobTitles_Screen</message>
  <nestedLevel>1</nestedLevel>
  <property name="name">Test Cases/Orange_Website/JobTitles_Screen</property>
  <property name="description"></property>
  <property name="id">Test Cases/Orange_Website/JobTitles_Screen</property>
  <property name="source">C:\\Users\\Administrator\\git\\Training_1\\Test Cases\\Orange_Website\\JobTitles_Screen.tc</property>
  <property name="isOptional">false</property>
</record>
<record>
  <date>2019-01-06T09:33:45</date>
  <millis>1546760025487</millis>
  <sequence>61</sequence>
  <level>INFO</level>
  <class>com.kms.katalon.core.logging.XmlKeywordLogger</class>
  <method>logMessage</method>
  <thread>1</thread>
  <message>jobtitles = Qc Engineer12</message>
  <nestedLevel>1</nestedLevel>
</record>
<record>
  <date>2019-01-06T09:33:45</date>
  <millis>1546760025487</millis>
  <sequence>62</sequence>
  <level>INFO</level>
  <class>com.kms.katalon.core.logging.XmlKeywordLogger</class>
  <method>logMessage</method>
  <thread>1</thread>
  <message>jobdescription = Test applications</message>
  <nestedLevel>1</nestedLevel>
</record>
<record>
  <date>2019-01-06T09:33:45</date>
  <millis>1546760025489</millis>
  <sequence>63</sequence>
  <level>INFO</level>
  <class>com.kms.katalon.core.logging.XmlKeywordLogger</class>
  <method>logMessage</method>
  <thread>1</thread>
  <message>notes = test</message>
  <nestedLevel>1</nestedLevel>
</record>
<record>
  <date>2019-01-06T09:33:45</date>
  <millis>1546760025912</millis>
  <sequence>64</sequence>
  <level>START</level>
  <class>com.kms.katalon.core.logging.XmlKeywordLogger</class>
  <method>startKeyword</method>
  <thread>1</thread>
  <message>Start action : click(findTestObject(\&amp;quot;Orange/Navigation/MNULST_Admin\&amp;quot;))</message>
  <nestedLevel>1</nestedLevel>
  <property name="startLine">20</property>
  <property name="stepIndex">1</property>
</record>
<record>
  <date>2019-01-06T09:33:48</date>
  <millis>1546760028147</millis>
  <sequence>71</sequence>
  <level>PASSED</level>
  <class>com.kms.katalon.core.logging.XmlKeywordLogger</class>
  <method>logMessage</method>
  <thread>1</thread>
  <message>Object: &amp;apos;Object Repository/Orange/Navigation/MNULST_Admin&amp;apos; is clicked on</message>
  <nestedLevel>1</nestedLevel>
</record>
<record>
  <date>2019-01-06T09:33:48</date>
  <millis>1546760028148</millis>
  <sequence>72</sequence>
  <level>END</level>
  <class>com.kms.katalon.core.logging.XmlKeywordLogger</class>
  <method>endKeyword</method>
  <thread>1</thread>
  <message>End action : click(findTestObject(\&amp;quot;Orange/Navigation/MNULST_Admin\&amp;quot;))</message>
  <nestedLevel>1</nestedLevel>
</record>
<record>
  <date>2019-01-06T09:33:48</date>
  <millis>1546760028148</millis>
  <sequence>73</sequence>
  <level>START</level>
  <class>com.kms.katalon.core.logging.XmlKeywordLogger</class>
  <method>startKeyword</method>
  <thread>1</thread>
  <message>Start action : click(findTestObject(\&amp;quot;Orange/Navigation/MNUITM_Job\&amp;quot;))</message>
  <nestedLevel>1</nestedLevel>
  <property name="startLine">22</property>
  <property name="stepIndex">2</property>
</record>
<record>
  <date>2019-01-06T09:33:48</date>
  <millis>1546760028264</millis>
  <sequence>80</sequence>
  <level>PASSED</level>
  <class>com.kms.katalon.core.logging.XmlKeywordLogger</class>
  <method>logMessage</method>
  <thread>1</thread>
  <message>Object: &amp;apos;Object Repository/Orange/Navigation/MNUITM_Job&amp;apos; is clicked on</message>
  <nestedLevel>1</nestedLevel>
</record>
<record>
  <date>2019-01-06T09:33:48</date>
  <millis>1546760028264</millis>
  <sequence>81</sequence>
  <level>END</level>
  <class>com.kms.katalon.core.logging.XmlKeywordLogger</class>
  <method>endKeyword</method>
  <thread>1</thread>
  <message>End action : click(findTestObject(\&amp;quot;Orange/Navigation/MNUITM_Job\&amp;quot;))</message>
  <nestedLevel>1</nestedLevel>
</record>
<record>
  <date>2019-01-06T09:33:48</date>
  <millis>1546760028265</millis>
  <sequence>82</sequence>
  <level>START</level>
  <class>com.kms.katalon.core.logging.XmlKeywordLogger</class>
  <method>startKeyword</method>
  <thread>1</thread>
  <message>Start action : click(findTestObject(\&amp;quot;Orange/Navigation/MNUITM_JobTitles\&amp;quot;))</message>
  <nestedLevel>1</nestedLevel>
  <property name="startLine">24</property>
  <property name="stepIndex">3</property>
</record>
<record>
  <date>2019-01-06T09:33:49</date>
  <millis>1546760029118</millis>
  <sequence>89</sequence>
  <level>PASSED</level>
  <class>com.kms.katalon.core.logging.XmlKeywordLogger</class>
  <method>logMessage</method>
  <thread>1</thread>
  <message>Object: &amp;apos;Object Repository/Orange/Navigation/MNUITM_JobTitles&amp;apos; is clicked on</message>
  <nestedLevel>1</nestedLevel>
</record>
<record>
  <date>2019-01-06T09:33:49</date>
  <millis>1546760029120</millis>
  <sequence>90</sequence>
  <level>END</level>
  <class>com.kms.katalon.core.logging.XmlKeywordLogger</class>
  <method>endKeyword</method>
  <thread>1</thread>
  <message>End action : click(findTestObject(\&amp;quot;Orange/Navigation/MNUITM_JobTitles\&amp;quot;))</message>
  <nestedLevel>1</nestedLevel>
</record>
<record>
  <date>2019-01-06T09:33:49</date>
  <millis>1546760029120</millis>
  <sequence>91</sequence>
  <level>START</level>
  <class>com.kms.katalon.core.logging.XmlKeywordLogger</class>
  <method>startKeyword</method>
  <thread>1</thread>
  <message>Start action : click(findTestObject(\&amp;quot;Orange/JobTitles/BTN_Add\&amp;quot;))</message>
  <nestedLevel>1</nestedLevel>
  <property name="startLine">27</property>
  <property name="stepIndex">4</property>
  <property name="description">Add New Record\r\n</property>
</record>
<record>
  <date>2019-01-06T09:33:49</date>
  <millis>1546760029123</millis>
  <sequence>92</sequence>
  <level>NOT_RUN</level>
  <class>com.kms.katalon.core.logging.XmlKeywordLogger</class>
  <method>logMessage</method>
  <thread>1</thread>
  <message>NOT_RUN: click(findTestObject(\&amp;quot;Orange/JobTitles/BTN_Add\&amp;quot;))</message>
  <nestedLevel>1</nestedLevel>
</record>
<record>
  <date>2019-01-06T09:33:49</date>
  <millis>1546760029125</millis>
  <sequence>93</sequence>
  <level>END</level>
  <class>com.kms.katalon.core.logging.XmlKeywordLogger</class>
  <method>endKeyword</method>
  <thread>1</thread>
  <message>End action : click(findTestObject(\&amp;quot;Orange/JobTitles/BTN_Add\&amp;quot;))</message>
  <nestedLevel>1</nestedLevel>
</record>
<record>
  <date>2019-01-06T09:33:49</date>
  <millis>1546760029127</millis>
  <sequence>94</sequence>
  <level>START</level>
  <class>com.kms.katalon.core.logging.XmlKeywordLogger</class>
  <method>startKeyword</method>
  <thread>1</thread>
  <message>Start action : pk_Functions.CS_AllPageData.AllPageDataFun(\&amp;quot;Orange_JobTitles_ObjectRepository\&amp;quot;, \&amp;quot;Sheet1\&amp;quot;, [jobtitles, jobdescription, notes])</message>
  <nestedLevel>1</nestedLevel>
  <property name="startLine">30</property>
  <property name="stepIndex">5</property>
  <property name="description">Data Entry</property>
</record>
<record>
  <date>2019-01-06T09:33:49</date>
  <millis>1546760029128</millis>
  <sequence>95</sequence>
  <level>NOT_RUN</level>
  <class>com.kms.katalon.core.logging.XmlKeywordLogger</class>
  <method>logMessage</method>
  <thread>1</thread>
  <message>NOT_RUN: pk_Functions.CS_AllPageData.AllPageDataFun(\&amp;quot;Orange_JobTitles_ObjectRepository\&amp;quot;, \&amp;quot;Sheet1\&amp;quot;, [jobtitles, jobdescription, notes])</message>
  <nestedLevel>1</nestedLevel>
</record>
<record>
  <date>2019-01-06T09:33:49</date>
  <millis>1546760029129</millis>
  <sequence>96</sequence>
  <level>END</level>
  <class>com.kms.katalon.core.logging.XmlKeywordLogger</class>
  <method>endKeyword</method>
  <thread>1</thread>
  <message>End action : pk_Functions.CS_AllPageData.AllPageDataFun(\&amp;quot;Orange_JobTitles_ObjectRepository\&amp;quot;, \&amp;quot;Sheet1\&amp;quot;, [jobtitles, jobdescription, notes])</message>
  <nestedLevel>1</nestedLevel>
</record>
<record>
  <date>2019-01-06T09:33:49</date>
  <millis>1546760029130</millis>
  <sequence>97</sequence>
  <level>START</level>
  <class>com.kms.katalon.core.logging.XmlKeywordLogger</class>
  <method>startKeyword</method>
  <thread>1</thread>
  <message>Start action : delay(1)</message>
  <nestedLevel>1</nestedLevel>
  <property name="startLine">33</property>
  <property name="stepIndex">6</property>
</record>
<record>
  <date>2019-01-06T09:33:50</date>
  <millis>1546760030169</millis>
  <sequence>99</sequence>
  <level>PASSED</level>
  <class>com.kms.katalon.core.logging.XmlKeywordLogger</class>
  <method>logMessage</method>
  <thread>1</thread>
  <message>Delayed 1 second(s)</message>
  <nestedLevel>1</nestedLevel>
</record>
<record>
  <date>2019-01-06T09:33:50</date>
  <millis>1546760030170</millis>
  <sequence>100</sequence>
  <level>END</level>
  <class>com.kms.katalon.core.logging.XmlKeywordLogger</class>
  <method>endKeyword</method>
  <thread>1</thread>
  <message>End action : delay(1)</message>
  <nestedLevel>1</nestedLevel>
</record>
<record>
  <date>2019-01-06T09:33:50</date>
  <millis>1546760030170</millis>
  <sequence>101</sequence>
  <level>START</level>
  <class>com.kms.katalon.core.logging.XmlKeywordLogger</class>
  <method>startKeyword</method>
  <thread>1</thread>
  <message>Start action : tools.uploadFiles.uploadFile(findTestObject(\&amp;quot;Orange/JobTitles/BTN_ChooseFile\&amp;quot;), \&amp;quot;\&amp;quot;D:\\Ebtehal_QC\\Extras\\logo.jpg\&amp;quot;\&amp;quot;)</message>
  <nestedLevel>1</nestedLevel>
  <property name="startLine">36</property>
  <property name="stepIndex">7</property>
</record>
<record>
  <date>2019-01-06T09:33:50</date>
  <millis>1546760030171</millis>
  <sequence>102</sequence>
  <level>NOT_RUN</level>
  <class>com.kms.katalon.core.logging.XmlKeywordLogger</class>
  <method>logMessage</method>
  <thread>1</thread>
  <message>NOT_RUN: tools.uploadFiles.uploadFile(findTestObject(\&amp;quot;Orange/JobTitles/BTN_ChooseFile\&amp;quot;), \&amp;quot;\&amp;quot;D:\\Ebtehal_QC\\Extras\\logo.jpg\&amp;quot;\&amp;quot;)</message>
  <nestedLevel>1</nestedLevel>
</record>
<record>
  <date>2019-01-06T09:33:50</date>
  <millis>1546760030172</millis>
  <sequence>103</sequence>
  <level>END</level>
  <class>com.kms.katalon.core.logging.XmlKeywordLogger</class>
  <method>endKeyword</method>
  <thread>1</thread>
  <message>End action : tools.uploadFiles.uploadFile(findTestObject(\&amp;quot;Orange/JobTitles/BTN_ChooseFile\&amp;quot;), \&amp;quot;\&amp;quot;D:\\Ebtehal_QC\\Extras\\logo.jpg\&amp;quot;\&amp;quot;)</message>
  <nestedLevel>1</nestedLevel>
</record>
<record>
  <date>2019-01-06T09:33:50</date>
  <millis>1546760030173</millis>
  <sequence>104</sequence>
  <level>START</level>
  <class>com.kms.katalon.core.logging.XmlKeywordLogger</class>
  <method>startKeyword</method>
  <thread>1</thread>
  <message>Start action : Thread.sleep(2000)</message>
  <nestedLevel>1</nestedLevel>
  <property name="startLine">38</property>
  <property name="stepIndex">8</property>
</record>
<record>
  <date>2019-01-06T09:33:50</date>
  <millis>1546760030173</millis>
  <sequence>105</sequence>
  <level>NOT_RUN</level>
  <class>com.kms.katalon.core.logging.XmlKeywordLogger</class>
  <method>logMessage</method>
  <thread>1</thread>
  <message>NOT_RUN: Thread.sleep(2000)</message>
  <nestedLevel>1</nestedLevel>
</record>
<record>
  <date>2019-01-06T09:33:50</date>
  <millis>1546760030175</millis>
  <sequence>106</sequence>
  <level>END</level>
  <class>com.kms.katalon.core.logging.XmlKeywordLogger</class>
  <method>endKeyword</method>
  <thread>1</thread>
  <message>End action : Thread.sleep(2000)</message>
  <nestedLevel>1</nestedLevel>
</record>
<record>
  <date>2019-01-06T09:33:50</date>
  <millis>1546760030175</millis>
  <sequence>107</sequence>
  <level>START</level>
  <class>com.kms.katalon.core.logging.XmlKeywordLogger</class>
  <method>startKeyword</method>
  <thread>1</thread>
  <message>Start action : click(findTestObject(\&amp;quot;Orange/JobTitles/BTN_Save\&amp;quot;))</message>
  <nestedLevel>1</nestedLevel>
  <property name="startLine">41</property>
  <property name="stepIndex">9</property>
</record>
<record>
  <date>2019-01-06T09:33:50</date>
  <millis>1546760030176</millis>
  <sequence>108</sequence>
  <level>NOT_RUN</level>
  <class>com.kms.katalon.core.logging.XmlKeywordLogger</class>
  <method>logMessage</method>
  <thread>1</thread>
  <message>NOT_RUN: click(findTestObject(\&amp;quot;Orange/JobTitles/BTN_Save\&amp;quot;))</message>
  <nestedLevel>1</nestedLevel>
</record>
<record>
  <date>2019-01-06T09:33:50</date>
  <millis>1546760030177</millis>
  <sequence>109</sequence>
  <level>END</level>
  <class>com.kms.katalon.core.logging.XmlKeywordLogger</class>
  <method>endKeyword</method>
  <thread>1</thread>
  <message>End action : click(findTestObject(\&amp;quot;Orange/JobTitles/BTN_Save\&amp;quot;))</message>
  <nestedLevel>1</nestedLevel>
</record>
<record>
  <date>2019-01-06T09:33:50</date>
  <millis>1546760030177</millis>
  <sequence>110</sequence>
  <level>START</level>
  <class>com.kms.katalon.core.logging.XmlKeywordLogger</class>
  <method>startKeyword</method>
  <thread>1</thread>
  <message>Start action : delay(1)</message>
  <nestedLevel>1</nestedLevel>
  <property name="startLine">43</property>
  <property name="stepIndex">10</property>
</record>
<record>
  <date>2019-01-06T09:33:50</date>
  <millis>1546760030178</millis>
  <sequence>111</sequence>
  <level>NOT_RUN</level>
  <class>com.kms.katalon.core.logging.XmlKeywordLogger</class>
  <method>logMessage</method>
  <thread>1</thread>
  <message>NOT_RUN: delay(1)</message>
  <nestedLevel>1</nestedLevel>
</record>
<record>
  <date>2019-01-06T09:33:50</date>
  <millis>1546760030178</millis>
  <sequence>112</sequence>
  <level>END</level>
  <class>com.kms.katalon.core.logging.XmlKeywordLogger</class>
  <method>endKeyword</method>
  <thread>1</thread>
  <message>End action : delay(1)</message>
  <nestedLevel>1</nestedLevel>
</record>
<record>
  <date>2019-01-06T09:33:50</date>
  <millis>1546760030178</millis>
  <sequence>113</sequence>
  <level>START</level>
  <class>com.kms.katalon.core.logging.XmlKeywordLogger</class>
  <method>startKeyword</method>
  <thread>1</thread>
  <message>Start action : verifyElementPresent(findTestObject(\&amp;quot;Orange/JobTitles/MSG_SuccessValidationMessage\&amp;quot;), 0)</message>
  <nestedLevel>1</nestedLevel>
  <property name="startLine">45</property>
  <property name="stepIndex">11</property>
</record>
<record>
  <date>2019-01-06T09:33:50</date>
  <millis>1546760030179</millis>
  <sequence>114</sequence>
  <level>NOT_RUN</level>
  <class>com.kms.katalon.core.logging.XmlKeywordLogger</class>
  <method>logMessage</method>
  <thread>1</thread>
  <message>NOT_RUN: verifyElementPresent(findTestObject(\&amp;quot;Orange/JobTitles/MSG_SuccessValidationMessage\&amp;quot;), 0)</message>
  <nestedLevel>1</nestedLevel>
</record>
<record>
  <date>2019-01-06T09:33:50</date>
  <millis>1546760030184</millis>
  <sequence>115</sequence>
  <level>END</level>
  <class>com.kms.katalon.core.logging.XmlKeywordLogger</class>
  <method>endKeyword</method>
  <thread>1</thread>
  <message>End action : verifyElementPresent(findTestObject(\&amp;quot;Orange/JobTitles/MSG_SuccessValidationMessage\&amp;quot;), 0)</message>
  <nestedLevel>1</nestedLevel>
</record>
<record>
  <date>2019-01-06T09:33:50</date>
  <millis>1546760030184</millis>
  <sequence>116</sequence>
  <level>START</level>
  <class>com.kms.katalon.core.logging.XmlKeywordLogger</class>
  <method>startKeyword</method>
  <thread>1</thread>
  <message>Start action : driver = getWebDriver()</message>
  <nestedLevel>1</nestedLevel>
  <property name="startLine">47</property>
  <property name="stepIndex">12</property>
</record>
<record>
  <date>2019-01-06T09:33:50</date>
  <millis>1546760030233</millis>
  <sequence>117</sequence>
  <level>END</level>
  <class>com.kms.katalon.core.logging.XmlKeywordLogger</class>
  <method>endKeyword</method>
  <thread>1</thread>
  <message>End action : driver = getWebDriver()</message>
  <nestedLevel>1</nestedLevel>
</record>
<record>
  <date>2019-01-06T09:33:50</date>
  <millis>1546760030233</millis>
  <sequence>118</sequence>
  <level>START</level>
  <class>com.kms.katalon.core.logging.XmlKeywordLogger</class>
  <method>startKeyword</method>
  <thread>1</thread>
  <message>Start action : ExpectedValue = \&amp;quot;Sales Executive\&amp;quot;</message>
  <nestedLevel>1</nestedLevel>
  <property name="startLine">50</property>
  <property name="stepIndex">13</property>
  <property name="description">Expected value from Table</property>
</record>
<record>
  <date>2019-01-06T09:33:50</date>
  <millis>1546760030234</millis>
  <sequence>119</sequence>
  <level>END</level>
  <class>com.kms.katalon.core.logging.XmlKeywordLogger</class>
  <method>endKeyword</method>
  <thread>1</thread>
  <message>End action : ExpectedValue = \&amp;quot;Sales Executive\&amp;quot;</message>
  <nestedLevel>1</nestedLevel>
</record>
<record>
  <date>2019-01-06T09:33:50</date>
  <millis>1546760030234</millis>
  <sequence>120</sequence>
  <level>START</level>
  <class>com.kms.katalon.core.logging.XmlKeywordLogger</class>
  <method>startKeyword</method>
  <thread>1</thread>
  <message>Start action : Table = driver.findElement(By.id(\&amp;quot;resultTable\&amp;quot;))</message>
  <nestedLevel>1</nestedLevel>
  <property name="startLine">53</property>
  <property name="stepIndex">14</property>
  <property name="description">To locate table</property>
</record>
<record>
  <date>2019-01-06T09:33:50</date>
  <millis>1546760030306</millis>
  <sequence>121</sequence>
  <level>END</level>
  <class>com.kms.katalon.core.logging.XmlKeywordLogger</class>
  <method>endKeyword</method>
  <thread>1</thread>
  <message>End action : Table = driver.findElement(By.id(\&amp;quot;resultTable\&amp;quot;))</message>
  <nestedLevel>1</nestedLevel>
</record>
<record>
  <date>2019-01-06T09:33:50</date>
  <millis>1546760030307</millis>
  <sequence>122</sequence>
  <level>START</level>
  <class>com.kms.katalon.core.logging.XmlKeywordLogger</class>
  <method>startKeyword</method>
  <thread>1</thread>
  <message>Start action : rows_table = Table.findElements(By.tagName(\&amp;quot;tr\&amp;quot;))</message>
  <nestedLevel>1</nestedLevel>
  <property name="startLine">56</property>
  <property name="stepIndex">15</property>
  <property name="description">To locate rows of table it will Capture all the rows available in the table</property>
</record>
<record>
  <date>2019-01-06T09:33:50</date>
  <millis>1546760030379</millis>
  <sequence>123</sequence>
  <level>END</level>
  <class>com.kms.katalon.core.logging.XmlKeywordLogger</class>
  <method>endKeyword</method>
  <thread>1</thread>
  <message>End action : rows_table = Table.findElements(By.tagName(\&amp;quot;tr\&amp;quot;))</message>
  <nestedLevel>1</nestedLevel>
</record>
<record>
  <date>2019-01-06T09:33:50</date>
  <millis>1546760030380</millis>
  <sequence>124</sequence>
  <level>START</level>
  <class>com.kms.katalon.core.logging.XmlKeywordLogger</class>
  <method>startKeyword</method>
  <thread>1</thread>
  <message>Start action : rows_count = rows_table.size()</message>
  <nestedLevel>1</nestedLevel>
  <property name="startLine">59</property>
  <property name="stepIndex">16</property>
  <property name="description">To calculate no of rows In table</property>
</record>
<record>
  <date>2019-01-06T09:33:50</date>
  <millis>1546760030382</millis>
  <sequence>125</sequence>
  <level>END</level>
  <class>com.kms.katalon.core.logging.XmlKeywordLogger</class>
  <method>endKeyword</method>
  <thread>1</thread>
  <message>End action : rows_count = rows_table.size()</message>
  <nestedLevel>1</nestedLevel>
</record>
<record>
  <date>2019-01-06T09:33:50</date>
  <millis>1546760030382</millis>
  <sequence>126</sequence>
  <level>START</level>
  <class>com.kms.katalon.core.logging.XmlKeywordLogger</class>
  <method>startKeyword</method>
  <thread>1</thread>
  <message>Start action : for ([row = 0, row &amp;lt; rows_count, (row++)])</message>
  <nestedLevel>1</nestedLevel>
  <property name="startLine">62</property>
  <property name="stepIndex">17</property>
  <property name="description">Loop will execute for all the rows of the table</property>
</record>
<record>
  <date>2019-01-06T09:33:50</date>
  <millis>1546760030384</millis>
  <sequence>127</sequence>
  <level>START</level>
  <class>com.kms.katalon.core.logging.XmlKeywordLogger</class>
  <method>startKeyword</method>
  <thread>1</thread>
  <message>Start action : Columns_row = get(row).findElements(By.tagName(\&amp;quot;td\&amp;quot;))</message>
  <nestedLevel>2</nestedLevel>
  <property name="startLine">64</property>
  <property name="stepIndex">1</property>
  <property name="description">To locate columns(cells) of that specific row</property>
</record>
<record>
  <date>2019-01-06T09:33:50</date>
  <millis>1546760030418</millis>
  <sequence>128</sequence>
  <level>END</level>
  <class>com.kms.katalon.core.logging.XmlKeywordLogger</class>
  <method>endKeyword</method>
  <thread>1</thread>
  <message>End action : Columns_row = get(row).findElements(By.tagName(\&amp;quot;td\&amp;quot;))</message>
  <nestedLevel>2</nestedLevel>
</record>
<record>
  <date>2019-01-06T09:33:50</date>
  <millis>1546760030419</millis>
  <sequence>129</sequence>
  <level>START</level>
  <class>com.kms.katalon.core.logging.XmlKeywordLogger</class>
  <method>startKeyword</method>
  <thread>1</thread>
  <message>Start action : columns_count = Columns_row.size()</message>
  <nestedLevel>2</nestedLevel>
  <property name="startLine">67</property>
  <property name="stepIndex">2</property>
  <property name="description">To calculate no of columns(cells) In that specific row</property>
</record>
<record>
  <date>2019-01-06T09:33:50</date>
  <millis>1546760030420</millis>
  <sequence>130</sequence>
  <level>END</level>
  <class>com.kms.katalon.core.logging.XmlKeywordLogger</class>
  <method>endKeyword</method>
  <thread>1</thread>
  <message>End action : columns_count = Columns_row.size()</message>
  <nestedLevel>2</nestedLevel>
</record>
<record>
  <date>2019-01-06T09:33:50</date>
  <millis>1546760030420</millis>
  <sequence>131</sequence>
  <level>START</level>
  <class>com.kms.katalon.core.logging.XmlKeywordLogger</class>
  <method>startKeyword</method>
  <thread>1</thread>
  <message>Start action : for ([column = 0, column &amp;lt; columns_count, (column++)])</message>
  <nestedLevel>2</nestedLevel>
  <property name="startLine">72</property>
  <property name="stepIndex">3</property>
  <property name="description">Loop will execute till the last cell of that specific row</property>
</record>
<record>
  <date>2019-01-06T09:33:50</date>
  <millis>1546760030422</millis>
  <sequence>132</sequence>
  <level>END</level>
  <class>com.kms.katalon.core.logging.XmlKeywordLogger</class>
  <method>endKeyword</method>
  <thread>1</thread>
  <message>End action : for ([column = 0, column &amp;lt; columns_count, (column++)])</message>
  <nestedLevel>2</nestedLevel>
</record>
<record>
  <date>2019-01-06T09:33:50</date>
  <millis>1546760030422</millis>
  <sequence>133</sequence>
  <level>START</level>
  <class>com.kms.katalon.core.logging.XmlKeywordLogger</class>
  <method>startKeyword</method>
  <thread>1</thread>
  <message>Start action : Columns_row = get(row).findElements(By.tagName(\&amp;quot;td\&amp;quot;))</message>
  <nestedLevel>2</nestedLevel>
  <property name="startLine">64</property>
  <property name="stepIndex">1</property>
  <property name="description">To locate columns(cells) of that specific row</property>
</record>
<record>
  <date>2019-01-06T09:33:50</date>
  <millis>1546760030458</millis>
  <sequence>134</sequence>
  <level>END</level>
  <class>com.kms.katalon.core.logging.XmlKeywordLogger</class>
  <method>endKeyword</method>
  <thread>1</thread>
  <message>End action : Columns_row = get(row).findElements(By.tagName(\&amp;quot;td\&amp;quot;))</message>
  <nestedLevel>2</nestedLevel>
</record>
<record>
  <date>2019-01-06T09:33:50</date>
  <millis>1546760030459</millis>
  <sequence>135</sequence>
  <level>START</level>
  <class>com.kms.katalon.core.logging.XmlKeywordLogger</class>
  <method>startKeyword</method>
  <thread>1</thread>
  <message>Start action : columns_count = Columns_row.size()</message>
  <nestedLevel>2</nestedLevel>
  <property name="startLine">67</property>
  <property name="stepIndex">2</property>
  <property name="description">To calculate no of columns(cells) In that specific row</property>
</record>
<record>
  <date>2019-01-06T09:33:50</date>
  <millis>1546760030460</millis>
  <sequence>136</sequence>
  <level>END</level>
  <class>com.kms.katalon.core.logging.XmlKeywordLogger</class>
  <method>endKeyword</method>
  <thread>1</thread>
  <message>End action : columns_count = Columns_row.size()</message>
  <nestedLevel>2</nestedLevel>
</record>
<record>
  <date>2019-01-06T09:33:50</date>
  <millis>1546760030460</millis>
  <sequence>137</sequence>
  <level>START</level>
  <class>com.kms.katalon.core.logging.XmlKeywordLogger</class>
  <method>startKeyword</method>
  <thread>1</thread>
  <message>Start action : for ([column = 0, column &amp;lt; columns_count, (column++)])</message>
  <nestedLevel>2</nestedLevel>
  <property name="startLine">72</property>
  <property name="stepIndex">3</property>
  <property name="description">Loop will execute till the last cell of that specific row</property>
</record>
<record>
  <date>2019-01-06T09:33:50</date>
  <millis>1546760030461</millis>
  <sequence>138</sequence>
  <level>START</level>
  <class>com.kms.katalon.core.logging.XmlKeywordLogger</class>
  <method>startKeyword</method>
  <thread>1</thread>
  <message>Start action : celltext = get(column).getText()</message>
  <nestedLevel>3</nestedLevel>
  <property name="startLine">74</property>
  <property name="stepIndex">1</property>
  <property name="description">It will retrieve text from each cell</property>
</record>
<record>
  <date>2019-01-06T09:33:50</date>
  <millis>1546760030495</millis>
  <sequence>139</sequence>
  <level>END</level>
  <class>com.kms.katalon.core.logging.XmlKeywordLogger</class>
  <method>endKeyword</method>
  <thread>1</thread>
  <message>End action : celltext = get(column).getText()</message>
  <nestedLevel>3</nestedLevel>
</record>
<record>
  <date>2019-01-06T09:33:50</date>
  <millis>1546760030496</millis>
  <sequence>140</sequence>
  <level>START</level>
  <class>com.kms.katalon.core.logging.XmlKeywordLogger</class>
  <method>startKeyword</method>
  <thread>1</thread>
  <message>Start action : if (celltext == ExpectedValue)</message>
  <nestedLevel>3</nestedLevel>
  <property name="startLine">78</property>
  <property name="stepIndex">2</property>
  <property name="description">Checking if Cell text is matching with the expected value</property>
</record>
<record>
  <date>2019-01-06T09:33:50</date>
  <millis>1546760030497</millis>
  <sequence>141</sequence>
  <level>END</level>
  <class>com.kms.katalon.core.logging.XmlKeywordLogger</class>
  <method>endKeyword</method>
  <thread>1</thread>
  <message>End action : if (celltext == ExpectedValue)</message>
  <nestedLevel>3</nestedLevel>
</record>
<record>
  <date>2019-01-06T09:33:50</date>
  <millis>1546760030497</millis>
  <sequence>142</sequence>
  <level>START</level>
  <class>com.kms.katalon.core.logging.XmlKeywordLogger</class>
  <method>startKeyword</method>
  <thread>1</thread>
  <message>Start action : celltext = get(column).getText()</message>
  <nestedLevel>3</nestedLevel>
  <property name="startLine">74</property>
  <property name="stepIndex">1</property>
  <property name="description">It will retrieve text from each cell</property>
</record>
<record>
  <date>2019-01-06T09:33:50</date>
  <millis>1546760030535</millis>
  <sequence>143</sequence>
  <level>END</level>
  <class>com.kms.katalon.core.logging.XmlKeywordLogger</class>
  <method>endKeyword</method>
  <thread>1</thread>
  <message>End action : celltext = get(column).getText()</message>
  <nestedLevel>3</nestedLevel>
</record>
<record>
  <date>2019-01-06T09:33:50</date>
  <millis>1546760030535</millis>
  <sequence>144</sequence>
  <level>START</level>
  <class>com.kms.katalon.core.logging.XmlKeywordLogger</class>
  <method>startKeyword</method>
  <thread>1</thread>
  <message>Start action : if (celltext == ExpectedValue)</message>
  <nestedLevel>3</nestedLevel>
  <property name="startLine">78</property>
  <property name="stepIndex">2</property>
  <property name="description">Checking if Cell text is matching with the expected value</property>
</record>
<record>
  <date>2019-01-06T09:33:50</date>
  <millis>1546760030536</millis>
  <sequence>145</sequence>
  <level>END</level>
  <class>com.kms.katalon.core.logging.XmlKeywordLogger</class>
  <method>endKeyword</method>
  <thread>1</thread>
  <message>End action : if (celltext == ExpectedValue)</message>
  <nestedLevel>3</nestedLevel>
</record>
<record>
  <date>2019-01-06T09:33:50</date>
  <millis>1546760030537</millis>
  <sequence>146</sequence>
  <level>START</level>
  <class>com.kms.katalon.core.logging.XmlKeywordLogger</class>
  <method>startKeyword</method>
  <thread>1</thread>
  <message>Start action : celltext = get(column).getText()</message>
  <nestedLevel>3</nestedLevel>
  <property name="startLine">74</property>
  <property name="stepIndex">1</property>
  <property name="description">It will retrieve text from each cell</property>
</record>
<record>
  <date>2019-01-06T09:33:50</date>
  <millis>1546760030572</millis>
  <sequence>147</sequence>
  <level>END</level>
  <class>com.kms.katalon.core.logging.XmlKeywordLogger</class>
  <method>endKeyword</method>
  <thread>1</thread>
  <message>End action : celltext = get(column).getText()</message>
  <nestedLevel>3</nestedLevel>
</record>
<record>
  <date>2019-01-06T09:33:50</date>
  <millis>1546760030572</millis>
  <sequence>148</sequence>
  <level>START</level>
  <class>com.kms.katalon.core.logging.XmlKeywordLogger</class>
  <method>startKeyword</method>
  <thread>1</thread>
  <message>Start action : if (celltext == ExpectedValue)</message>
  <nestedLevel>3</nestedLevel>
  <property name="startLine">78</property>
  <property name="stepIndex">2</property>
  <property name="description">Checking if Cell text is matching with the expected value</property>
</record>
<record>
  <date>2019-01-06T09:33:50</date>
  <millis>1546760030573</millis>
  <sequence>149</sequence>
  <level>END</level>
  <class>com.kms.katalon.core.logging.XmlKeywordLogger</class>
  <method>endKeyword</method>
  <thread>1</thread>
  <message>End action : if (celltext == ExpectedValue)</message>
  <nestedLevel>3</nestedLevel>
</record>
<record>
  <date>2019-01-06T09:33:50</date>
  <millis>1546760030574</millis>
  <sequence>150</sequence>
  <level>END</level>
  <class>com.kms.katalon.core.logging.XmlKeywordLogger</class>
  <method>endKeyword</method>
  <thread>1</thread>
  <message>End action : for ([column = 0, column &amp;lt; columns_count, (column++)])</message>
  <nestedLevel>2</nestedLevel>
</record>
<record>
  <date>2019-01-06T09:33:50</date>
  <millis>1546760030574</millis>
  <sequence>151</sequence>
  <level>START</level>
  <class>com.kms.katalon.core.logging.XmlKeywordLogger</class>
  <method>startKeyword</method>
  <thread>1</thread>
  <message>Start action : Columns_row = get(row).findElements(By.tagName(\&amp;quot;td\&amp;quot;))</message>
  <nestedLevel>2</nestedLevel>
  <property name="startLine">64</property>
  <property name="stepIndex">1</property>
  <property name="description">To locate columns(cells) of that specific row</property>
</record>
<record>
  <date>2019-01-06T09:33:50</date>
  <millis>1546760030639</millis>
  <sequence>152</sequence>
  <level>END</level>
  <class>com.kms.katalon.core.logging.XmlKeywordLogger</class>
  <method>endKeyword</method>
  <thread>1</thread>
  <message>End action : Columns_row = get(row).findElements(By.tagName(\&amp;quot;td\&amp;quot;))</message>
  <nestedLevel>2</nestedLevel>
</record>
<record>
  <date>2019-01-06T09:33:50</date>
  <millis>1546760030640</millis>
  <sequence>153</sequence>
  <level>START</level>
  <class>com.kms.katalon.core.logging.XmlKeywordLogger</class>
  <method>startKeyword</method>
  <thread>1</thread>
  <message>Start action : columns_count = Columns_row.size()</message>
  <nestedLevel>2</nestedLevel>
  <property name="startLine">67</property>
  <property name="stepIndex">2</property>
  <property name="description">To calculate no of columns(cells) In that specific row</property>
</record>
<record>
  <date>2019-01-06T09:33:50</date>
  <millis>1546760030641</millis>
  <sequence>154</sequence>
  <level>END</level>
  <class>com.kms.katalon.core.logging.XmlKeywordLogger</class>
  <method>endKeyword</method>
  <thread>1</thread>
  <message>End action : columns_count = Columns_row.size()</message>
  <nestedLevel>2</nestedLevel>
</record>
<record>
  <date>2019-01-06T09:33:50</date>
  <millis>1546760030642</millis>
  <sequence>155</sequence>
  <level>START</level>
  <class>com.kms.katalon.core.logging.XmlKeywordLogger</class>
  <method>startKeyword</method>
  <thread>1</thread>
  <message>Start action : for ([column = 0, column &amp;lt; columns_count, (column++)])</message>
  <nestedLevel>2</nestedLevel>
  <property name="startLine">72</property>
  <property name="stepIndex">3</property>
  <property name="description">Loop will execute till the last cell of that specific row</property>
</record>
<record>
  <date>2019-01-06T09:33:50</date>
  <millis>1546760030645</millis>
  <sequence>156</sequence>
  <level>START</level>
  <class>com.kms.katalon.core.logging.XmlKeywordLogger</class>
  <method>startKeyword</method>
  <thread>1</thread>
  <message>Start action : celltext = get(column).getText()</message>
  <nestedLevel>3</nestedLevel>
  <property name="startLine">74</property>
  <property name="stepIndex">1</property>
  <property name="description">It will retrieve text from each cell</property>
</record>
<record>
  <date>2019-01-06T09:33:50</date>
  <millis>1546760030686</millis>
  <sequence>157</sequence>
  <level>END</level>
  <class>com.kms.katalon.core.logging.XmlKeywordLogger</class>
  <method>endKeyword</method>
  <thread>1</thread>
  <message>End action : celltext = get(column).getText()</message>
  <nestedLevel>3</nestedLevel>
</record>
<record>
  <date>2019-01-06T09:33:50</date>
  <millis>1546760030686</millis>
  <sequence>158</sequence>
  <level>START</level>
  <class>com.kms.katalon.core.logging.XmlKeywordLogger</class>
  <method>startKeyword</method>
  <thread>1</thread>
  <message>Start action : if (celltext == ExpectedValue)</message>
  <nestedLevel>3</nestedLevel>
  <property name="startLine">78</property>
  <property name="stepIndex">2</property>
  <property name="description">Checking if Cell text is matching with the expected value</property>
</record>
<record>
  <date>2019-01-06T09:33:50</date>
  <millis>1546760030687</millis>
  <sequence>159</sequence>
  <level>END</level>
  <class>com.kms.katalon.core.logging.XmlKeywordLogger</class>
  <method>endKeyword</method>
  <thread>1</thread>
  <message>End action : if (celltext == ExpectedValue)</message>
  <nestedLevel>3</nestedLevel>
</record>
<record>
  <date>2019-01-06T09:33:50</date>
  <millis>1546760030687</millis>
  <sequence>160</sequence>
  <level>START</level>
  <class>com.kms.katalon.core.logging.XmlKeywordLogger</class>
  <method>startKeyword</method>
  <thread>1</thread>
  <message>Start action : celltext = get(column).getText()</message>
  <nestedLevel>3</nestedLevel>
  <property name="startLine">74</property>
  <property name="stepIndex">1</property>
  <property name="description">It will retrieve text from each cell</property>
</record>
<record>
  <date>2019-01-06T09:33:50</date>
  <millis>1546760030726</millis>
  <sequence>161</sequence>
  <level>END</level>
  <class>com.kms.katalon.core.logging.XmlKeywordLogger</class>
  <method>endKeyword</method>
  <thread>1</thread>
  <message>End action : celltext = get(column).getText()</message>
  <nestedLevel>3</nestedLevel>
</record>
<record>
  <date>2019-01-06T09:33:50</date>
  <millis>1546760030726</millis>
  <sequence>162</sequence>
  <level>START</level>
  <class>com.kms.katalon.core.logging.XmlKeywordLogger</class>
  <method>startKeyword</method>
  <thread>1</thread>
  <message>Start action : if (celltext == ExpectedValue)</message>
  <nestedLevel>3</nestedLevel>
  <property name="startLine">78</property>
  <property name="stepIndex">2</property>
  <property name="description">Checking if Cell text is matching with the expected value</property>
</record>
<record>
  <date>2019-01-06T09:33:50</date>
  <millis>1546760030727</millis>
  <sequence>163</sequence>
  <level>END</level>
  <class>com.kms.katalon.core.logging.XmlKeywordLogger</class>
  <method>endKeyword</method>
  <thread>1</thread>
  <message>End action : if (celltext == ExpectedValue)</message>
  <nestedLevel>3</nestedLevel>
</record>
<record>
  <date>2019-01-06T09:33:50</date>
  <millis>1546760030727</millis>
  <sequence>164</sequence>
  <level>START</level>
  <class>com.kms.katalon.core.logging.XmlKeywordLogger</class>
  <method>startKeyword</method>
  <thread>1</thread>
  <message>Start action : celltext = get(column).getText()</message>
  <nestedLevel>3</nestedLevel>
  <property name="startLine">74</property>
  <property name="stepIndex">1</property>
  <property name="description">It will retrieve text from each cell</property>
</record>
<record>
  <date>2019-01-06T09:33:50</date>
  <millis>1546760030772</millis>
  <sequence>165</sequence>
  <level>END</level>
  <class>com.kms.katalon.core.logging.XmlKeywordLogger</class>
  <method>endKeyword</method>
  <thread>1</thread>
  <message>End action : celltext = get(column).getText()</message>
  <nestedLevel>3</nestedLevel>
</record>
<record>
  <date>2019-01-06T09:33:50</date>
  <millis>1546760030772</millis>
  <sequence>166</sequence>
  <level>START</level>
  <class>com.kms.katalon.core.logging.XmlKeywordLogger</class>
  <method>startKeyword</method>
  <thread>1</thread>
  <message>Start action : if (celltext == ExpectedValue)</message>
  <nestedLevel>3</nestedLevel>
  <property name="startLine">78</property>
  <property name="stepIndex">2</property>
  <property name="description">Checking if Cell text is matching with the expected value</property>
</record>
<record>
  <date>2019-01-06T09:33:50</date>
  <millis>1546760030773</millis>
  <sequence>167</sequence>
  <level>END</level>
  <class>com.kms.katalon.core.logging.XmlKeywordLogger</class>
  <method>endKeyword</method>
  <thread>1</thread>
  <message>End action : if (celltext == ExpectedValue)</message>
  <nestedLevel>3</nestedLevel>
</record>
<record>
  <date>2019-01-06T09:33:50</date>
  <millis>1546760030774</millis>
  <sequence>168</sequence>
  <level>END</level>
  <class>com.kms.katalon.core.logging.XmlKeywordLogger</class>
  <method>endKeyword</method>
  <thread>1</thread>
  <message>End action : for ([column = 0, column &amp;lt; columns_count, (column++)])</message>
  <nestedLevel>2</nestedLevel>
</record>
<record>
  <date>2019-01-06T09:33:50</date>
  <millis>1546760030774</millis>
  <sequence>169</sequence>
  <level>START</level>
  <class>com.kms.katalon.core.logging.XmlKeywordLogger</class>
  <method>startKeyword</method>
  <thread>1</thread>
  <message>Start action : Columns_row = get(row).findElements(By.tagName(\&amp;quot;td\&amp;quot;))</message>
  <nestedLevel>2</nestedLevel>
  <property name="startLine">64</property>
  <property name="stepIndex">1</property>
  <property name="description">To locate columns(cells) of that specific row</property>
</record>
<record>
  <date>2019-01-06T09:33:50</date>
  <millis>1546760030832</millis>
  <sequence>170</sequence>
  <level>END</level>
  <class>com.kms.katalon.core.logging.XmlKeywordLogger</class>
  <method>endKeyword</method>
  <thread>1</thread>
  <message>End action : Columns_row = get(row).findElements(By.tagName(\&amp;quot;td\&amp;quot;))</message>
  <nestedLevel>2</nestedLevel>
</record>
<record>
  <date>2019-01-06T09:33:50</date>
  <millis>1546760030833</millis>
  <sequence>171</sequence>
  <level>START</level>
  <class>com.kms.katalon.core.logging.XmlKeywordLogger</class>
  <method>startKeyword</method>
  <thread>1</thread>
  <message>Start action : columns_count = Columns_row.size()</message>
  <nestedLevel>2</nestedLevel>
  <property name="startLine">67</property>
  <property name="stepIndex">2</property>
  <property name="description">To calculate no of columns(cells) In that specific row</property>
</record>
<record>
  <date>2019-01-06T09:33:50</date>
  <millis>1546760030844</millis>
  <sequence>172</sequence>
  <level>END</level>
  <class>com.kms.katalon.core.logging.XmlKeywordLogger</class>
  <method>endKeyword</method>
  <thread>1</thread>
  <message>End action : columns_count = Columns_row.size()</message>
  <nestedLevel>2</nestedLevel>
</record>
<record>
  <date>2019-01-06T09:33:50</date>
  <millis>1546760030844</millis>
  <sequence>173</sequence>
  <level>START</level>
  <class>com.kms.katalon.core.logging.XmlKeywordLogger</class>
  <method>startKeyword</method>
  <thread>1</thread>
  <message>Start action : for ([column = 0, column &amp;lt; columns_count, (column++)])</message>
  <nestedLevel>2</nestedLevel>
  <property name="startLine">72</property>
  <property name="stepIndex">3</property>
  <property name="description">Loop will execute till the last cell of that specific row</property>
</record>
<record>
  <date>2019-01-06T09:33:50</date>
  <millis>1546760030845</millis>
  <sequence>174</sequence>
  <level>START</level>
  <class>com.kms.katalon.core.logging.XmlKeywordLogger</class>
  <method>startKeyword</method>
  <thread>1</thread>
  <message>Start action : celltext = get(column).getText()</message>
  <nestedLevel>3</nestedLevel>
  <property name="startLine">74</property>
  <property name="stepIndex">1</property>
  <property name="description">It will retrieve text from each cell</property>
</record>
<record>
  <date>2019-01-06T09:33:50</date>
  <millis>1546760030935</millis>
  <sequence>175</sequence>
  <level>END</level>
  <class>com.kms.katalon.core.logging.XmlKeywordLogger</class>
  <method>endKeyword</method>
  <thread>1</thread>
  <message>End action : celltext = get(column).getText()</message>
  <nestedLevel>3</nestedLevel>
</record>
<record>
  <date>2019-01-06T09:33:50</date>
  <millis>1546760030936</millis>
  <sequence>176</sequence>
  <level>START</level>
  <class>com.kms.katalon.core.logging.XmlKeywordLogger</class>
  <method>startKeyword</method>
  <thread>1</thread>
  <message>Start action : if (celltext == ExpectedValue)</message>
  <nestedLevel>3</nestedLevel>
  <property name="startLine">78</property>
  <property name="stepIndex">2</property>
  <property name="description">Checking if Cell text is matching with the expected value</property>
</record>
<record>
  <date>2019-01-06T09:33:50</date>
  <millis>1546760030937</millis>
  <sequence>177</sequence>
  <level>END</level>
  <class>com.kms.katalon.core.logging.XmlKeywordLogger</class>
  <method>endKeyword</method>
  <thread>1</thread>
  <message>End action : if (celltext == ExpectedValue)</message>
  <nestedLevel>3</nestedLevel>
</record>
<record>
  <date>2019-01-06T09:33:50</date>
  <millis>1546760030937</millis>
  <sequence>178</sequence>
  <level>START</level>
  <class>com.kms.katalon.core.logging.XmlKeywordLogger</class>
  <method>startKeyword</method>
  <thread>1</thread>
  <message>Start action : celltext = get(column).getText()</message>
  <nestedLevel>3</nestedLevel>
  <property name="startLine">74</property>
  <property name="stepIndex">1</property>
  <property name="description">It will retrieve text from each cell</property>
</record>
<record>
  <date>2019-01-06T09:33:50</date>
  <millis>1546760030984</millis>
  <sequence>179</sequence>
  <level>END</level>
  <class>com.kms.katalon.core.logging.XmlKeywordLogger</class>
  <method>endKeyword</method>
  <thread>1</thread>
  <message>End action : celltext = get(column).getText()</message>
  <nestedLevel>3</nestedLevel>
</record>
<record>
  <date>2019-01-06T09:33:50</date>
  <millis>1546760030984</millis>
  <sequence>180</sequence>
  <level>START</level>
  <class>com.kms.katalon.core.logging.XmlKeywordLogger</class>
  <method>startKeyword</method>
  <thread>1</thread>
  <message>Start action : if (celltext == ExpectedValue)</message>
  <nestedLevel>3</nestedLevel>
  <property name="startLine">78</property>
  <property name="stepIndex">2</property>
  <property name="description">Checking if Cell text is matching with the expected value</property>
</record>
<record>
  <date>2019-01-06T09:33:50</date>
  <millis>1546760030985</millis>
  <sequence>181</sequence>
  <level>END</level>
  <class>com.kms.katalon.core.logging.XmlKeywordLogger</class>
  <method>endKeyword</method>
  <thread>1</thread>
  <message>End action : if (celltext == ExpectedValue)</message>
  <nestedLevel>3</nestedLevel>
</record>
<record>
  <date>2019-01-06T09:33:50</date>
  <millis>1546760030985</millis>
  <sequence>182</sequence>
  <level>START</level>
  <class>com.kms.katalon.core.logging.XmlKeywordLogger</class>
  <method>startKeyword</method>
  <thread>1</thread>
  <message>Start action : celltext = get(column).getText()</message>
  <nestedLevel>3</nestedLevel>
  <property name="startLine">74</property>
  <property name="stepIndex">1</property>
  <property name="description">It will retrieve text from each cell</property>
</record>
<record>
  <date>2019-01-06T09:33:51</date>
  <millis>1546760031040</millis>
  <sequence>183</sequence>
  <level>END</level>
  <class>com.kms.katalon.core.logging.XmlKeywordLogger</class>
  <method>endKeyword</method>
  <thread>1</thread>
  <message>End action : celltext = get(column).getText()</message>
  <nestedLevel>3</nestedLevel>
</record>
<record>
  <date>2019-01-06T09:33:51</date>
  <millis>1546760031040</millis>
  <sequence>184</sequence>
  <level>START</level>
  <class>com.kms.katalon.core.logging.XmlKeywordLogger</class>
  <method>startKeyword</method>
  <thread>1</thread>
  <message>Start action : if (celltext == ExpectedValue)</message>
  <nestedLevel>3</nestedLevel>
  <property name="startLine">78</property>
  <property name="stepIndex">2</property>
  <property name="description">Checking if Cell text is matching with the expected value</property>
</record>
<record>
  <date>2019-01-06T09:33:51</date>
  <millis>1546760031041</millis>
  <sequence>185</sequence>
  <level>END</level>
  <class>com.kms.katalon.core.logging.XmlKeywordLogger</class>
  <method>endKeyword</method>
  <thread>1</thread>
  <message>End action : if (celltext == ExpectedValue)</message>
  <nestedLevel>3</nestedLevel>
</record>
<record>
  <date>2019-01-06T09:33:51</date>
  <millis>1546760031042</millis>
  <sequence>186</sequence>
  <level>END</level>
  <class>com.kms.katalon.core.logging.XmlKeywordLogger</class>
  <method>endKeyword</method>
  <thread>1</thread>
  <message>End action : for ([column = 0, column &amp;lt; columns_count, (column++)])</message>
  <nestedLevel>2</nestedLevel>
</record>
<record>
  <date>2019-01-06T09:33:51</date>
  <millis>1546760031042</millis>
  <sequence>187</sequence>
  <level>START</level>
  <class>com.kms.katalon.core.logging.XmlKeywordLogger</class>
  <method>startKeyword</method>
  <thread>1</thread>
  <message>Start action : Columns_row = get(row).findElements(By.tagName(\&amp;quot;td\&amp;quot;))</message>
  <nestedLevel>2</nestedLevel>
  <property name="startLine">64</property>
  <property name="stepIndex">1</property>
  <property name="description">To locate columns(cells) of that specific row</property>
</record>
<record>
  <date>2019-01-06T09:33:51</date>
  <millis>1546760031078</millis>
  <sequence>188</sequence>
  <level>END</level>
  <class>com.kms.katalon.core.logging.XmlKeywordLogger</class>
  <method>endKeyword</method>
  <thread>1</thread>
  <message>End action : Columns_row = get(row).findElements(By.tagName(\&amp;quot;td\&amp;quot;))</message>
  <nestedLevel>2</nestedLevel>
</record>
<record>
  <date>2019-01-06T09:33:51</date>
  <millis>1546760031112</millis>
  <sequence>189</sequence>
  <level>START</level>
  <class>com.kms.katalon.core.logging.XmlKeywordLogger</class>
  <method>startKeyword</method>
  <thread>1</thread>
  <message>Start action : columns_count = Columns_row.size()</message>
  <nestedLevel>2</nestedLevel>
  <property name="startLine">67</property>
  <property name="stepIndex">2</property>
  <property name="description">To calculate no of columns(cells) In that specific row</property>
</record>
<record>
  <date>2019-01-06T09:33:51</date>
  <millis>1546760031113</millis>
  <sequence>190</sequence>
  <level>END</level>
  <class>com.kms.katalon.core.logging.XmlKeywordLogger</class>
  <method>endKeyword</method>
  <thread>1</thread>
  <message>End action : columns_count = Columns_row.size()</message>
  <nestedLevel>2</nestedLevel>
</record>
<record>
  <date>2019-01-06T09:33:51</date>
  <millis>1546760031113</millis>
  <sequence>191</sequence>
  <level>START</level>
  <class>com.kms.katalon.core.logging.XmlKeywordLogger</class>
  <method>startKeyword</method>
  <thread>1</thread>
  <message>Start action : for ([column = 0, column &amp;lt; columns_count, (column++)])</message>
  <nestedLevel>2</nestedLevel>
  <property name="startLine">72</property>
  <property name="stepIndex">3</property>
  <property name="description">Loop will execute till the last cell of that specific row</property>
</record>
<record>
  <date>2019-01-06T09:33:51</date>
  <millis>1546760031114</millis>
  <sequence>192</sequence>
  <level>START</level>
  <class>com.kms.katalon.core.logging.XmlKeywordLogger</class>
  <method>startKeyword</method>
  <thread>1</thread>
  <message>Start action : celltext = get(column).getText()</message>
  <nestedLevel>3</nestedLevel>
  <property name="startLine">74</property>
  <property name="stepIndex">1</property>
  <property name="description">It will retrieve text from each cell</property>
</record>
<record>
  <date>2019-01-06T09:33:51</date>
  <millis>1546760031144</millis>
  <sequence>193</sequence>
  <level>END</level>
  <class>com.kms.katalon.core.logging.XmlKeywordLogger</class>
  <method>endKeyword</method>
  <thread>1</thread>
  <message>End action : celltext = get(column).getText()</message>
  <nestedLevel>3</nestedLevel>
</record>
<record>
  <date>2019-01-06T09:33:51</date>
  <millis>1546760031144</millis>
  <sequence>194</sequence>
  <level>START</level>
  <class>com.kms.katalon.core.logging.XmlKeywordLogger</class>
  <method>startKeyword</method>
  <thread>1</thread>
  <message>Start action : if (celltext == ExpectedValue)</message>
  <nestedLevel>3</nestedLevel>
  <property name="startLine">78</property>
  <property name="stepIndex">2</property>
  <property name="description">Checking if Cell text is matching with the expected value</property>
</record>
<record>
  <date>2019-01-06T09:33:51</date>
  <millis>1546760031145</millis>
  <sequence>195</sequence>
  <level>END</level>
  <class>com.kms.katalon.core.logging.XmlKeywordLogger</class>
  <method>endKeyword</method>
  <thread>1</thread>
  <message>End action : if (celltext == ExpectedValue)</message>
  <nestedLevel>3</nestedLevel>
</record>
<record>
  <date>2019-01-06T09:33:51</date>
  <millis>1546760031145</millis>
  <sequence>196</sequence>
  <level>START</level>
  <class>com.kms.katalon.core.logging.XmlKeywordLogger</class>
  <method>startKeyword</method>
  <thread>1</thread>
  <message>Start action : celltext = get(column).getText()</message>
  <nestedLevel>3</nestedLevel>
  <property name="startLine">74</property>
  <property name="stepIndex">1</property>
  <property name="description">It will retrieve text from each cell</property>
</record>
<record>
  <date>2019-01-06T09:33:51</date>
  <millis>1546760031176</millis>
  <sequence>197</sequence>
  <level>END</level>
  <class>com.kms.katalon.core.logging.XmlKeywordLogger</class>
  <method>endKeyword</method>
  <thread>1</thread>
  <message>End action : celltext = get(column).getText()</message>
  <nestedLevel>3</nestedLevel>
</record>
<record>
  <date>2019-01-06T09:33:51</date>
  <millis>1546760031176</millis>
  <sequence>198</sequence>
  <level>START</level>
  <class>com.kms.katalon.core.logging.XmlKeywordLogger</class>
  <method>startKeyword</method>
  <thread>1</thread>
  <message>Start action : if (celltext == ExpectedValue)</message>
  <nestedLevel>3</nestedLevel>
  <property name="startLine">78</property>
  <property name="stepIndex">2</property>
  <property name="description">Checking if Cell text is matching with the expected value</property>
</record>
<record>
  <date>2019-01-06T09:33:51</date>
  <millis>1546760031177</millis>
  <sequence>199</sequence>
  <level>END</level>
  <class>com.kms.katalon.core.logging.XmlKeywordLogger</class>
  <method>endKeyword</method>
  <thread>1</thread>
  <message>End action : if (celltext == ExpectedValue)</message>
  <nestedLevel>3</nestedLevel>
</record>
<record>
  <date>2019-01-06T09:33:51</date>
  <millis>1546760031178</millis>
  <sequence>200</sequence>
  <level>START</level>
  <class>com.kms.katalon.core.logging.XmlKeywordLogger</class>
  <method>startKeyword</method>
  <thread>1</thread>
  <message>Start action : celltext = get(column).getText()</message>
  <nestedLevel>3</nestedLevel>
  <property name="startLine">74</property>
  <property name="stepIndex">1</property>
  <property name="description">It will retrieve text from each cell</property>
</record>
<record>
  <date>2019-01-06T09:33:51</date>
  <millis>1546760031211</millis>
  <sequence>201</sequence>
  <level>END</level>
  <class>com.kms.katalon.core.logging.XmlKeywordLogger</class>
  <method>endKeyword</method>
  <thread>1</thread>
  <message>End action : celltext = get(column).getText()</message>
  <nestedLevel>3</nestedLevel>
</record>
<record>
  <date>2019-01-06T09:33:51</date>
  <millis>1546760031212</millis>
  <sequence>202</sequence>
  <level>START</level>
  <class>com.kms.katalon.core.logging.XmlKeywordLogger</class>
  <method>startKeyword</method>
  <thread>1</thread>
  <message>Start action : if (celltext == ExpectedValue)</message>
  <nestedLevel>3</nestedLevel>
  <property name="startLine">78</property>
  <property name="stepIndex">2</property>
  <property name="description">Checking if Cell text is matching with the expected value</property>
</record>
<record>
  <date>2019-01-06T09:33:51</date>
  <millis>1546760031212</millis>
  <sequence>203</sequence>
  <level>END</level>
  <class>com.kms.katalon.core.logging.XmlKeywordLogger</class>
  <method>endKeyword</method>
  <thread>1</thread>
  <message>End action : if (celltext == ExpectedValue)</message>
  <nestedLevel>3</nestedLevel>
</record>
<record>
  <date>2019-01-06T09:33:51</date>
  <millis>1546760031213</millis>
  <sequence>204</sequence>
  <level>END</level>
  <class>com.kms.katalon.core.logging.XmlKeywordLogger</class>
  <method>endKeyword</method>
  <thread>1</thread>
  <message>End action : for ([column = 0, column &amp;lt; columns_count, (column++)])</message>
  <nestedLevel>2</nestedLevel>
</record>
<record>
  <date>2019-01-06T09:33:51</date>
  <millis>1546760031213</millis>
  <sequence>205</sequence>
  <level>START</level>
  <class>com.kms.katalon.core.logging.XmlKeywordLogger</class>
  <method>startKeyword</method>
  <thread>1</thread>
  <message>Start action : Columns_row = get(row).findElements(By.tagName(\&amp;quot;td\&amp;quot;))</message>
  <nestedLevel>2</nestedLevel>
  <property name="startLine">64</property>
  <property name="stepIndex">1</property>
  <property name="description">To locate columns(cells) of that specific row</property>
</record>
<record>
  <date>2019-01-06T09:33:51</date>
  <millis>1546760031233</millis>
  <sequence>206</sequence>
  <level>END</level>
  <class>com.kms.katalon.core.logging.XmlKeywordLogger</class>
  <method>endKeyword</method>
  <thread>1</thread>
  <message>End action : Columns_row = get(row).findElements(By.tagName(\&amp;quot;td\&amp;quot;))</message>
  <nestedLevel>2</nestedLevel>
</record>
<record>
  <date>2019-01-06T09:33:51</date>
  <millis>1546760031233</millis>
  <sequence>207</sequence>
  <level>START</level>
  <class>com.kms.katalon.core.logging.XmlKeywordLogger</class>
  <method>startKeyword</method>
  <thread>1</thread>
  <message>Start action : columns_count = Columns_row.size()</message>
  <nestedLevel>2</nestedLevel>
  <property name="startLine">67</property>
  <property name="stepIndex">2</property>
  <property name="description">To calculate no of columns(cells) In that specific row</property>
</record>
<record>
  <date>2019-01-06T09:33:51</date>
  <millis>1546760031234</millis>
  <sequence>208</sequence>
  <level>END</level>
  <class>com.kms.katalon.core.logging.XmlKeywordLogger</class>
  <method>endKeyword</method>
  <thread>1</thread>
  <message>End action : columns_count = Columns_row.size()</message>
  <nestedLevel>2</nestedLevel>
</record>
<record>
  <date>2019-01-06T09:33:51</date>
  <millis>1546760031234</millis>
  <sequence>209</sequence>
  <level>START</level>
  <class>com.kms.katalon.core.logging.XmlKeywordLogger</class>
  <method>startKeyword</method>
  <thread>1</thread>
  <message>Start action : for ([column = 0, column &amp;lt; columns_count, (column++)])</message>
  <nestedLevel>2</nestedLevel>
  <property name="startLine">72</property>
  <property name="stepIndex">3</property>
  <property name="description">Loop will execute till the last cell of that specific row</property>
</record>
<record>
  <date>2019-01-06T09:33:51</date>
  <millis>1546760031235</millis>
  <sequence>210</sequence>
  <level>START</level>
  <class>com.kms.katalon.core.logging.XmlKeywordLogger</class>
  <method>startKeyword</method>
  <thread>1</thread>
  <message>Start action : celltext = get(column).getText()</message>
  <nestedLevel>3</nestedLevel>
  <property name="startLine">74</property>
  <property name="stepIndex">1</property>
  <property name="description">It will retrieve text from each cell</property>
</record>
<record>
  <date>2019-01-06T09:33:51</date>
  <millis>1546760031261</millis>
  <sequence>211</sequence>
  <level>END</level>
  <class>com.kms.katalon.core.logging.XmlKeywordLogger</class>
  <method>endKeyword</method>
  <thread>1</thread>
  <message>End action : celltext = get(column).getText()</message>
  <nestedLevel>3</nestedLevel>
</record>
<record>
  <date>2019-01-06T09:33:51</date>
  <millis>1546760031261</millis>
  <sequence>212</sequence>
  <level>START</level>
  <class>com.kms.katalon.core.logging.XmlKeywordLogger</class>
  <method>startKeyword</method>
  <thread>1</thread>
  <message>Start action : if (celltext == ExpectedValue)</message>
  <nestedLevel>3</nestedLevel>
  <property name="startLine">78</property>
  <property name="stepIndex">2</property>
  <property name="description">Checking if Cell text is matching with the expected value</property>
</record>
<record>
  <date>2019-01-06T09:33:51</date>
  <millis>1546760031262</millis>
  <sequence>213</sequence>
  <level>END</level>
  <class>com.kms.katalon.core.logging.XmlKeywordLogger</class>
  <method>endKeyword</method>
  <thread>1</thread>
  <message>End action : if (celltext == ExpectedValue)</message>
  <nestedLevel>3</nestedLevel>
</record>
<record>
  <date>2019-01-06T09:33:51</date>
  <millis>1546760031263</millis>
  <sequence>214</sequence>
  <level>START</level>
  <class>com.kms.katalon.core.logging.XmlKeywordLogger</class>
  <method>startKeyword</method>
  <thread>1</thread>
  <message>Start action : celltext = get(column).getText()</message>
  <nestedLevel>3</nestedLevel>
  <property name="startLine">74</property>
  <property name="stepIndex">1</property>
  <property name="description">It will retrieve text from each cell</property>
</record>
<record>
  <date>2019-01-06T09:33:51</date>
  <millis>1546760031322</millis>
  <sequence>215</sequence>
  <level>END</level>
  <class>com.kms.katalon.core.logging.XmlKeywordLogger</class>
  <method>endKeyword</method>
  <thread>1</thread>
  <message>End action : celltext = get(column).getText()</message>
  <nestedLevel>3</nestedLevel>
</record>
<record>
  <date>2019-01-06T09:33:51</date>
  <millis>1546760031322</millis>
  <sequence>216</sequence>
  <level>START</level>
  <class>com.kms.katalon.core.logging.XmlKeywordLogger</class>
  <method>startKeyword</method>
  <thread>1</thread>
  <message>Start action : if (celltext == ExpectedValue)</message>
  <nestedLevel>3</nestedLevel>
  <property name="startLine">78</property>
  <property name="stepIndex">2</property>
  <property name="description">Checking if Cell text is matching with the expected value</property>
</record>
<record>
  <date>2019-01-06T09:33:51</date>
  <millis>1546760031323</millis>
  <sequence>217</sequence>
  <level>END</level>
  <class>com.kms.katalon.core.logging.XmlKeywordLogger</class>
  <method>endKeyword</method>
  <thread>1</thread>
  <message>End action : if (celltext == ExpectedValue)</message>
  <nestedLevel>3</nestedLevel>
</record>
<record>
  <date>2019-01-06T09:33:51</date>
  <millis>1546760031324</millis>
  <sequence>218</sequence>
  <level>START</level>
  <class>com.kms.katalon.core.logging.XmlKeywordLogger</class>
  <method>startKeyword</method>
  <thread>1</thread>
  <message>Start action : celltext = get(column).getText()</message>
  <nestedLevel>3</nestedLevel>
  <property name="startLine">74</property>
  <property name="stepIndex">1</property>
  <property name="description">It will retrieve text from each cell</property>
</record>
<record>
  <date>2019-01-06T09:33:51</date>
  <millis>1546760031360</millis>
  <sequence>219</sequence>
  <level>END</level>
  <class>com.kms.katalon.core.logging.XmlKeywordLogger</class>
  <method>endKeyword</method>
  <thread>1</thread>
  <message>End action : celltext = get(column).getText()</message>
  <nestedLevel>3</nestedLevel>
</record>
<record>
  <date>2019-01-06T09:33:51</date>
  <millis>1546760031360</millis>
  <sequence>220</sequence>
  <level>START</level>
  <class>com.kms.katalon.core.logging.XmlKeywordLogger</class>
  <method>startKeyword</method>
  <thread>1</thread>
  <message>Start action : if (celltext == ExpectedValue)</message>
  <nestedLevel>3</nestedLevel>
  <property name="startLine">78</property>
  <property name="stepIndex">2</property>
  <property name="description">Checking if Cell text is matching with the expected value</property>
</record>
<record>
  <date>2019-01-06T09:33:51</date>
  <millis>1546760031361</millis>
  <sequence>221</sequence>
  <level>END</level>
  <class>com.kms.katalon.core.logging.XmlKeywordLogger</class>
  <method>endKeyword</method>
  <thread>1</thread>
  <message>End action : if (celltext == ExpectedValue)</message>
  <nestedLevel>3</nestedLevel>
</record>
<record>
  <date>2019-01-06T09:33:51</date>
  <millis>1546760031361</millis>
  <sequence>222</sequence>
  <level>END</level>
  <class>com.kms.katalon.core.logging.XmlKeywordLogger</class>
  <method>endKeyword</method>
  <thread>1</thread>
  <message>End action : for ([column = 0, column &amp;lt; columns_count, (column++)])</message>
  <nestedLevel>2</nestedLevel>
</record>
<record>
  <date>2019-01-06T09:33:51</date>
  <millis>1546760031361</millis>
  <sequence>223</sequence>
  <level>START</level>
  <class>com.kms.katalon.core.logging.XmlKeywordLogger</class>
  <method>startKeyword</method>
  <thread>1</thread>
  <message>Start action : Columns_row = get(row).findElements(By.tagName(\&amp;quot;td\&amp;quot;))</message>
  <nestedLevel>2</nestedLevel>
  <property name="startLine">64</property>
  <property name="stepIndex">1</property>
  <property name="description">To locate columns(cells) of that specific row</property>
</record>
<record>
  <date>2019-01-06T09:33:51</date>
  <millis>1546760031390</millis>
  <sequence>224</sequence>
  <level>END</level>
  <class>com.kms.katalon.core.logging.XmlKeywordLogger</class>
  <method>endKeyword</method>
  <thread>1</thread>
  <message>End action : Columns_row = get(row).findElements(By.tagName(\&amp;quot;td\&amp;quot;))</message>
  <nestedLevel>2</nestedLevel>
</record>
<record>
  <date>2019-01-06T09:33:51</date>
  <millis>1546760031390</millis>
  <sequence>225</sequence>
  <level>START</level>
  <class>com.kms.katalon.core.logging.XmlKeywordLogger</class>
  <method>startKeyword</method>
  <thread>1</thread>
  <message>Start action : columns_count = Columns_row.size()</message>
  <nestedLevel>2</nestedLevel>
  <property name="startLine">67</property>
  <property name="stepIndex">2</property>
  <property name="description">To calculate no of columns(cells) In that specific row</property>
</record>
<record>
  <date>2019-01-06T09:33:51</date>
  <millis>1546760031391</millis>
  <sequence>226</sequence>
  <level>END</level>
  <class>com.kms.katalon.core.logging.XmlKeywordLogger</class>
  <method>endKeyword</method>
  <thread>1</thread>
  <message>End action : columns_count = Columns_row.size()</message>
  <nestedLevel>2</nestedLevel>
</record>
<record>
  <date>2019-01-06T09:33:51</date>
  <millis>1546760031391</millis>
  <sequence>227</sequence>
  <level>START</level>
  <class>com.kms.katalon.core.logging.XmlKeywordLogger</class>
  <method>startKeyword</method>
  <thread>1</thread>
  <message>Start action : for ([column = 0, column &amp;lt; columns_count, (column++)])</message>
  <nestedLevel>2</nestedLevel>
  <property name="startLine">72</property>
  <property name="stepIndex">3</property>
  <property name="description">Loop will execute till the last cell of that specific row</property>
</record>
<record>
  <date>2019-01-06T09:33:51</date>
  <millis>1546760031392</millis>
  <sequence>228</sequence>
  <level>START</level>
  <class>com.kms.katalon.core.logging.XmlKeywordLogger</class>
  <method>startKeyword</method>
  <thread>1</thread>
  <message>Start action : celltext = get(column).getText()</message>
  <nestedLevel>3</nestedLevel>
  <property name="startLine">74</property>
  <property name="stepIndex">1</property>
  <property name="description">It will retrieve text from each cell</property>
</record>
<record>
  <date>2019-01-06T09:33:51</date>
  <millis>1546760031416</millis>
  <sequence>229</sequence>
  <level>END</level>
  <class>com.kms.katalon.core.logging.XmlKeywordLogger</class>
  <method>endKeyword</method>
  <thread>1</thread>
  <message>End action : celltext = get(column).getText()</message>
  <nestedLevel>3</nestedLevel>
</record>
<record>
  <date>2019-01-06T09:33:51</date>
  <millis>1546760031416</millis>
  <sequence>230</sequence>
  <level>START</level>
  <class>com.kms.katalon.core.logging.XmlKeywordLogger</class>
  <method>startKeyword</method>
  <thread>1</thread>
  <message>Start action : if (celltext == ExpectedValue)</message>
  <nestedLevel>3</nestedLevel>
  <property name="startLine">78</property>
  <property name="stepIndex">2</property>
  <property name="description">Checking if Cell text is matching with the expected value</property>
</record>
<record>
  <date>2019-01-06T09:33:51</date>
  <millis>1546760031417</millis>
  <sequence>231</sequence>
  <level>END</level>
  <class>com.kms.katalon.core.logging.XmlKeywordLogger</class>
  <method>endKeyword</method>
  <thread>1</thread>
  <message>End action : if (celltext == ExpectedValue)</message>
  <nestedLevel>3</nestedLevel>
</record>
<record>
  <date>2019-01-06T09:33:51</date>
  <millis>1546760031417</millis>
  <sequence>232</sequence>
  <level>START</level>
  <class>com.kms.katalon.core.logging.XmlKeywordLogger</class>
  <method>startKeyword</method>
  <thread>1</thread>
  <message>Start action : celltext = get(column).getText()</message>
  <nestedLevel>3</nestedLevel>
  <property name="startLine">74</property>
  <property name="stepIndex">1</property>
  <property name="description">It will retrieve text from each cell</property>
</record>
<record>
  <date>2019-01-06T09:33:51</date>
  <millis>1546760031448</millis>
  <sequence>233</sequence>
  <level>END</level>
  <class>com.kms.katalon.core.logging.XmlKeywordLogger</class>
  <method>endKeyword</method>
  <thread>1</thread>
  <message>End action : celltext = get(column).getText()</message>
  <nestedLevel>3</nestedLevel>
</record>
<record>
  <date>2019-01-06T09:33:51</date>
  <millis>1546760031448</millis>
  <sequence>234</sequence>
  <level>START</level>
  <class>com.kms.katalon.core.logging.XmlKeywordLogger</class>
  <method>startKeyword</method>
  <thread>1</thread>
  <message>Start action : if (celltext == ExpectedValue)</message>
  <nestedLevel>3</nestedLevel>
  <property name="startLine">78</property>
  <property name="stepIndex">2</property>
  <property name="description">Checking if Cell text is matching with the expected value</property>
</record>
<record>
  <date>2019-01-06T09:33:51</date>
  <millis>1546760031449</millis>
  <sequence>235</sequence>
  <level>END</level>
  <class>com.kms.katalon.core.logging.XmlKeywordLogger</class>
  <method>endKeyword</method>
  <thread>1</thread>
  <message>End action : if (celltext == ExpectedValue)</message>
  <nestedLevel>3</nestedLevel>
</record>
<record>
  <date>2019-01-06T09:33:51</date>
  <millis>1546760031449</millis>
  <sequence>236</sequence>
  <level>START</level>
  <class>com.kms.katalon.core.logging.XmlKeywordLogger</class>
  <method>startKeyword</method>
  <thread>1</thread>
  <message>Start action : celltext = get(column).getText()</message>
  <nestedLevel>3</nestedLevel>
  <property name="startLine">74</property>
  <property name="stepIndex">1</property>
  <property name="description">It will retrieve text from each cell</property>
</record>
<record>
  <date>2019-01-06T09:33:51</date>
  <millis>1546760031478</millis>
  <sequence>237</sequence>
  <level>END</level>
  <class>com.kms.katalon.core.logging.XmlKeywordLogger</class>
  <method>endKeyword</method>
  <thread>1</thread>
  <message>End action : celltext = get(column).getText()</message>
  <nestedLevel>3</nestedLevel>
</record>
<record>
  <date>2019-01-06T09:33:51</date>
  <millis>1546760031478</millis>
  <sequence>238</sequence>
  <level>START</level>
  <class>com.kms.katalon.core.logging.XmlKeywordLogger</class>
  <method>startKeyword</method>
  <thread>1</thread>
  <message>Start action : if (celltext == ExpectedValue)</message>
  <nestedLevel>3</nestedLevel>
  <property name="startLine">78</property>
  <property name="stepIndex">2</property>
  <property name="description">Checking if Cell text is matching with the expected value</property>
</record>
<record>
  <date>2019-01-06T09:33:51</date>
  <millis>1546760031479</millis>
  <sequence>239</sequence>
  <level>END</level>
  <class>com.kms.katalon.core.logging.XmlKeywordLogger</class>
  <method>endKeyword</method>
  <thread>1</thread>
  <message>End action : if (celltext == ExpectedValue)</message>
  <nestedLevel>3</nestedLevel>
</record>
<record>
  <date>2019-01-06T09:33:51</date>
  <millis>1546760031479</millis>
  <sequence>240</sequence>
  <level>END</level>
  <class>com.kms.katalon.core.logging.XmlKeywordLogger</class>
  <method>endKeyword</method>
  <thread>1</thread>
  <message>End action : for ([column = 0, column &amp;lt; columns_count, (column++)])</message>
  <nestedLevel>2</nestedLevel>
</record>
<record>
  <date>2019-01-06T09:33:51</date>
  <millis>1546760031479</millis>
  <sequence>241</sequence>
  <level>START</level>
  <class>com.kms.katalon.core.logging.XmlKeywordLogger</class>
  <method>startKeyword</method>
  <thread>1</thread>
  <message>Start action : Columns_row = get(row).findElements(By.tagName(\&amp;quot;td\&amp;quot;))</message>
  <nestedLevel>2</nestedLevel>
  <property name="startLine">64</property>
  <property name="stepIndex">1</property>
  <property name="description">To locate columns(cells) of that specific row</property>
</record>
<record>
  <date>2019-01-06T09:33:51</date>
  <millis>1546760031506</millis>
  <sequence>242</sequence>
  <level>END</level>
  <class>com.kms.katalon.core.logging.XmlKeywordLogger</class>
  <method>endKeyword</method>
  <thread>1</thread>
  <message>End action : Columns_row = get(row).findElements(By.tagName(\&amp;quot;td\&amp;quot;))</message>
  <nestedLevel>2</nestedLevel>
</record>
<record>
  <date>2019-01-06T09:33:51</date>
  <millis>1546760031506</millis>
  <sequence>243</sequence>
  <level>START</level>
  <class>com.kms.katalon.core.logging.XmlKeywordLogger</class>
  <method>startKeyword</method>
  <thread>1</thread>
  <message>Start action : columns_count = Columns_row.size()</message>
  <nestedLevel>2</nestedLevel>
  <property name="startLine">67</property>
  <property name="stepIndex">2</property>
  <property name="description">To calculate no of columns(cells) In that specific row</property>
</record>
<record>
  <date>2019-01-06T09:33:51</date>
  <millis>1546760031506</millis>
  <sequence>244</sequence>
  <level>END</level>
  <class>com.kms.katalon.core.logging.XmlKeywordLogger</class>
  <method>endKeyword</method>
  <thread>1</thread>
  <message>End action : columns_count = Columns_row.size()</message>
  <nestedLevel>2</nestedLevel>
</record>
<record>
  <date>2019-01-06T09:33:51</date>
  <millis>1546760031507</millis>
  <sequence>245</sequence>
  <level>START</level>
  <class>com.kms.katalon.core.logging.XmlKeywordLogger</class>
  <method>startKeyword</method>
  <thread>1</thread>
  <message>Start action : for ([column = 0, column &amp;lt; columns_count, (column++)])</message>
  <nestedLevel>2</nestedLevel>
  <property name="startLine">72</property>
  <property name="stepIndex">3</property>
  <property name="description">Loop will execute till the last cell of that specific row</property>
</record>
<record>
  <date>2019-01-06T09:33:51</date>
  <millis>1546760031507</millis>
  <sequence>246</sequence>
  <level>START</level>
  <class>com.kms.katalon.core.logging.XmlKeywordLogger</class>
  <method>startKeyword</method>
  <thread>1</thread>
  <message>Start action : celltext = get(column).getText()</message>
  <nestedLevel>3</nestedLevel>
  <property name="startLine">74</property>
  <property name="stepIndex">1</property>
  <property name="description">It will retrieve text from each cell</property>
</record>
<record>
  <date>2019-01-06T09:33:51</date>
  <millis>1546760031538</millis>
  <sequence>247</sequence>
  <level>END</level>
  <class>com.kms.katalon.core.logging.XmlKeywordLogger</class>
  <method>endKeyword</method>
  <thread>1</thread>
  <message>End action : celltext = get(column).getText()</message>
  <nestedLevel>3</nestedLevel>
</record>
<record>
  <date>2019-01-06T09:33:51</date>
  <millis>1546760031539</millis>
  <sequence>248</sequence>
  <level>START</level>
  <class>com.kms.katalon.core.logging.XmlKeywordLogger</class>
  <method>startKeyword</method>
  <thread>1</thread>
  <message>Start action : if (celltext == ExpectedValue)</message>
  <nestedLevel>3</nestedLevel>
  <property name="startLine">78</property>
  <property name="stepIndex">2</property>
  <property name="description">Checking if Cell text is matching with the expected value</property>
</record>
<record>
  <date>2019-01-06T09:33:51</date>
  <millis>1546760031540</millis>
  <sequence>249</sequence>
  <level>END</level>
  <class>com.kms.katalon.core.logging.XmlKeywordLogger</class>
  <method>endKeyword</method>
  <thread>1</thread>
  <message>End action : if (celltext == ExpectedValue)</message>
  <nestedLevel>3</nestedLevel>
</record>
<record>
  <date>2019-01-06T09:33:51</date>
  <millis>1546760031540</millis>
  <sequence>250</sequence>
  <level>START</level>
  <class>com.kms.katalon.core.logging.XmlKeywordLogger</class>
  <method>startKeyword</method>
  <thread>1</thread>
  <message>Start action : celltext = get(column).getText()</message>
  <nestedLevel>3</nestedLevel>
  <property name="startLine">74</property>
  <property name="stepIndex">1</property>
  <property name="description">It will retrieve text from each cell</property>
</record>
<record>
  <date>2019-01-06T09:33:51</date>
  <millis>1546760031571</millis>
  <sequence>251</sequence>
  <level>END</level>
  <class>com.kms.katalon.core.logging.XmlKeywordLogger</class>
  <method>endKeyword</method>
  <thread>1</thread>
  <message>End action : celltext = get(column).getText()</message>
  <nestedLevel>3</nestedLevel>
</record>
<record>
  <date>2019-01-06T09:33:51</date>
  <millis>1546760031572</millis>
  <sequence>252</sequence>
  <level>START</level>
  <class>com.kms.katalon.core.logging.XmlKeywordLogger</class>
  <method>startKeyword</method>
  <thread>1</thread>
  <message>Start action : if (celltext == ExpectedValue)</message>
  <nestedLevel>3</nestedLevel>
  <property name="startLine">78</property>
  <property name="stepIndex">2</property>
  <property name="description">Checking if Cell text is matching with the expected value</property>
</record>
<record>
  <date>2019-01-06T09:33:51</date>
  <millis>1546760031573</millis>
  <sequence>253</sequence>
  <level>START</level>
  <class>com.kms.katalon.core.logging.XmlKeywordLogger</class>
  <method>startKeyword</method>
  <thread>1</thread>
  <message>Start action : println(\&amp;quot;Text present in : \&amp;quot; + get(row).getText())</message>
  <nestedLevel>4</nestedLevel>
  <property name="startLine">80</property>
  <property name="stepIndex">1</property>
  <property name="description">Getting the Country Name if cell text i.e Company name matches with Expected value</property>
</record>
<record>
  <date>2019-01-06T09:33:51</date>
  <millis>1546760031584</millis>
  <sequence>255</sequence>
  <logger>com.kms.katalon.core.logging.XmlKeywordLogger</logger>
  <level>ERROR</level>
  <class>com.kms.katalon.core.logging.XmlKeywordLogger</class>
  <method>logMessage</method>
  <thread>1</thread>
  <message>for ([row = 0, row &amp;lt; rows_count, (row++)]) FAILED.\nReason:\njava.lang.IndexOutOfBoundsException: Index: 7, Size: 3\r\n\tat java_util_List$get$1.call(Unknown Source)\r\n\tat JobTitles_Screen.run(JobTitles_Screen:80)\r\n\tat com.kms.katalon.core.main.ScriptEngine.run(ScriptEngine.java:194)\r\n\tat com.kms.katalon.core.main.ScriptEngine.runScriptAsRawText(ScriptEngine.java:119)\r\n\tat com.kms.katalon.core.main.TestCaseExecutor.runScript(TestCaseExecutor.java:328)\r\n\tat com.kms.katalon.core.main.TestCaseExecutor.doExecute(TestCaseExecutor.java:319)\r\n\tat com.kms.katalon.core.main.TestCaseExecutor.processExecutionPhase(TestCaseExecutor.java:298)\r\n\tat com.kms.katalon.core.main.TestCaseExecutor.accessMainPhase(TestCaseExecutor.java:290)\r\n\tat com.kms.katalon.core.main.TestCaseExecutor.execute(TestCaseExecutor.java:224)\r\n\tat com.kms.katalon.core.main.TestSuiteExecutor.accessTestCaseMainPhase(TestSuiteExecutor.java:129)\r\n\tat com.kms.katalon.core.main.TestSuiteExecutor.accessTestSuiteMainPhase(TestSuiteExecutor.java:112)\r\n\tat com.kms.katalon.core.main.TestSuiteExecutor.execute(TestSuiteExecutor.java:81)\r\n\tat com.kms.katalon.core.main.TestCaseMain.startTestSuite(TestCaseMain.java:149)\r\n\tat com.kms.katalon.core.main.TestCaseMain$startTestSuite$0.call(Unknown Source)\r\n\tat TempTestSuite1546760004969.run(TempTestSuite1546760004969.groovy:36)\r\n</message>
  <exception>
    <message>java.lang.IndexOutOfBoundsException: Index: 7, Size: 3</message>
    <frame>
      <class>java_util_List$get$1</class>
      <method>call</method>
    </frame>
    <frame>
      <class>JobTitles_Screen</class>
      <method>run</method>
      <line>80</line>
    </frame>
    <frame>
      <class>com.kms.katalon.core.main.ScriptEngine</class>
      <method>run</method>
      <line>194</line>
    </frame>
    <frame>
      <class>com.kms.katalon.core.main.ScriptEngine</class>
      <method>runScriptAsRawText</method>
      <line>119</line>
    </frame>
    <frame>
      <class>com.kms.katalon.core.main.TestCaseExecutor</class>
      <method>runScript</method>
      <line>328</line>
    </frame>
    <frame>
      <class>com.kms.katalon.core.main.TestCaseExecutor</class>
      <method>doExecute</method>
      <line>319</line>
    </frame>
    <frame>
      <class>com.kms.katalon.core.main.TestCaseExecutor</class>
      <method>processExecutionPhase</method>
      <line>298</line>
    </frame>
    <frame>
      <class>com.kms.katalon.core.main.TestCaseExecutor</class>
      <method>accessMainPhase</method>
      <line>290</line>
    </frame>
    <frame>
      <class>com.kms.katalon.core.main.TestCaseExecutor</class>
      <method>execute</method>
      <line>224</line>
    </frame>
    <frame>
      <class>com.kms.katalon.core.main.TestSuiteExecutor</class>
      <method>accessTestCaseMainPhase</method>
      <line>129</line>
    </frame>
    <frame>
      <class>com.kms.katalon.core.main.TestSuiteExecutor</class>
      <method>accessTestSuiteMainPhase</method>
      <line>112</line>
    </frame>
    <frame>
      <class>com.kms.katalon.core.main.TestSuiteExecutor</class>
      <method>execute</method>
      <line>81</line>
    </frame>
    <frame>
      <class>com.kms.katalon.core.main.TestCaseMain</class>
      <method>startTestSuite</method>
      <line>149</line>
    </frame>
    <frame>
      <class>com.kms.katalon.core.main.TestCaseMain$startTestSuite$0</class>
      <method>call</method>
    </frame>
    <frame>
      <class>TempTestSuite1546760004969</class>
      <method>run</method>
      <line>36</line>
    </frame>
  </exception>
  <nestedLevel>0</nestedLevel>
</record>
<record>
  <date>2019-01-06T09:33:51</date>
  <millis>1546760031585</millis>
  <sequence>256</sequence>
  <level>END</level>
  <class>com.kms.katalon.core.logging.XmlKeywordLogger</class>
  <method>endKeyword</method>
  <thread>1</thread>
  <message>End action : println(\&amp;quot;Text present in : \&amp;quot; + get(row).getText())</message>
  <nestedLevel>4</nestedLevel>
</record>
<record>
  <date>2019-01-06T09:33:51</date>
  <millis>1546760031585</millis>
  <sequence>257</sequence>
  <level>END</level>
  <class>com.kms.katalon.core.logging.XmlKeywordLogger</class>
  <method>endKeyword</method>
  <thread>1</thread>
  <message>End action : if (celltext == ExpectedValue)</message>
  <nestedLevel>3</nestedLevel>
</record>
<record>
  <date>2019-01-06T09:33:51</date>
  <millis>1546760031586</millis>
  <sequence>258</sequence>
  <level>END</level>
  <class>com.kms.katalon.core.logging.XmlKeywordLogger</class>
  <method>endKeyword</method>
  <thread>1</thread>
  <message>End action : for ([column = 0, column &amp;lt; columns_count, (column++)])</message>
  <nestedLevel>2</nestedLevel>
</record>
<record>
  <date>2019-01-06T09:33:51</date>
  <millis>1546760031586</millis>
  <sequence>259</sequence>
  <level>END</level>
  <class>com.kms.katalon.core.logging.XmlKeywordLogger</class>
  <method>endKeyword</method>
  <thread>1</thread>
  <message>End action : for ([row = 0, row &amp;lt; rows_count, (row++)])</message>
  <nestedLevel>1</nestedLevel>
</record>
<record>
  <date>2019-01-06T09:33:51</date>
  <millis>1546760031587</millis>
  <sequence>261</sequence>
  <logger>com.kms.katalon.core.logging.XmlKeywordLogger</logger>
  <level>ERROR</level>
  <class>com.kms.katalon.core.logging.XmlKeywordLogger</class>
  <method>logMessage</method>
  <thread>1</thread>
  <message>Test Cases/Orange_Website/JobTitles_Screen FAILED.\nReason:\njava.lang.IndexOutOfBoundsException: Index: 7, Size: 3\r\n\tat java_util_List$get$1.call(Unknown Source)\r\n\tat JobTitles_Screen.run(JobTitles_Screen:80)\r\n\tat com.kms.katalon.core.main.ScriptEngine.run(ScriptEngine.java:194)\r\n\tat com.kms.katalon.core.main.ScriptEngine.runScriptAsRawText(ScriptEngine.java:119)\r\n\tat com.kms.katalon.core.main.TestCaseExecutor.runScript(TestCaseExecutor.java:328)\r\n\tat com.kms.katalon.core.main.TestCaseExecutor.doExecute(TestCaseExecutor.java:319)\r\n\tat com.kms.katalon.core.main.TestCaseExecutor.processExecutionPhase(TestCaseExecutor.java:298)\r\n\tat com.kms.katalon.core.main.TestCaseExecutor.accessMainPhase(TestCaseExecutor.java:290)\r\n\tat com.kms.katalon.core.main.TestCaseExecutor.execute(TestCaseExecutor.java:224)\r\n\tat com.kms.katalon.core.main.TestSuiteExecutor.accessTestCaseMainPhase(TestSuiteExecutor.java:129)\r\n\tat com.kms.katalon.core.main.TestSuiteExecutor.accessTestSuiteMainPhase(TestSuiteExecutor.java:112)\r\n\tat com.kms.katalon.core.main.TestSuiteExecutor.execute(TestSuiteExecutor.java:81)\r\n\tat com.kms.katalon.core.main.TestCaseMain.startTestSuite(TestCaseMain.java:149)\r\n\tat com.kms.katalon.core.main.TestCaseMain$startTestSuite$0.call(Unknown Source)\r\n\tat TempTestSuite1546760004969.run(TempTestSuite1546760004969.groovy:36)\r\n</message>
  <exception>
    <message>java.lang.IndexOutOfBoundsException: Index: 7, Size: 3</message>
    <frame>
      <class>java_util_List$get$1</class>
      <method>call</method>
    </frame>
    <frame>
      <class>JobTitles_Screen</class>
      <method>run</method>
      <line>80</line>
    </frame>
    <frame>
      <class>com.kms.katalon.core.main.ScriptEngine</class>
      <method>run</method>
      <line>194</line>
    </frame>
    <frame>
      <class>com.kms.katalon.core.main.ScriptEngine</class>
      <method>runScriptAsRawText</method>
      <line>119</line>
    </frame>
    <frame>
      <class>com.kms.katalon.core.main.TestCaseExecutor</class>
      <method>runScript</method>
      <line>328</line>
    </frame>
    <frame>
      <class>com.kms.katalon.core.main.TestCaseExecutor</class>
      <method>doExecute</method>
      <line>319</line>
    </frame>
    <frame>
      <class>com.kms.katalon.core.main.TestCaseExecutor</class>
      <method>processExecutionPhase</method>
      <line>298</line>
    </frame>
    <frame>
      <class>com.kms.katalon.core.main.TestCaseExecutor</class>
      <method>accessMainPhase</method>
      <line>290</line>
    </frame>
    <frame>
      <class>com.kms.katalon.core.main.TestCaseExecutor</class>
      <method>execute</method>
      <line>224</line>
    </frame>
    <frame>
      <class>com.kms.katalon.core.main.TestSuiteExecutor</class>
      <method>accessTestCaseMainPhase</method>
      <line>129</line>
    </frame>
    <frame>
      <class>com.kms.katalon.core.main.TestSuiteExecutor</class>
      <method>accessTestSuiteMainPhase</method>
      <line>112</line>
    </frame>
    <frame>
      <class>com.kms.katalon.core.main.TestSuiteExecutor</class>
      <method>execute</method>
      <line>81</line>
    </frame>
    <frame>
      <class>com.kms.katalon.core.main.TestCaseMain</class>
      <method>startTestSuite</method>
      <line>149</line>
    </frame>
    <frame>
      <class>com.kms.katalon.core.main.TestCaseMain$startTestSuite$0</class>
      <method>call</method>
    </frame>
    <frame>
      <class>TempTestSuite1546760004969</class>
      <method>run</method>
      <line>36</line>
    </frame>
  </exception>
  <nestedLevel>0</nestedLevel>
</record>
<record>
  <date>2019-01-06T09:33:51</date>
  <millis>1546760031588</millis>
  <sequence>262</sequence>
  <level>END</level>
  <class>com.kms.katalon.core.logging.XmlKeywordLogger</class>
  <method>endTest</method>
  <thread>1</thread>
  <message>End Test Case : Test Cases/Orange_Website/JobTitles_Screen</message>
  <nestedLevel>0</nestedLevel>
</record>
<record>
  <date>2019-01-06T09:33:52</date>
  <millis>1546760032287</millis>
  <sequence>263</sequence>
  <level>END</level>
  <class>com.kms.katalon.core.logging.XmlKeywordLogger</class>
  <method>endSuite</method>
  <thread>1</thread>
  <message>End Test Suite : Test Suites/TS_Orange_JobTitles</message>
  <nestedLevel>0</nestedLevel>
</record>
</log>
